number,value,datetime_start,datetime_complete,duration,params_class_weight,params_colsample_bytree,params_learning_rate,params_max_depth,params_min_child_samples,params_min_split_gain,params_n_estimators,params_num_leaves,params_reg_alpha,params_reg_lambda,params_subsample,user_attrs_mean_best_iteration,state
0,0.8533198576313751,2025-09-10 11:49:31.634814,2025-09-10 11:49:35.886223,0 days 00:00:04.251409,balanced,0.6449334732160653,0.15929174263207457,4,86,4.920737368705296,2387,54,1.0927886182460592e-07,3.0675579885957636e-08,0.7548765101379608,34.4,COMPLETE
1,0.8035766494493715,2025-09-10 11:49:31.636091,2025-09-10 11:50:06.397951,0 days 00:00:34.761860,balanced,0.6324896018244938,0.0011195101538129908,-1,173,3.9075604062791554,1585,82,7.146652520683245e-08,9.281257956442075e-05,0.9755142059902676,,PRUNED
2,0.8539461600051528,2025-09-10 11:49:31.665192,2025-09-10 11:49:36.591797,0 days 00:00:04.926605,balanced,0.7731295927462293,0.17002620903673965,12,194,2.3349100995398624,1747,189,3.254624044836775e-08,0.02966972245828817,0.8685068930080888,46.0,COMPLETE
3,0.8587716217279319,2025-09-10 11:49:31.675044,2025-09-10 11:50:04.584050,0 days 00:00:32.909006,balanced,0.7198625643752309,0.003085262084794091,-1,20,4.007513420085383,847,39,2.850655393317428e-08,1.9319943769557416e-08,0.9856980652264485,443.8,COMPLETE
4,0.86348803532692,2025-09-10 11:49:31.690299,2025-09-10 11:49:41.191426,0 days 00:00:09.501127,balanced,0.7921310344379895,0.06401089911746513,4,135,0.31140252851197314,2576,88,3.8842149405902675,0.0699548276609689,0.989670042293518,231.4,COMPLETE
5,0.8581100076244047,2025-09-10 11:49:35.996060,2025-09-10 11:49:49.090258,0 days 00:00:13.094198,,0.6648010129493845,0.016510713021079693,10,38,4.107988999926354,1696,119,9.815187670762208e-08,3.111671238745975e-05,0.7758052824207611,205.6,COMPLETE
6,0.8538658724642735,2025-09-10 11:49:36.776555,2025-09-10 11:49:54.592917,0 days 00:00:17.816362,,0.6110551498989355,0.010910953724814546,8,52,4.599814499767161,557,97,6.232261128056316e-06,0.00020801628467157773,0.6747295553599315,315.6,COMPLETE
7,0.8590982974877779,2025-09-10 11:49:41.378604,2025-09-10 11:49:55.178927,0 days 00:00:13.800323,balanced,0.8752628642320845,0.01943005380739095,6,37,4.030653351794205,2292,82,1.47143171377958e-07,0.5910540806068654,0.7304850112974818,187.0,COMPLETE
8,0.883101062274632,2025-09-10 11:49:49.283678,2025-09-10 11:51:46.898315,0 days 00:01:57.614637,balanced,0.9313825086526829,0.004450199211399246,6,117,0.13225802811519694,2712,194,0.00039012348003900966,0.38494665791988747,0.9031751974886763,,PRUNED
9,0.8853750446675113,2025-09-10 11:49:54.781036,2025-09-10 11:50:47.175229,0 days 00:00:52.394193,,0.930771188907896,0.0045684658902243585,12,105,0.34562096673954934,916,231,3.0307464002408265e-06,0.0002857291565485165,0.8605643683335693,,PRUNED
10,0.8509117551286227,2025-09-10 11:49:55.285431,2025-09-10 11:49:56.896642,0 days 00:00:01.611211,balanced,0.9586732437211725,0.12232850181613723,8,66,3.787316375081955,1431,49,0.05560543450688424,0.00033479420251509326,0.6441769269855686,,PRUNED
11,0.8493161836535331,2025-09-10 11:49:57.083018,2025-09-10 11:49:58.978006,0 days 00:00:01.894988,,0.9430186479473971,0.06979865973545325,14,110,4.645951749202096,2351,97,0.012896447518842257,7.31266722944874e-07,0.6984647352399436,,PRUNED
12,0.8645193775785335,2025-09-10 11:49:59.094185,2025-09-10 11:50:03.392832,0 days 00:00:04.298647,,0.8886918945039479,0.05983435748461835,10,171,2.8061721959120627,759,200,0.00010348707048582363,0.03459591075648236,0.8445093446190998,,PRUNED
13,0.8327906219472483,2025-09-10 11:50:03.588630,2025-09-10 11:50:16.480977,0 days 00:00:12.892347,,0.837643255237591,0.003446574784434081,6,160,0.6388371534760545,1354,83,7.233075204525702,2.0992233091204765e-07,0.69396294996429,,PRUNED
14,0.821719309671117,2025-09-10 11:50:04.779411,2025-09-10 11:50:32.677162,0 days 00:00:27.897751,balanced,0.8217836010235343,0.0011415946066694177,4,133,0.19223440946114323,2894,250,8.59671316893376,7.829716649401046,0.9831759647139909,,PRUNED
15,0.86727276871018,2025-09-10 11:50:06.593448,2025-09-10 11:50:57.874479,0 days 00:00:51.281031,balanced,0.8454852507733983,0.027817419734124757,6,119,0.0008838754644619473,2958,156,2.837866620231658,5.802921930739439,0.8947349861995594,698.8,COMPLETE
16,0.8854237728616444,2025-09-10 11:50:16.677304,2025-09-10 11:50:42.600932,0 days 00:00:25.923628,balanced,0.824411065158207,0.023794243174464196,6,117,0.5403664773148064,2953,152,4.126997416965525,4.370203407469331,0.9150740636402025,,PRUNED
17,0.8884286781665205,2025-09-10 11:50:32.895362,2025-09-10 11:51:11.385370,0 days 00:00:38.490008,balanced,0.8854821169120203,0.027020046257806168,16,125,1.4052658767726518,2372,154,0.041172418618423696,4.259481087550306,0.9036774988224731,,PRUNED
18,0.8702434088863111,2025-09-10 11:50:42.876679,2025-09-10 11:51:16.978377,0 days 00:00:34.101698,balanced,0.8864718738774146,0.03202479584857869,16,5,1.4841197541582174,2353,16,5.750210649543204e-06,0.15987071137314016,0.6029285690382498,204.6,COMPLETE
19,0.8664685053438586,2025-09-10 11:50:47.389954,2025-09-10 11:50:59.178034,0 days 00:00:11.788080,balanced,0.7352198188872603,0.03782010158227356,16,5,1.5487156247083949,2304,146,0.003866416632967844,0.19637360502832016,0.7501104467253306,,PRUNED
20,0.8885911054802977,2025-09-10 11:50:58.080823,2025-09-10 11:51:21.581380,0 days 00:00:23.500557,balanced,0.7564942175050253,0.038982808060983434,16,139,1.2136945643129609,2649,157,0.2642294368216404,0.05763094737686757,0.9247299113397011,,PRUNED
21,0.8865445213267064,2025-09-10 11:50:59.399350,2025-09-10 11:51:25.493594,0 days 00:00:26.094244,balanced,0.7702368833699018,0.04256277164357941,4,140,1.2768196145401778,2649,172,0.2619931595043376,0.003958723798286203,0.9233941002449724,,PRUNED
22,0.8704967027255304,2025-09-10 11:51:11.502289,2025-09-10 11:51:49.418187,0 days 00:00:37.915898,balanced,0.783147803300373,0.010735914021576982,4,154,1.1204807703003534,2685,18,0.4663383550382693,0.004289813409079322,0.9380677764940177,,PRUNED
23,0.8704189228381191,2025-09-10 11:51:17.290755,2025-09-10 11:52:38.388705,0 days 00:01:21.097950,balanced,0.9946762687693134,0.010561052655882877,16,83,1.2989043577208328,2002,21,0.00025815494133969073,0.0043820372658486435,0.6059776404203481,614.8,COMPLETE
24,0.8866257349835948,2025-09-10 11:51:21.975260,2025-09-10 11:52:06.181090,0 days 00:00:44.205830,balanced,0.9780622957913353,0.009838432232518023,14,85,2.1114469682189467,2025,17,0.00031964696521617915,0.004018880005826508,0.6027201285442333,,PRUNED
25,0.8722859919648671,2025-09-10 11:51:25.787350,2025-09-10 11:51:52.378078,0 days 00:00:26.590728,balanced,0.8604064673793641,0.09152775168710443,14,99,0.006498443555432554,2015,15,0.00017708951642318862,0.6811021293356836,0.6218131803483359,124.4,COMPLETE
26,0.8896793684826041,2025-09-10 11:51:47.277731,2025-09-10 11:52:49.286638,0 days 00:01:02.008907,balanced,0.9949060865975528,0.011843848709343942,14,154,0.9084253426679352,1983,19,0.7672899447369822,0.003735944240091964,0.8254598519954759,,PRUNED
27,0.8648746112441611,2025-09-10 11:51:49.582296,2025-09-10 11:52:01.478237,0 days 00:00:11.895941,balanced,0.9840468212040094,0.08790190895242447,14,93,2.02516321665289,2038,125,5.188419838656768e-06,0.841080018356487,0.6067615723037207,67.0,COMPLETE
28,0.8642148192249582,2025-09-10 11:51:52.588661,2025-09-10 11:52:03.784187,0 days 00:00:11.195526,balanced,0.9999904273862109,0.10163800848860029,14,85,1.9585061893628408,1979,24,3.215403715956492e-05,0.5143323271082091,0.6051437498237303,56.2,COMPLETE
29,0.8890296592274957,2025-09-10 11:52:01.782761,2025-09-10 11:52:13.599338,0 days 00:00:11.816577,balanced,0.8568391894989386,0.09862622477107465,14,64,0.7992951193236799,2029,17,8.05208072157316e-05,0.0041016977382341896,0.6068954162772957,,PRUNED
30,0.8725454247208744,2025-09-10 11:52:04.189725,2025-09-10 11:53:53.303639,0 days 00:01:49.113914,balanced,0.8521501530913129,0.007390117121913826,14,61,0.8397980314430609,2063,57,0.0008194478912973878,0.006119319688162099,0.822221405493071,930.4,COMPLETE
31,0.8858948120715979,2025-09-10 11:52:06.477367,2025-09-10 11:52:19.885046,0 days 00:00:13.407679,balanced,0.8534696773966914,0.04471992928635881,16,68,2.7640427006550983,2132,62,0.0016885811120639885,1.8267615169909468,0.6456874976212185,,PRUNED
32,0.871178897443394,2025-09-10 11:52:13.807021,2025-09-10 11:52:20.303274,0 days 00:00:06.496253,balanced,0.9060976642704148,0.04447971695603051,16,68,3.012902010410098,2960,64,0.0014125228405987135,1.8288454088436845,0.8067419442338847,,PRUNED
33,0.8906864178280219,2025-09-10 11:52:20.179649,2025-09-10 11:52:39.886258,0 days 00:00:19.706609,balanced,0.9042220661737043,0.19120616594650544,6,97,0.8778943850045997,2894,52,4.931423436234072e-07,9.959114070146772,0.6370582436289334,,PRUNED
34,0.8662565814399814,2025-09-10 11:52:20.779535,2025-09-10 11:52:48.779003,0 days 00:00:27.999468,balanced,0.8081412586684752,0.19640226005085937,6,13,0.007356528973931606,1159,39,6.208071108126195e-07,9.122056379860194,0.8156259528386642,62.0,COMPLETE
35,0.8720395872440051,2025-09-10 11:52:38.689883,2025-09-10 11:53:52.380812,0 days 00:01:13.690929,balanced,0.9018552107463755,0.013040295844028705,16,96,0.7707067317377841,1847,40,8.358440051722201e-07,0.14681359207703507,0.6452931748116026,706.6,COMPLETE
36,0.8686379347928224,2025-09-10 11:52:40.181849,2025-09-10 11:54:07.687872,0 days 00:01:27.506023,balanced,0.8105535513984244,0.006206297554059017,-1,81,1.7182744776141978,1826,37,2.0830116179488836e-05,0.12146885077562655,0.6688167550075218,858.4,COMPLETE
37,0.8693335882876229,2025-09-10 11:52:49.102166,2025-09-10 11:54:04.294963,0 days 00:01:15.192797,balanced,0.9115272475393651,0.007751291805140574,16,34,1.6604735946097047,1827,34,2.6395819819288225e-05,0.14101952583524907,0.6592732475508419,563.2,COMPLETE
38,0.869404935714908,2025-09-10 11:52:49.688415,2025-09-10 11:54:05.601158,0 days 00:01:15.912743,balanced,0.8579431095635977,0.007237758418283405,-1,31,1.6342676213388025,1757,37,2.4761292125753474e-05,0.17450464544088526,0.6654860269597888,558.4,COMPLETE
39,0.8716824221161029,2025-09-10 11:53:52.775078,2025-09-10 11:54:45.398501,0 days 00:00:52.623423,balanced,0.9554401425396829,0.007452775122656079,16,198,0.5327927239749006,1750,41,1.2271872824436806e-06,0.019277874469094642,0.6698346368300835,,PRUNED
40,0.8741809630470403,2025-09-10 11:53:53.682264,2025-09-10 11:56:22.958472,0 days 00:02:29.276208,balanced,0.9136852921802574,0.006066854177725568,-1,79,0.45706887607860625,1830,36,1.1022474458330267e-08,0.01284603796762288,0.673462193373506,1293.8,COMPLETE
41,0.8744124064722001,2025-09-10 11:54:04.875798,2025-09-10 11:56:20.581818,0 days 00:02:15.706020,balanced,0.963539168394204,0.006623350168362694,-1,76,0.5963205973301868,1562,66,1.1127198934693424e-08,0.01593681889743494,0.7180926544516715,1105.2,COMPLETE
42,0.8748587753479831,2025-09-10 11:54:05.997192,2025-09-10 11:55:10.986989,0 days 00:01:04.989797,,0.6890500612727797,0.015444192851905748,12,79,0.5104759923585562,1613,68,0.0008680296112986085,0.0012350948883332986,0.7752190850753059,527.8,COMPLETE
43,0.8725154659522362,2025-09-10 11:54:07.975431,2025-09-10 11:55:18.096965,0 days 00:01:10.121534,,0.967922892850529,0.014678591917555418,12,52,0.4273660528327813,1571,68,0.005137236389229831,0.012896267562813453,0.7815791255587965,425.4,COMPLETE
44,0.8750848517431076,2025-09-10 11:54:45.701739,2025-09-10 11:55:38.380230,0 days 00:00:52.678491,,0.6866288391201669,0.015783370539523844,12,46,1.067652671105455,1556,72,0.0060036136973092204,0.0010351289627458606,0.7881672478308036,314.8,COMPLETE
45,0.8768880788432654,2025-09-10 11:55:11.479121,2025-09-10 11:56:12.682435,0 days 00:01:01.203314,,0.6847743012055284,0.018492247449895236,12,51,0.39118811418979516,1472,65,0.000856964257649822,0.012733291350907673,0.7820465626422176,362.0,COMPLETE
46,0.8772088214311136,2025-09-10 11:55:18.474518,2025-09-10 11:56:29.592161,0 days 00:01:11.117643,,0.7035794447558454,0.015334123798649403,12,48,0.41095119300785915,1545,70,1.3182150216541394e-08,0.0010307999107724776,0.7793462151160465,417.6,COMPLETE
47,0.8757174958165843,2025-09-10 11:55:38.995992,2025-09-10 11:56:37.774964,0 days 00:00:58.778972,,0.6616405179124973,0.017661107349873865,12,48,0.41098576506511864,1595,70,0.0032549516218498254,0.0009331413052214153,0.7676396022962072,356.2,COMPLETE
48,0.8752330264964489,2025-09-10 11:56:13.088557,2025-09-10 11:57:03.976947,0 days 00:00:50.888390,,0.6789446506605888,0.019649767897818363,12,45,0.38600685714632466,1536,71,0.008931872479925534,0.0010802830671013666,0.7825102767238991,287.0,COMPLETE
49,0.8727329604095297,2025-09-10 11:56:20.877681,2025-09-10 11:57:07.687128,0 days 00:00:46.809447,,0.6820645656633837,0.01901573851120489,12,46,0.9956881073588205,1261,100,0.001467322967495868,3.161256445055138e-05,0.728819610710909,293.2,COMPLETE
50,0.8774094726361173,2025-09-10 11:56:23.289261,2025-09-10 11:57:36.384342,0 days 00:01:13.095081,,0.6877928530699498,0.01826303912577507,12,49,0.25992721253350326,1303,111,1.4016029084997024e-08,7.511551993493404e-05,0.7207846548102882,381.2,COMPLETE
51,0.8763805053881176,2025-09-10 11:56:30.002312,2025-09-10 11:57:59.474187,0 days 00:01:29.471875,,0.674687493794375,0.018474509297378164,12,47,0.2623553354673903,1257,107,2.7206115130572335e-08,0.0009621499468559055,0.7349314825024604,345.8,COMPLETE
52,0.8763810608461604,2025-09-10 11:56:38.181898,2025-09-10 11:57:45.699821,0 days 00:01:07.517923,,0.6750449343119619,0.021028207318220495,12,46,0.26694322508058843,1241,105,0.01816120328584538,0.0008179069558637608,0.7786493233491827,304.0,COMPLETE
53,0.8757171463148945,2025-09-10 11:57:04.201940,2025-09-10 11:58:13.285221,0 days 00:01:09.083281,,0.6458907105721527,0.019707842577868354,12,52,0.2488665821575975,1208,104,0.009742876368178744,8.312763319717578e-05,0.7543740655627881,330.6,COMPLETE
54,0.8815417600623721,2025-09-10 11:57:07.999811,2025-09-10 11:57:43.697104,0 days 00:00:35.697293,,0.6363638388107986,0.019408223341463877,12,24,0.2749772913207671,1423,107,0.017084397676781434,0.0008245999074558686,0.7587416900340263,,PRUNED
55,0.875678888785188,2025-09-10 11:57:36.792260,2025-09-10 11:58:47.403692,0 days 00:01:10.611432,,0.6365166779642164,0.018712833530637754,12,26,0.285895115330402,1080,113,0.023652540577277906,0.0006184545749961088,0.7600432448477563,278.0,COMPLETE
56,0.877603785103301,2025-09-10 11:57:44.100475,2025-09-10 11:58:46.095924,0 days 00:01:01.995449,,0.6570237450319024,0.02262350916950461,12,46,0.3284470690015713,1140,77,4.339078699222726e-08,6.805417622555345e-05,0.7900459428810824,289.2,COMPLETE
57,0.8779885661537676,2025-09-10 11:57:45.997633,2025-09-10 11:58:47.086150,0 days 00:01:01.088517,,0.6581988326552967,0.02353592963051209,12,54,0.2512850294469527,1164,113,4.3761120207596244e-08,4.899696409897925e-05,0.752520796468519,306.6,COMPLETE
58,0.8776700588323262,2025-09-10 11:57:59.880703,2025-09-10 11:59:04.000676,0 days 00:01:04.119973,,0.6098973002958505,0.0221848640354229,12,56,0.17161059583936172,1054,116,4.293468135038752e-08,0.00010364992042500094,0.7495967577902206,331.0,COMPLETE
59,0.8564148485835232,2025-09-10 11:58:13.774456,2025-09-10 11:58:20.395741,0 days 00:00:06.621285,,0.718068136443689,0.02664976174422941,12,23,3.552989020892885,1326,91,5.390959557189507e-08,8.913137964523069e-06,0.7027475651136844,,PRUNED
60,0.8749401242992605,2025-09-10 11:58:20.683121,2025-09-10 11:59:07.576997,0 days 00:00:46.893876,,0.6528126029821085,0.030859971636174707,12,59,0.19858133619374013,1060,114,2.3952803783121717e-08,0.00013543693259054603,0.7443264931733432,228.6,COMPLETE
61,0.875877195874742,2025-09-10 11:58:46.594800,2025-09-10 12:00:03.085551,0 days 00:01:16.490751,,0.6040752987961,0.023326918741735696,8,58,0.21309440484203857,1059,116,1.862660342230564e-07,7.629448938155281e-06,0.8534780725612069,323.0,COMPLETE
62,0.8976870350518142,2025-09-10 11:58:47.605432,2025-09-10 11:59:28.294664,0 days 00:00:40.689232,,0.6089979035157496,0.03196228343381278,8,55,0.6952510754448193,876,130,1.6389047368687904e-07,6.021731628495081e-06,0.8504610523394222,,PRUNED
63,0.8796738459539356,2025-09-10 11:58:47.687941,2025-09-10 11:59:07.879598,0 days 00:00:20.191657,,0.6009013486416432,0.026168537936428655,8,58,0.700091783005392,1001,124,9.708451881591931e-08,2.7128884417574874e-06,0.7982013032298251,,PRUNED
64,0.8692608270921525,2025-09-10 11:59:04.585112,2025-09-10 11:59:11.881209,0 days 00:00:07.296097,,0.6010157958758403,0.05567319282133878,8,59,0.1000457604781971,1033,136,1.8263635391043284e-07,4.345265421034635e-06,0.8383007355398906,,PRUNED
65,0.8751611983985587,2025-09-10 11:59:08.179808,2025-09-10 12:00:12.175108,0 days 00:01:03.995300,,0.7022372319089861,0.02355072183577202,10,39,0.09172098605911372,761,137,2.220814975755315e-07,5.802829250913382e-05,0.8414561770778753,249.0,COMPLETE
66,0.8823051684371245,2025-09-10 11:59:08.288859,2025-09-10 11:59:32.081680,0 days 00:00:23.792821,,0.6181341304962087,0.034920440332628845,10,39,0.08881442625063649,725,81,1.8996022626935421e-07,5.195916435458469e-05,0.8508938421689007,,PRUNED
67,0.8818828574213039,2025-09-10 11:59:12.192425,2025-09-10 11:59:43.194317,0 days 00:00:31.001892,,0.7052811697855985,0.024032023752283745,10,39,0.6623384964384711,723,83,2.064927670156487e-07,4.786638951706916e-05,0.7201142834491687,,PRUNED
68,0.8760475839780681,2025-09-10 11:59:28.496099,2025-09-10 12:00:30.886391,0 days 00:01:02.390292,,0.7070354668905275,0.02291445284315161,10,35,0.06698610593887261,714,81,4.943174156998632e-08,3.712758174785987e-05,0.708989631090729,259.0,COMPLETE
69,0.879657603222558,2025-09-10 11:59:32.284019,2025-09-10 12:00:01.575889,0 days 00:00:29.291870,,0.7141333345508387,0.022917643501627196,12,16,0.6206408225056309,1438,90,4.733533716394358e-08,1.7303631182040912e-05,0.7090935421681118,,PRUNED
70,0.8636763269293392,2025-09-10 11:59:43.601641,2025-09-10 12:00:00.985837,0 days 00:00:17.384196,,0.7019850789520075,0.00943731656984345,12,70,0.36253696602119323,435,91,5.034015460939566e-08,0.0002949139571289569,0.7957558333696751,,PRUNED
71,0.8697492673396289,2025-09-10 12:00:01.412342,2025-09-10 12:00:22.284481,0 days 00:00:20.872139,,0.7441894137187516,0.012324168845148266,12,13,0.11850638208487613,1405,96,2.003936684468704e-08,1.3825827625541954e-05,0.7093913430595633,,PRUNED
72,0.8755468812353169,2025-09-10 12:00:01.888830,2025-09-10 12:01:03.901749,0 days 00:01:02.012919,,0.7386812689985434,0.02214904253672781,12,31,0.20084010579781753,945,78,2.1152451295134494e-08,0.00014957099691150928,0.740584883628091,241.2,COMPLETE
73,0.8322451970042332,2025-09-10 12:00:03.292497,2025-09-10 12:00:10.781594,0 days 00:00:07.489097,,0.7356168877702699,0.002026423529116902,12,31,4.288220719409494,1371,139,1.9011191936622287e-08,0.00015335169041293697,0.7364340692673315,,PRUNED
74,0.868446760013025,2025-09-10 12:00:11.092158,2025-09-10 12:00:26.476672,0 days 00:00:15.384514,,0.623075182832338,0.012805244208946371,12,73,1.1080048234092312,957,80,0.0956358087105245,1.665312492098202e-06,0.8757769750243551,,PRUNED
75,0.8704168023445132,2025-09-10 12:00:12.580685,2025-09-10 12:00:32.077371,0 days 00:00:19.496686,,0.6684011468146225,0.01284080093225148,12,72,0.2895885142431619,1163,79,2.9049960924231576e-08,0.0020803773717893537,0.7688350012384471,,PRUNED
76,0.8759499822461816,2025-09-10 12:00:22.593712,2025-09-10 12:01:43.874859,0 days 00:01:21.281147,,0.6237417112555163,0.015729846479667294,12,42,0.30681125025508277,1143,109,3.225947334712279e-08,0.0005327964456263317,0.6883337742769373,386.4,COMPLETE
77,0.8775684309552165,2025-09-10 12:00:26.803718,2025-09-10 12:01:45.808213,0 days 00:01:19.004495,,0.6707182232782799,0.015249588622186097,12,43,0.32642563533323715,1150,106,3.36295013552376e-08,0.0018713856906784243,0.6930605350078518,394.2,COMPLETE
78,0.8755270100967169,2025-09-10 12:00:31.387070,2025-09-10 12:01:48.799956,0 days 00:01:17.412886,,0.6613004768379271,0.015615021451076416,12,44,0.3002376468703716,1150,108,9.856250675902858e-08,0.0020207934485528952,0.6881328071015552,397.8,COMPLETE
79,0.8813955754799726,2025-09-10 12:00:32.479203,2025-09-10 12:01:09.394626,0 days 00:00:36.915423,,0.6640268837991877,0.009239329351321405,12,44,0.953805412828617,1290,110,7.92063804052981e-08,0.00048502970535439674,0.7390488097892381,,PRUNED
80,0.8695538912406382,2025-09-10 12:01:04.203715,2025-09-10 12:01:19.989103,0 days 00:00:15.785388,,0.6695615794927341,0.01562756177284274,4,51,0.9478297168713354,1287,108,1.0445472660244076e-08,0.0004364216606554513,0.6860978993389967,,PRUNED
81,0.8448225333767503,2025-09-10 12:01:09.883122,2025-09-10 12:01:19.179861,0 days 00:00:09.296739,,0.6511333219988737,0.015962701702078665,4,64,4.979476254666226,1479,126,3.3523008018771483e-07,0.00033754277248701525,0.6849465100169407,,PRUNED
82,0.8825975376019232,2025-09-10 12:01:19.776986,2025-09-10 12:01:37.796113,0 days 00:00:18.019127,,0.674924030144958,0.03735876258671033,12,51,0.5362794652555185,1190,102,1.001864553310423e-08,0.002318411600336102,0.8105216918132134,,PRUNED
83,0.8829711204236104,2025-09-10 12:01:20.492703,2025-09-10 12:01:39.788176,0 days 00:00:19.295473,,0.6936327230155688,0.03127050277382393,12,41,0.5412475170712392,1162,47,1.0136353737779642e-07,0.0018349561728138197,0.7912672132785751,,PRUNED
84,0.8750785052832459,2025-09-10 12:01:38.396060,2025-09-10 12:02:12.876077,0 days 00:00:34.480017,,0.6295948457036369,0.05105214747781833,12,44,0.4244844806970779,1682,120,1.1508675915880369e-07,8.361426237954267e-05,0.7914961379313548,122.0,COMPLETE
