number,value,datetime_start,datetime_complete,duration,params_class_weight,params_colsample_bytree,params_learning_rate,params_max_depth,params_min_child_samples,params_min_split_gain,params_n_estimators,params_num_leaves,params_reg_alpha,params_reg_lambda,params_subsample,user_attrs_mean_best_iteration,state
257,0.8754881595346905,2025-09-09 16:02:55.234100,2025-09-09 16:03:04.690157,0 days 00:00:09.456057,balanced,0.6225425924894848,0.023002516457295355,10,57,0.260822979495454,1529,243,0.6461647895282367,0.00018861830400978516,0.9645537943971721,,PRUNED
258,0.8719806763285023,2025-09-09 16:03:01.337828,2025-09-09 16:03:27.263069,0 days 00:00:25.925241,balanced,0.622643566567385,0.02434319798283335,10,57,0.3860869802071921,1568,246,0.5097927684483403,0.0003322917079042998,0.9880727376069207,,PRUNED
259,0.8737951807228916,2025-09-09 16:03:04.758811,2025-09-09 16:03:18.210833,0 days 00:00:13.452022,balanced,0.6301045930173977,0.015677719913499855,10,66,0.3669083915221514,1724,247,0.24146341278995986,0.0023306124908670043,0.7564127879193723,,PRUNED
260,0.8718529289572081,2025-09-09 16:03:18.290135,2025-09-09 16:03:33.672853,0 days 00:00:15.382718,balanced,0.6421516712818472,0.011630512249914958,-1,39,0.0947806997250886,1595,238,0.43488405825343,0.0003632528470752657,0.7356673207271102,,PRUNED
261,0.8751038637307851,2025-09-09 16:03:23.755066,2025-09-09 16:03:39.274732,0 days 00:00:15.519666,balanced,0.6209007481939764,0.012989809768255351,-1,40,0.4014908095995714,1386,239,0.4358399239104817,0.0003294923657552387,0.7180020593287672,,PRUNED
262,0.8746780224345659,2025-09-09 16:03:27.321450,2025-09-09 16:03:43.580426,0 days 00:00:16.258976,balanced,0.6140937374649255,0.012809590691050237,-1,36,0.21039837322722205,1393,238,0.1457782760854199,0.001497325960244498,0.7011517783897798,,PRUNED
263,0.885274912744431,2025-09-09 16:03:33.059168,2025-09-09 16:05:22.869761,0 days 00:01:49.810593,balanced,0.6401630864117372,0.011655409989261215,-1,41,0.24257364448405008,1397,239,0.15927717370287975,0.0015236508427538041,0.9329107481265756,598.2,COMPLETE
264,0.8749792272538429,2025-09-09 16:03:33.795781,2025-09-09 16:03:43.576285,0 days 00:00:09.780504,balanced,0.6078076135142955,0.029953230939397783,-1,47,0.23803492127279674,1637,242,2.523072758085081,0.0014919367327795232,0.6980259017415646,,PRUNED
265,0.854923140839219,2025-09-09 16:03:39.400455,2025-09-09 16:03:44.118540,0 days 00:00:04.718085,balanced,0.6078063760024417,0.028665401426582447,-1,65,3.440590011555126,1659,98,0.1559107006661112,0.0014658324258501768,0.70427903027074,,PRUNED
266,0.8567303697548816,2025-09-09 16:03:44.022265,2025-09-09 16:03:51.352989,0 days 00:00:07.330724,balanced,0.6333227897244885,0.015294641540623205,10,55,3.064248535246624,1869,247,0.08313108223728287,0.0007952954207209193,0.9283666167707164,,PRUNED
267,0.8692874948068133,2025-09-09 16:03:44.057033,2025-09-09 16:03:57.501592,0 days 00:00:13.444559,balanced,0.6319773644717807,0.015121864657752304,10,55,0.09470811837069565,1875,121,1.1052191428038302e-05,2.9190501516903788e-08,0.730850233677005,,PRUNED
268,0.883477844411128,2025-09-09 16:03:44.392229,2025-09-09 16:05:37.474519,0 days 00:01:53.082290,balanced,0.6566149280253695,0.014747081379544882,10,56,0.0865822196755779,1754,229,8.188048377566299e-07,0.0007150658354880703,0.7274600179646727,677.8,COMPLETE
269,0.87556086414624,2025-09-09 16:03:51.476763,2025-09-09 16:04:02.244998,0 days 00:00:10.768235,balanced,0.6258777765205614,0.02187395727986685,10,50,0.09138168714557168,1726,117,6.013818928445314e-06,0.00010330415319221347,0.7248209321563357,,PRUNED
270,0.8717698379725799,2025-09-09 16:03:57.654423,2025-09-09 16:04:08.629872,0 days 00:00:10.975449,balanced,0.6182179620399816,0.021788989310505977,8,74,0.3147376499045559,2410,228,3.856945597612437e-07,0.0005440308385630673,0.7455384292253783,,PRUNED
271,0.873982135438305,2025-09-09 16:04:02.415267,2025-09-09 16:04:12.133594,0 days 00:00:09.718327,balanced,0.617215486581143,0.0204642318126974,-1,58,0.5730836060464162,1762,230,1.4361834624007992,0.0006107842366731582,0.7461059189678907,,PRUNED
272,0.8716867469879518,2025-09-09 16:04:04.747237,2025-09-09 16:04:11.314786,0 days 00:00:06.567549,balanced,0.6170494761387992,0.034889175689409184,10,59,0.5355009857393198,1577,230,1.344571044692198,0.0005173664430931346,0.9746229505650641,,PRUNED
273,0.8743144993768177,2025-09-09 16:04:08.726178,2025-09-09 16:04:17.076245,0 days 00:00:08.350067,balanced,0.6073726759156984,0.024900712890534582,10,57,0.5909899054802493,1550,229,1.573883539859949,0.00106331883232845,0.9694519279427022,,PRUNED
274,0.8738159534690486,2025-09-09 16:04:11.444250,2025-09-09 16:04:20.953218,0 days 00:00:09.508968,balanced,0.6542689837578011,0.0248593852497291,10,45,0.25930825952146985,1509,243,0.2349255863455297,0.0009045102676825022,0.9797796091550993,,PRUNED
275,0.8716244287494807,2025-09-09 16:04:12.306022,2025-09-09 16:04:19.608553,0 days 00:00:07.302531,,0.6077026047088191,0.026298335165881908,10,45,0.2623615490567993,1427,243,0.27751873139298194,0.0008645124816768202,0.9834261832390665,,PRUNED
276,0.8748961362692148,2025-09-09 16:04:17.187479,2025-09-09 16:04:30.000959,0 days 00:00:12.813480,,0.6071791451322333,0.017419176882494666,10,44,0.2597303633718545,1430,245,0.262573431094111,0.0008623580499567679,0.9781949061865354,,PRUNED
277,0.8985611360986174,2025-09-09 16:04:19.699725,2025-09-09 16:05:26.475379,0 days 00:01:06.775654,balanced,0.655297307313033,0.03241143744709936,-1,64,0.35058415654551167,1668,235,0.27259412953667445,0.00024289902595538647,0.7358332212508746,,PRUNED
278,0.8769941836310761,2025-09-09 16:04:21.070090,2025-09-09 16:04:39.611168,0 days 00:00:18.541078,balanced,0.6100255916464192,0.017049776425041137,-1,65,0.44221288380270096,1691,195,0.5298326776786568,7.068186297476607e-06,0.7360480049927511,,PRUNED
279,0.8730577482343165,2025-09-09 16:04:30.282195,2025-09-09 16:05:19.172578,0 days 00:00:48.890383,balanced,0.6238937337893978,0.013489298705384742,-1,147,0.47164123282039205,1681,237,1.0143675288953962,1.8423067415915855e-06,0.7330101032703128,,PRUNED
280,0.8688408807644371,2025-09-09 16:04:39.837667,2025-09-09 16:04:46.983104,0 days 00:00:07.145437,balanced,0.6986732263554295,0.19819055524662263,6,49,0.1740631750193291,1601,235,0.9918330669346863,0.00025763128260812486,0.7640812577979507,,PRUNED
281,0.8732135438304943,2025-09-09 16:04:47.257418,2025-09-09 16:05:10.018582,0 days 00:00:22.761164,balanced,0.6371836821791559,0.013733772159624394,-1,28,0.3697780331278452,1505,250,0.621369830158573,4.289007038254692e-05,0.6900410892538188,,PRUNED
282,0.8805909545227385,2025-09-09 16:05:10.656590,2025-09-09 16:06:15.265418,0 days 00:01:04.608828,balanced,0.6212206208885983,0.033016203829756084,-1,63,0.08034226744581673,1925,235,0.00048401539106136967,1.4879614008893839e-06,0.8789177111604329,,PRUNED
283,0.8374948068134607,2025-09-09 16:05:19.402471,2025-09-09 16:05:27.516619,0 days 00:00:08.114148,balanced,0.6439536334216494,0.03256146416987457,16,53,4.918301100676555,1620,251,0.3208802050326937,7.943068292764569e-07,0.6818916290165072,,PRUNED
284,0.8786544227886057,2025-09-09 16:05:23.230326,2025-09-09 16:06:02.835637,0 days 00:00:39.605311,balanced,0.6450086646625549,0.033021373141771344,16,40,0.08532489725116783,1368,248,0.07018955703815341,0.0027062047604350433,0.9860202756415796,,PRUNED
285,0.8726007478188615,2025-09-09 16:05:27.180838,2025-09-09 16:05:53.192784,0 days 00:00:26.011946,balanced,0.6416709550991854,0.010152659237293462,16,34,0.08496975994865869,1338,248,1.5228362341578183e-06,0.0023832640960452967,0.919065194982243,,PRUNED
286,0.8714167012879103,2025-09-09 16:05:27.816389,2025-09-09 16:06:01.526039,0 days 00:00:33.709650,balanced,0.6396341347034813,0.010344545719690163,10,34,0.08845237550511142,1360,240,0.10560491375877006,0.002044478696785024,0.9218283910997238,,PRUNED
287,0.8705442459493145,2025-09-09 16:05:37.634488,2025-09-09 16:06:21.554593,0 days 00:00:43.920105,balanced,0.6400881196573228,0.010899339491896295,6,33,0.16132937929753483,1455,240,0.033365919352976475,0.0020891310720210156,0.8744926604869597,,PRUNED
288,0.8716348151225591,2025-09-09 16:05:53.709348,2025-09-09 16:06:38.625698,0 days 00:00:44.916350,balanced,0.6299890441093953,0.011206295141983647,6,40,0.20763056875853977,1444,241,0.10266620857605106,0.0016195812770101524,0.9082888041927766,,PRUNED
289,0.8711674283340257,2025-09-09 16:06:01.882873,2025-09-09 16:06:41.532383,0 days 00:00:39.649510,balanced,0.6307750132173194,0.011356580926315692,6,39,0.19937474828018445,1466,242,0.030699510382132457,0.004693961628764545,0.9906477025057309,,PRUNED
290,0.8723618612380557,2025-09-09 16:06:03.312089,2025-09-09 16:06:29.707346,0 days 00:00:26.395257,balanced,0.6270088421712444,0.019192937722128902,6,49,0.19883302681259005,1460,255,0.1474266167358416,0.004094943140795941,0.8959753163995218,,PRUNED
291,0.8732447029497299,2025-09-09 16:06:15.636522,2025-09-09 16:07:05.809949,0 days 00:00:50.173427,balanced,0.6320475943119154,0.0111426101763256,6,48,0.18321612358883718,1991,242,0.44531238173275567,0.0013150999510816049,0.6679512744984194,,PRUNED
292,0.8716244287494807,2025-09-09 16:06:21.901310,2025-09-09 16:07:15.724767,0 days 00:00:53.823457,balanced,0.6292137703782492,0.011727615219515892,4,51,0.20905943078603675,1507,255,0.16757840220927062,0.00131955851553944,0.713366087520911,,PRUNED
293,0.8755193186539258,2025-09-09 16:06:29.963216,2025-09-09 16:07:04.430596,0 days 00:00:34.467380,balanced,0.6304451113632956,0.022806253197294856,4,42,0.20042789800081348,1127,169,0.46586741972200246,0.0012878796452835241,0.958772180031491,,PRUNED
294,0.8587037806398006,2025-09-09 16:06:38.967067,2025-09-09 16:07:15.588092,0 days 00:00:36.621025,balanced,0.613975679134145,0.011889156477480739,4,50,1.9950107296028914,1155,245,2.72444994945153e-06,8.655701845756357e-05,0.9999842789933509,,PRUNED
295,0.8711985874532613,2025-09-09 16:06:42.009032,2025-09-09 16:07:04.226997,0 days 00:00:22.217965,balanced,0.7146083855862686,0.023448478355192516,10,51,0.31486084516214863,1556,246,2.836313601534319,0.0011998900028949149,0.7178876557443897,,PRUNED
296,0.880143261702482,2025-09-09 16:07:05.296146,2025-09-09 16:08:30.105370,0 days 00:01:24.809224,balanced,0.9538918233616479,0.019830816311743996,-1,61,0.0183456687143548,1532,237,2.811913905583848e-06,0.00016403447163701337,0.9997255841455381,,PRUNED
297,0.8743352721229747,2025-09-09 16:07:05.577727,2025-09-09 16:07:33.603874,0 days 00:00:28.026147,,0.6147434085805887,0.01996121755930364,-1,59,0.010076413210851676,1520,251,0.7161414795959589,0.00043624200736297773,0.9411674856321376,,PRUNED
298,0.8810386473429952,2025-09-09 16:07:07.001515,2025-09-09 16:08:35.979854,0 days 00:01:28.978339,,0.9637386620994381,0.020003379400531672,-1,60,0.29407826893820765,1506,251,0.6913666073732307,0.0004485085865101231,0.9975187249087292,,PRUNED
299,0.8766618196925633,2025-09-09 16:07:16.033316,2025-09-09 16:07:40.540505,0 days 00:00:24.507189,,0.6061811731687355,0.02028798364354892,-1,61,0.0007112238887616446,1561,235,0.7768831380291521,0.0004554907613364076,0.7511997426695055,,PRUNED
300,0.8665662650602408,2025-09-09 16:07:16.074909,2025-09-09 16:07:26.316153,0 days 00:00:10.241244,,0.9755792375192338,0.13903100683884054,-1,61,0.0027937119200361323,1548,235,0.7221647302923752,0.08807564052150822,0.7528565746633409,,PRUNED
301,0.8750103863730785,2025-09-09 16:07:26.608850,2025-09-09 16:07:49.168926,0 days 00:00:22.560076,balanced,0.6072776824825048,0.02041409045424381,10,68,0.28778213908641376,2126,250,0.8909651191147471,0.00016195821165705912,0.9362680552971839,,PRUNED
302,0.8515371832156212,2025-09-09 16:07:34.051092,2025-09-09 16:07:44.925167,0 days 00:00:10.874075,balanced,0.6066360338555236,0.028041145600331926,10,67,2.8067074450838048,1605,236,1.0684906391428624,0.0001564184091964322,0.7230630264510975,,PRUNED
303,0.8761944329040299,2025-09-09 16:07:40.838525,2025-09-09 16:07:55.990035,0 days 00:00:15.151510,balanced,0.6199179750266137,0.04328693536174321,10,67,0.3117080113663526,2902,246,1.264286759479212,0.00019469659919198697,0.7222364042612283,,PRUNED
304,0.8796435115775446,2025-09-09 16:07:45.178386,2025-09-09 16:09:31.734514,0 days 00:01:46.556128,balanced,0.8169766718630749,0.016904675440353307,10,55,0.3138185488443944,1493,247,2.099489963977452e-05,0.0003402179098727302,0.9679221241005479,,PRUNED
305,0.8739925218113834,2025-09-09 16:07:49.330527,2025-09-09 16:08:16.798673,0 days 00:00:27.468146,balanced,0.8156754528879548,0.01688445134192979,-1,55,0.30374630846195855,2510,246,2.1796945014538025,0.000597875009291472,0.9698848562165358,,PRUNED
306,0.8751454092230994,2025-09-09 16:07:56.169877,2025-09-09 16:08:18.802975,0 days 00:00:22.633098,balanced,0.6160912904854143,0.017272181938537454,-1,54,0.1286518877587599,2064,239,0.3767553020922941,0.000617280450094452,0.9674666419996885,,PRUNED
307,0.8739509763190694,2025-09-09 16:08:17.162505,2025-09-09 16:08:40.713627,0 days 00:00:23.551122,balanced,0.7993913902782248,0.012881015976682642,-1,55,0.11280623576782142,1398,220,0.35436270864876684,0.00032061423776963806,0.743040367992562,,PRUNED
308,0.8811739963351657,2025-09-09 16:08:19.141756,2025-09-09 16:10:29.338527,0 days 00:02:10.196771,balanced,0.6655830681902555,0.014140014896829494,8,44,0.111447287445849,1496,221,0.211220033879262,0.00032738716980393415,0.7418397771091578,,PRUNED
309,0.8752285002077275,2025-09-09 16:08:30.417563,2025-09-09 16:09:03.032330,0 days 00:00:32.614767,balanced,0.7602388913983149,0.013266330019739045,8,46,0.43484646030188556,1410,222,0.21259087346706929,0.00038384657037962284,0.7407904330708129,,PRUNED
310,0.8770668882426257,2025-09-09 16:08:36.576917,2025-09-09 16:09:14.566867,0 days 00:00:37.989950,balanced,0.6227117819061512,0.013438821977576914,8,45,0.429590609832703,1599,224,0.1834824963306125,0.00030948296742397847,0.6810404400639334,,PRUNED
311,0.8721541337764851,2025-09-09 16:08:40.899893,2025-09-09 16:09:12.063669,0 days 00:00:31.163776,balanced,0.6003057688477735,0.01420753041023896,8,43,0.4469685728810893,1298,147,0.17743925035493469,0.0008256942652275255,0.710595902260023,,PRUNED
312,0.8706584960531782,2025-09-09 16:09:03.220851,2025-09-09 16:09:17.902956,0 days 00:00:14.682105,balanced,0.6230342871221769,0.03697690254903009,10,44,0.15358806739239622,1274,151,4.541717257989165e-06,0.000885805611751641,0.6916702582433809,,PRUNED
313,0.8736186123805567,2025-09-09 16:09:12.374814,2025-09-09 16:09:33.699689,0 days 00:00:21.324875,balanced,0.6648917265861685,0.015473056399892802,10,26,0.15300836562091685,1606,232,2.0256103148545207e-05,0.0009751906667367689,0.8240805226475291,,PRUNED
314,0.8761840465309514,2025-09-09 16:09:14.894603,2025-09-09 16:09:41.298889,0 days 00:00:26.404286,balanced,0.6000177770609645,0.015512220658198959,10,57,0.15155606060449625,2398,231,0.05322998726454363,0.0010672410247734559,0.985707171372865,,PRUNED
315,0.885198906570811,2025-09-09 16:09:18.138484,2025-09-09 16:11:34.531468,0 days 00:02:16.392984,balanced,0.6135227839012222,0.015403102792599505,16,56,0.20329945135242558,1830,232,0.493613998769797,0.003160284271310416,0.9883039702013721,528.6,COMPLETE
316,0.8735770668882424,2025-09-09 16:09:31.992099,2025-09-09 16:09:45.232092,0 days 00:00:13.239993,balanced,0.6507374691376954,0.02914716462530103,16,52,0.1056346861624825,1606,232,0.018763045893221395,0.0017851937760506266,0.8260131386856051,,PRUNED
317,0.8698379725799751,2025-09-09 16:09:33.936357,2025-09-09 16:09:46.200330,0 days 00:00:12.263973,balanced,0.7736648336376918,0.02630152439959059,16,21,0.08814313907578124,2423,242,0.53903430333289,0.00337033091575507,0.9839017801601744,,PRUNED
318,0.8608018280016618,2025-09-09 16:09:41.466920,2025-09-09 16:10:07.100153,0 days 00:00:25.633233,balanced,0.6138967186286077,0.009428052960788972,16,10,0.08085010571560391,1844,241,0.5361167596440789,0.0018904826528985718,0.9891068756412466,,PRUNED
319,0.871229746572497,2025-09-09 16:09:45.502568,2025-09-09 16:10:03.338879,0 days 00:00:17.836311,balanced,0.6140153622528243,0.02375284160439858,12,48,0.23148142383190645,1828,242,4.025027694071115e-05,8.082387726470312e-05,0.7279168212705688,,PRUNED
320,0.8758412962193602,2025-09-09 16:09:46.463877,2025-09-09 16:10:05.674690,0 days 00:00:19.210813,balanced,0.6131735444247708,0.022438275612881715,12,48,0.0015983897997984328,1483,212,0.32915017377397376,0.0006073016742349668,0.7276716419828936,,PRUNED
321,0.8753427503115913,2025-09-09 16:10:03.619101,2025-09-09 16:10:25.416224,0 days 00:00:21.797123,balanced,0.6107040517609237,0.018321585118618217,-1,59,0.008424444372801737,1724,239,0.33570865169470143,0.0006034675394933077,0.758709342930241,,PRUNED
322,0.8812052307179743,2025-09-09 16:10:05.875382,2025-09-09 16:11:55.240540,0 days 00:01:49.365158,balanced,0.6077500452266094,0.01839214150698797,-1,64,0.23696470637426276,1717,238,1.667290300088322,0.0021155838461278656,0.6986215201434964,,PRUNED
323,0.8814238713976346,2025-09-09 16:10:07.387830,2025-09-09 16:11:44.975195,0 days 00:01:37.587365,balanced,0.6062396416695519,0.01786129360728981,-1,64,0.2321261078132745,2580,238,0.08871413208109707,0.000536090015894601,0.7569512223523898,,PRUNED
324,0.8764644786040714,2025-09-09 16:10:25.793950,2025-09-09 16:10:53.170865,0 days 00:00:27.376915,balanced,0.600036658303724,0.018089595335188974,10,53,0.22937070004348392,1655,252,1.2154061681516637,0.00011532599259144327,0.700828890735814,,PRUNED
325,0.8774883391637514,2025-09-09 16:10:29.656911,2025-09-09 16:11:06.963429,0 days 00:00:37.306518,balanced,0.6233073269549424,0.051926485268835976,10,64,0.25849889724935105,1558,251,0.07986184722755815,0.0009606591024404442,0.714595426059328,,PRUNED
326,0.8788001832417124,2025-09-09 16:10:53.321462,2025-09-09 16:11:59.651090,0 days 00:01:06.329628,balanced,0.6366001783098181,0.021542076738742755,-1,64,0.3654184506395951,1785,246,1.0527312895300042e-05,0.0010365120795716525,0.6720131163666307,,PRUNED
327,0.875436227669298,2025-09-09 16:11:07.280065,2025-09-09 16:11:32.321486,0 days 00:00:25.041421,balanced,0.607042545527696,0.022445199230402307,-1,37,0.35407727453748505,1772,246,1.706713422811965,0.0015704828046455524,0.7357893953465428,,PRUNED
328,0.8748130452845866,2025-09-09 16:11:32.759038,2025-09-09 16:11:47.211518,0 days 00:00:14.452480,balanced,0.6243800019259595,0.030467413812522177,-1,71,0.23309409794644212,2579,185,1.06620400759721e-05,0.00023888743506186587,0.8113382062449065,,PRUNED
329,0.8819965017491255,2025-09-09 16:11:34.965892,2025-09-09 16:13:21.194097,0 days 00:01:46.228205,balanced,0.637069209015007,0.015499526449542842,16,57,0.2189860170320106,1953,236,0.11721962111970027,0.004091549185094993,0.9759299951854126,,PRUNED
330,0.8671479019526381,2025-09-09 16:11:45.283573,2025-09-09 16:13:08.890579,0 days 00:01:23.607006,balanced,0.6339907565686469,0.0023925426788577015,16,57,0.36142282931003333,1945,226,0.9951036268808089,0.0032600444833729768,0.9771141741609455,,PRUNED
331,0.8677295388450352,2025-09-09 16:11:47.620579,2025-09-09 16:12:16.115824,0 days 00:00:28.495245,balanced,0.6351504111377864,0.01481067587438489,16,57,0.3654133396014868,1796,229,4.0246581687523415,0.003462862468473587,0.980441817041306,,PRUNED
332,0.8725799750727046,2025-09-09 16:11:55.423645,2025-09-09 16:12:20.004715,0 days 00:00:24.581070,balanced,0.634292263836284,0.015053064256901422,16,52,0.37627080656992906,1803,229,6.534768277548496e-05,0.0031824579601292835,0.9923544439315473,,PRUNED
333,0.8564707104279186,2025-09-09 16:11:59.863164,2025-09-09 16:12:16.404912,0 days 00:00:16.541748,balanced,0.6768234775846593,0.015641278470190135,16,57,2.459307449041681,1832,227,0.5052538763804579,0.0022990832864275583,0.9940567695472463,,PRUNED
334,0.8754777731616119,2025-09-09 16:12:16.670549,2025-09-09 16:12:49.385260,0 days 00:00:32.714711,balanced,0.6193568414768593,0.012364841101955073,16,50,0.09506411318710568,1915,234,0.7573192399134863,0.001139575232962979,0.9925339072910996,,PRUNED
335,0.8738990444536767,2025-09-09 16:12:16.901781,2025-09-09 16:12:44.105808,0 days 00:00:27.204027,balanced,0.649432860285339,0.016342955814582703,16,51,0.09649850618109607,1417,233,0.8871001204350791,0.003100071991019796,0.9762891657722221,,PRUNED
336,0.877430411300374,2025-09-09 16:12:20.153843,2025-09-09 16:12:58.938056,0 days 00:00:38.784213,balanced,0.6177258725040224,0.012283145444703726,16,51,0.09309110251660321,2029,104,1.0953594804869267,0.001406793577346279,0.9906064688203918,,PRUNED
337,0.867843788948899,2025-09-09 16:12:44.274792,2025-09-09 16:13:03.008132,0 days 00:00:18.733340,balanced,0.6177211418297226,0.025124375966540283,10,48,0.16752371472596483,2018,236,0.30092930793051836,0.0013682603138999657,0.9909092459711397,,PRUNED
338,0.8769007062733694,2025-09-09 16:12:49.562063,2025-09-09 16:13:15.421210,0 days 00:00:25.859147,balanced,0.7439529333147934,0.018460540779741987,10,41,0.18127967582705728,2778,237,0.2705013478453566,0.0014506610301446728,0.6586843949958049,,PRUNED
339,0.8770045700041547,2025-09-09 16:12:59.160170,2025-09-09 16:13:20.227693,0 days 00:00:21.067523,balanced,0.6066459294036266,0.02546622219372546,10,39,0.15974908355216877,1675,243,0.13237918139382562,5.3835746341982786e-05,0.6556406279496636,,PRUNED
340,0.8753739094308267,2025-09-09 16:13:03.232614,2025-09-09 16:13:27.876860,0 days 00:00:24.644246,balanced,0.6002023653337668,0.019038954371574383,10,37,0.007648655557123546,1674,243,0.12111271537393895,0.0007916894522446378,0.9824221085447907,,PRUNED
341,0.8686746987951807,2025-09-09 16:13:09.133382,2025-09-09 16:13:32.976766,0 days 00:00:23.843384,balanced,0.6074194464016763,0.019340382907362865,10,41,0.17613489944972502,2246,242,0.13098492315750915,1.3878785096838069e-05,0.7207174290109825,,PRUNED
342,0.8713751557955961,2025-09-09 16:13:15.816162,2025-09-09 16:13:40.010357,0 days 00:00:24.194195,balanced,0.6074282773744679,0.02122471374489045,10,60,1.3105874587020236,1710,242,0.14121383372133203,0.005768189242065599,0.7292537440646722,,PRUNED
