number,value,datetime_start,datetime_complete,duration,params_class_weight,params_colsample_bytree,params_learning_rate,params_max_depth,params_min_child_samples,params_min_split_gain,params_n_estimators,params_num_leaves,params_reg_alpha,params_reg_lambda,params_subsample,user_attrs_mean_best_iteration,state
0,,2025-09-09 21:26:19.310036,2025-09-09 21:26:19.566603,0 days 00:00:00.256567,balanced,0.8597700929983043,0.0020181598627040916,8,77,3.125210335042322,1981,74,5.764461884032051e-05,0.03686520832606818,0.8846348570661277,,FAIL
1,,2025-09-09 21:26:19.318087,2025-09-09 21:26:19.511733,0 days 00:00:00.193646,balanced,0.6686908425337366,0.004411121103230006,10,153,1.2749532214819386,575,46,0.014246783234740991,0.42476088998130934,0.6872284641169651,,FAIL
2,,2025-09-09 21:26:19.329122,2025-09-09 21:26:19.685139,0 days 00:00:00.356017,balanced,0.6141050832296652,0.12961076411570166,6,68,2.7713133189486934,578,177,0.004581282741037737,0.0035696711349689804,0.6805684522129677,,FAIL
3,,2025-09-09 21:26:19.342959,2025-09-09 21:26:19.724978,0 days 00:00:00.382019,,0.8795727762519683,0.006298379032406683,10,80,3.937702399634059,638,162,0.0006152431089756023,0.006247499992367664,0.9539184480458629,,FAIL
4,,2025-09-09 21:26:19.311329,2025-09-09 21:26:19.634033,0 days 00:00:00.322704,,0.8913125815777536,0.009177800106554095,8,98,4.676495875083962,617,98,0.04381627688759649,0.0008085721929246007,0.8601197778172984,,FAIL
5,0.8449078660549159,2025-09-09 21:33:26.167829,2025-09-09 21:33:36.724549,0 days 00:00:10.556720,,0.8211872447699706,0.03382436947586489,8,184,4.251568284996903,1377,70,2.1692854529319123e-06,0.00031662650807194934,0.7219814090793364,149.2,COMPLETE
6,0.8311332763658272,2025-09-09 21:33:26.170868,2025-09-09 21:34:17.893368,0 days 00:00:51.722500,,0.7229562602514419,0.0017211566402117904,12,158,2.7041090713265103,1247,102,2.9113857555288068e-06,5.4996167260890085e-06,0.643560700002231,889.6,COMPLETE
7,0.862082531523672,2025-09-09 21:33:26.192234,2025-09-09 21:34:25.715722,0 days 00:00:59.523488,,0.8344006457791856,0.005566310341255518,10,124,2.344265942499726,1001,166,6.228485197802466e-07,1.967859019191193e-07,0.7602627201389835,943.2,COMPLETE
8,0.8736085266691738,2025-09-09 21:33:26.200322,2025-09-09 21:34:23.191991,0 days 00:00:56.991669,,0.7122387021913554,0.01332712028786881,16,100,0.6715686853873976,2377,120,0.0016223476011219143,2.7630125776624154e-08,0.9916414047419468,703.0,COMPLETE
9,0.8477864230081364,2025-09-09 21:33:26.208801,2025-09-09 21:34:49.106622,0 days 00:01:22.897821,balanced,0.7676480052024676,0.002968242255908175,10,199,1.4092144933411062,2643,169,1.3301575607783619e-06,2.5699771376689e-06,0.820211041947016,1685.6,COMPLETE
10,0.8709303820665945,2025-09-09 21:33:37.015393,2025-09-09 21:35:18.613604,0 days 00:01:41.598211,,0.7754522595879237,0.004642562235963038,8,58,1.3257391360868325,1401,176,0.07154864114972898,0.12071677574051005,0.7399145548104946,1190.6,COMPLETE
11,0.8549448383408176,2025-09-09 21:34:18.097232,2025-09-09 21:35:34.895762,0 days 00:01:16.798530,,0.8245411573137846,0.0024039930218710797,-1,15,1.1279384755195732,572,185,0.0029900153427279887,0.1960080533986492,0.6707448886162395,376.8,COMPLETE
12,0.8556403026985052,2025-09-09 21:34:23.406550,2025-09-09 21:35:05.591817,0 days 00:00:42.185267,balanced,0.9622751910528894,0.006004713360810792,16,87,4.435852899291721,633,31,1.236891751464547e-08,0.0691516623127145,0.8215347174124001,618.6,COMPLETE
13,0.8536795831976554,2025-09-09 21:34:26.002595,2025-09-09 21:34:54.417413,0 days 00:00:28.414818,,0.9966782745114738,0.0025152226594492163,4,21,0.7217437595638804,2125,36,1.6411846786109778,0.025792101588661347,0.847639781451508,,PRUNED
14,0.8056984695538912,2025-09-09 21:34:49.409323,2025-09-09 21:34:55.896286,0 days 00:00:06.486963,,0.9876675625917123,0.0011102336664380438,16,171,2.562194852399738,465,238,1.3784008677131803e-05,3.0779640698651934e-07,0.722877569278355,,PRUNED
15,0.8723623304751522,2025-09-09 21:34:54.797034,2025-09-09 21:37:54.822428,0 days 00:03:00.025394,,0.8686209155374671,0.006005203145022141,16,15,0.22145965951587965,2086,84,2.6991125239242247e-06,2.6305965196326302e-08,0.9813497100036159,563.0,COMPLETE
16,0.8491208075545424,2025-09-09 21:34:56.093680,2025-09-09 21:35:15.516191,0 days 00:00:19.422511,,0.9092923176569827,0.0016837397125447015,14,53,2.049946311616113,989,205,0.0009229313937382457,1.4043842705844355e-06,0.86274015043089,,PRUNED
17,0.8408498860306091,2025-09-09 21:35:05.792142,2025-09-09 21:35:12.192557,0 days 00:00:06.400415,,0.881366893237868,0.009465710218042931,-1,177,4.303558936783041,1325,84,0.2910132887861283,4.256595016500193e-06,0.9908762810233174,,PRUNED
18,0.8738201934185087,2025-09-09 21:35:12.301495,2025-09-09 21:37:09.596786,0 days 00:01:57.295291,balanced,0.6018351539249928,0.006330575074839361,10,24,0.7125000577036056,1269,161,3.383176396001875e-06,0.006427294925379859,0.7620959137184122,693.8,COMPLETE
19,0.8713658393811459,2025-09-09 21:35:15.804893,2025-09-09 21:35:31.419565,0 days 00:00:15.614672,balanced,0.6350190575418173,0.16207966604413004,6,106,0.11932940363812017,2961,131,0.015145783879897585,1.4728061653440536e-08,0.9959965163816741,87.0,COMPLETE
20,0.8738825619104322,2025-09-09 21:35:18.895093,2025-09-09 21:36:14.903197,0 days 00:00:56.008104,balanced,0.6070761066535021,0.027446980427361666,8,75,0.3877462633896074,2106,135,0.010830827450452586,6.177242985019453,0.9739810599775185,499.2,COMPLETE
21,0.8659704829955739,2025-09-09 21:35:31.702244,2025-09-09 21:35:50.795784,0 days 00:00:19.093540,balanced,0.6098798811676962,0.115090034299715,6,120,0.14355879422213913,2952,125,0.004089187689515155,1.1158717542795367e-08,0.9981061326659778,144.2,COMPLETE
22,0.8697390865161921,2025-09-09 21:35:35.200254,2025-09-09 21:35:49.714292,0 days 00:00:14.514038,balanced,0.6044529035001538,0.17228105406841565,6,120,0.0011743109243758099,2903,128,0.018759060794115105,1.2153722798479263e-08,0.9783864452201237,96.2,COMPLETE
23,0.8738615470635178,2025-09-09 21:35:50.004263,2025-09-09 21:37:01.891598,0 days 00:01:11.887335,balanced,0.6486052308295485,0.024853899240156956,6,95,0.016355494000517723,2270,132,0.00012351508511063595,2.3354672745708468e-08,0.9370835734423886,535.4,COMPLETE
24,0.8557147508954739,2025-09-09 21:35:51.117086,2025-09-09 21:35:56.311993,0 days 00:00:05.194907,balanced,0.670544146672437,0.026041432920522606,16,81,3.372158249013309,2309,143,6.759443442747928e-05,0.0003576320488409941,0.9199318546778656,,PRUNED
25,0.8402149137088896,2025-09-09 21:35:56.506263,2025-09-09 21:36:00.408726,0 days 00:00:03.902463,balanced,0.6829076745476276,0.05648598812343137,6,142,0.693286051846067,1995,67,9.463474140557153,5.336813078277854e-05,0.9273887168050701,,PRUNED
26,0.8932852548484553,2025-09-09 21:36:00.612798,2025-09-09 21:37:56.803770,0 days 00:01:56.190972,balanced,0.6627810448610069,0.017241624524783093,14,97,0.6010905462247664,2545,105,7.864845858149883e-05,8.35858804785557,0.9162354742761651,,PRUNED
27,0.8732560577057755,2025-09-09 21:36:15.203708,2025-09-09 21:37:33.413867,0 days 00:01:18.210159,balanced,0.7168061067697846,0.015405797112781406,8,56,0.7828327069160349,1706,225,0.00013274623685022812,6.456929352088477,0.9383431653584978,632.6,COMPLETE
28,0.8579941387170302,2025-09-09 21:37:02.599788,2025-09-09 21:37:12.801553,0 days 00:00:10.201765,balanced,0.6556120366217528,0.023595252666114373,8,58,1.8619768613998482,1837,220,0.00015313524575847823,6.053246239336109,0.9258526634246588,,PRUNED
29,0.8604363399544123,2025-09-09 21:37:09.895271,2025-09-09 21:37:19.297519,0 days 00:00:09.402248,balanced,0.6613956797177808,0.024247349409334464,8,61,1.826327319107269,1733,207,0.0001068982976468017,4.524870764230564,0.9211397015952316,,PRUNED
30,0.8764060937989122,2025-09-09 21:37:12.915954,2025-09-09 21:37:38.506866,0 days 00:00:25.590912,balanced,0.6250504774462212,0.06722681523284767,10,48,0.5894783448615498,1589,150,1.9889134847497818e-05,0.002536627774702607,0.8828522347796002,118.8,COMPLETE
31,0.8755297005404149,2025-09-09 21:37:19.607288,2025-09-09 21:37:53.915971,0 days 00:00:34.308683,balanced,0.6062300732965228,0.04900878539356481,10,35,0.4991359222891286,2490,151,5.692059173851826e-08,0.004424037277943132,0.776510388127929,126.6,COMPLETE
32,0.8773998635610565,2025-09-09 21:37:33.811680,2025-09-09 21:37:54.300158,0 days 00:00:20.488478,balanced,0.6275969643149881,0.06077000720594036,10,36,0.34511281968473034,2433,150,5.012746237046352e-08,0.002330569441848082,0.8711050374804903,,PRUNED
33,0.8678443503744708,2025-09-09 21:37:38.809613,2025-09-09 21:37:46.891440,0 days 00:00:08.081827,balanced,0.6929153400958232,0.05371460101269963,14,38,0.4255672891362912,2450,148,2.5420057503666425e-07,0.002360651221526078,0.8802505990944869,,PRUNED
34,0.8781795146671865,2025-09-09 21:37:47.208868,2025-09-09 21:37:57.320553,0 days 00:00:10.111685,balanced,0.6363051575019026,0.05101508678817369,4,80,1.2449221712940504,2057,105,1.5460584794618655e-05,0.5533691683620053,0.8829663634472562,,PRUNED
35,0.8647020514490393,2025-09-09 21:37:54.211885,2025-09-09 21:37:57.597494,0 days 00:00:03.385609,balanced,0.6225335594828861,0.08213082057793168,10,77,1.1637246107317156,1564,102,4.449305044120931e-08,1.0009494970049382,0.8821682597541582,,PRUNED
36,0.8594106154347118,2025-09-09 21:37:54.611256,2025-09-09 21:37:57.729147,0 days 00:00:03.117891,balanced,0.7479567198963741,0.07917787467310683,10,6,3.1292315084101006,2658,104,1.9553480244278065e-05,1.0312284274555807,0.7868337617159217,,PRUNED
37,0.8676815369586455,2025-09-09 21:37:55.297136,2025-09-09 21:37:57.774559,0 days 00:00:02.477423,balanced,0.751508031896032,0.09334674276281481,10,75,1.1946349491313901,2660,110,9.412914995043364e-08,0.49207502318499957,0.7925413680129033,,PRUNED
38,0.8701725822207749,2025-09-09 21:37:57.114996,2025-09-09 21:37:58.594235,0 days 00:00:01.479239,balanced,0.7587979683183727,0.08722647642318543,10,74,1.0321516509148614,1462,190,1.3607378307529568e-07,0.6893235724076037,0.7906435225663437,,PRUNED
39,0.8467600130250733,2025-09-09 21:37:57.638838,2025-09-09 21:37:59.601746,0 days 00:00:01.962908,balanced,0.7452877832687785,0.03726103925094604,12,36,4.850841185053523,2231,187,0.0006909819251431499,9.571455187007438e-05,0.9498000225809493,,PRUNED
40,0.8516606968414197,2025-09-09 21:37:57.722402,2025-09-09 21:38:00.397431,0 days 00:00:02.675029,balanced,0.6418300374360403,0.03340222325872937,12,39,3.906312005157545,2234,187,0.0008045690121038819,7.025680961282163e-05,0.9519931860309581,,PRUNED
41,0.8457831325301206,2025-09-09 21:37:57.931819,2025-09-09 21:38:01.181817,0 days 00:00:03.249998,balanced,0.6449324970743411,0.03617152981360198,12,38,4.8679921896149825,2205,181,0.000764820827449385,4.4318510378182484e-05,0.6090851346412706,,PRUNED
42,0.8504721589058939,2025-09-09 21:37:57.955769,2025-09-09 21:38:01.185631,0 days 00:00:03.229862,balanced,0.6457776245605377,0.04297154322407747,12,36,3.9200924613270374,2235,156,0.0005207037882539845,4.135933231145495e-05,0.9473559626597735,,PRUNED
43,0.8416313904265711,2025-09-09 21:37:58.799200,2025-09-09 21:38:01.532670,0 days 00:00:02.733470,balanced,0.6448492025826559,0.03724429346566769,6,41,4.754984002214414,2261,140,0.0007629117095903492,4.3990655595906004e-05,0.9495334381730239,,PRUNED
44,0.8635949202214264,2025-09-09 21:37:59.923634,2025-09-09 21:38:02.905921,0 days 00:00:02.982287,balanced,0.6440277444551222,0.03710128496131504,12,43,1.60118780540152,1909,157,0.008028964478459678,2.426761601364217e-05,0.9577312287718313,,PRUNED
45,0.8736957836164798,2025-09-09 21:38:00.908442,2025-09-09 21:38:41.200018,0 days 00:00:40.291576,balanced,0.6932276802206035,0.037961071256509604,8,107,0.41303480244286794,1853,156,0.008966842417529158,1.5191091206731912e-05,0.6711934148034393,343.6,COMPLETE
46,0.8684956040377727,2025-09-09 21:38:01.439026,2025-09-09 21:38:13.197250,0 days 00:00:11.758224,balanced,0.6971566700541234,0.012736992466331292,8,97,1.5404233460217238,1906,138,5.142403125541691e-07,0.00042315100465854495,0.6806071069187223,,PRUNED
47,0.8750055621437965,2025-09-09 21:38:01.469195,2025-09-09 21:40:14.516483,0 days 00:02:13.047288,balanced,0.6986004981148557,0.011880877123697984,8,67,0.4454706460992559,1890,135,0.00870916489155439,0.00036123442013307307,0.6740165437342434,822.4,COMPLETE
48,0.8637251709540866,2025-09-09 21:38:01.928910,2025-09-09 21:38:11.214779,0 days 00:00:09.285869,balanced,0.793879623345876,0.01882783374253343,8,109,1.5583847580330756,1936,117,6.545250031281672e-07,0.018556201385506513,0.688926023747921,,PRUNED
49,0.8733341257416741,2025-09-09 21:38:03.112107,2025-09-09 21:39:10.496542,0 days 00:01:07.384435,balanced,0.7957229453411577,0.018817226989578432,8,67,0.4437166240127562,1041,255,0.06989972418016503,0.017833712511360098,0.6895981707009508,510.6,COMPLETE
50,0.8708563985672422,2025-09-09 21:38:11.607620,2025-09-09 21:38:30.708707,0 days 00:00:19.101087,balanced,0.6003163725118175,0.009565912136226979,10,65,0.9442449579964571,1091,171,5.014994304274148e-06,0.005246261761052412,0.7634522544287292,,PRUNED
51,0.8693585151416475,2025-09-09 21:38:13.608515,2025-09-09 21:38:32.407879,0 days 00:00:18.799364,balanced,0.6003450497651255,0.009353425668331404,10,66,0.9362977752373262,908,165,5.157673127043577e-06,0.003684326560872058,0.7624405538074284,,PRUNED
52,0.8954292953903128,2025-09-09 21:38:30.997049,2025-09-09 21:40:59.699874,0 days 00:02:28.702825,balanced,0.6170578299773777,0.0038773524714543046,10,27,0.3930153795233487,1150,164,2.5251559079126577e-05,0.0011429254744034281,0.8182648419440515,,PRUNED
53,0.8720937179049366,2025-09-09 21:38:32.799280,2025-09-09 21:41:21.309495,0 days 00:02:48.510215,balanced,0.6266734217118612,0.004260261054425403,10,26,0.4527189274917677,1196,162,2.3392320328912147e-05,0.0010132104354000778,0.8110892781655985,805.4,COMPLETE
54,0.8685468703504122,2025-09-09 21:38:41.421403,2025-09-09 21:41:20.707019,0 days 00:02:39.285616,,0.6262622993185377,0.005066663024232538,-1,20,0.5109977710905442,1217,254,1.396769942170008e-08,0.015859280970258318,0.7309613639310387,580.8,COMPLETE
55,0.8718252578714758,2025-09-09 21:39:10.816200,2025-09-09 21:41:58.012044,0 days 00:02:47.195844,,0.621451583207897,0.003975025933492116,-1,19,0.5792777671513545,1233,167,1.5372424944371393e-08,5.159239872519168e-07,0.7384455433366212,644.6,COMPLETE
56,0.8739967561927304,2025-09-09 21:40:14.905732,2025-09-09 21:42:07.099833,0 days 00:01:52.194101,,0.6177564162153149,0.012100641955721005,-1,90,0.02692630712686106,1652,120,0.07590583794641127,8.300734341777813e-08,0.8366131445103044,798.0,COMPLETE
57,0.8685770107456854,2025-09-09 21:41:00.014106,2025-09-09 21:41:12.916844,0 days 00:00:12.902738,,0.724973467835043,0.027716806954383978,4,88,0.041789739101938506,2800,89,0.03952787848588442,1.1642719295959376e-07,0.6350497739104748,,PRUNED
58,0.8900367085729136,2025-09-09 21:41:13.302953,2025-09-09 21:41:28.592150,0 days 00:00:15.289197,,0.670870146851934,0.1299406184358687,-1,49,0.23851816819529104,1507,63,0.37472955185318063,0.046365398261414836,0.8970260288500814,,PRUNED
59,0.852979485509606,2025-09-09 21:41:21.094982,2025-09-09 21:41:25.692543,0 days 00:00:04.597561,,0.6753882635399374,0.1318887495985785,6,139,0.22499039319893105,1543,119,0.22277680055859947,0.07473648685579873,0.904116400124499,,PRUNED
60,0.8739287903847008,2025-09-09 21:41:21.907484,2025-09-09 21:44:22.412034,0 days 00:03:00.504550,balanced,0.6716649586082822,0.00661844112942463,6,50,0.798940715997132,1628,120,0.0027038367380293844,0.10928078699152163,0.7073382639793137,1229.8,COMPLETE
61,0.8721914685770107,2025-09-09 21:41:26.003057,2025-09-09 21:41:50.814238,0 days 00:00:24.811181,balanced,0.612410818321095,0.006754137533500958,10,52,0.7005711225582391,831,130,1.4697586565052459e-06,0.006404153835246457,0.9736579525735719,,PRUNED
62,0.8750410797241177,2025-09-09 21:41:28.806903,2025-09-09 21:44:46.593287,0 days 00:03:17.786384,balanced,0.6141429795752856,0.007124648802951226,10,49,0.8438278502026604,1349,133,2.0265126951169816e-06,0.008537747266703597,0.8526763336817496,869.8,COMPLETE
63,0.896874898482929,2025-09-09 21:41:51.313560,2025-09-09 21:44:44.492208,0 days 00:02:53.178648,balanced,0.6145225222298222,0.011025548477568555,8,91,0.8188048063292701,1302,16,0.002496566962776535,0.0002351840167175632,0.7070659030807944,,PRUNED
64,0.8699934874633671,2025-09-09 21:41:58.508900,2025-09-09 21:42:28.100788,0 days 00:00:29.591888,balanced,0.6569565898150795,0.007307883140768688,8,88,0.8839907396885409,1370,134,0.0022770499716302443,0.00013718536815790706,0.8446618748973235,,PRUNED
65,0.8741653998552679,2025-09-09 21:42:07.795456,2025-09-09 21:44:37.617357,0 days 00:02:29.821901,,0.7057077402665314,0.011298388775373576,-1,89,0.018055387633650513,1616,91,0.003937879730225053,1.8129981659415748e-06,0.8525909714790153,773.4,COMPLETE
66,0.866834907196353,2025-09-09 21:42:28.795130,2025-09-09 21:42:52.300423,0 days 00:00:23.505293,,0.9351928777139865,0.01124085122425916,-1,116,0.07845000748564307,1623,117,1.7901027030645054,6.661617728998624e-08,0.8426559155155317,,PRUNED
67,0.8823214111685022,2025-09-09 21:42:52.611070,2025-09-09 21:43:26.702027,0 days 00:00:34.090957,,0.8468487785489908,0.028195994328166125,16,93,0.01598196658999812,1750,146,0.00027642808305032736,4.895975728335473e-07,0.703816823175696,,PRUNED
68,0.8818503719585487,2025-09-09 21:43:27.117471,2025-09-09 21:44:22.796615,0 days 00:00:55.679144,,0.7069319235969427,0.02245985047622224,6,134,0.24838441092737581,2117,90,0.005225383941312044,5.4304247336354815e-08,0.828996192348152,,PRUNED
69,0.8630250732660371,2025-09-09 21:44:22.922824,2025-09-09 21:44:31.092442,0 days 00:00:08.169618,balanced,0.6561909960256666,0.06742880568467051,6,49,2.248447356987359,2033,122,0.027404847469964203,0.0008252237828452642,0.8575813351700154,,PRUNED
70,0.8648160208401172,2025-09-09 21:44:23.221131,2025-09-09 21:44:41.594213,0 days 00:00:18.373082,balanced,0.7310721072403991,0.013899857446159928,6,48,2.235856610093333,1643,124,0.03385256386582364,0.00019121555137492248,0.6596563252871749,,PRUNED
71,0.8714750895473787,2025-09-09 21:44:31.396697,2025-09-09 21:44:58.006056,0 days 00:00:26.609359,balanced,0.6771835261040323,0.014955602305167877,6,70,0.7902237271910881,1653,135,0.00165423906938932,0.19333930502862698,0.6473907659992126,,PRUNED
72,0.8700911755128622,2025-09-09 21:44:38.103371,2025-09-09 21:45:15.516296,0 days 00:00:37.412925,,0.67310438560341,0.007995104463062029,-1,71,0.8444992300269808,1639,79,0.0022345257449744235,2.263528453805495,0.648728546078656,,PRUNED
73,0.8712145880820581,2025-09-09 21:44:41.992761,2025-09-09 21:45:19.199753,0 days 00:00:37.206992,,0.6827173852274214,0.0079437510326867,-1,72,0.844574930769569,1460,54,0.012954575844779909,2.3210321237270266,0.6424202071413165,,PRUNED
74,0.8640507977857377,2025-09-09 21:44:45.013862,2025-09-09 21:45:29.603493,0 days 00:00:44.589631,,0.682548220426834,0.007968647727733069,-1,198,0.6267689886924955,1766,97,0.10479761195760348,1.6499950971697621e-06,0.8323612222102041,,PRUNED
75,0.8666720937805275,2025-09-09 21:44:47.115489,2025-09-09 21:45:38.001536,0 days 00:00:50.886047,,0.6817099441317337,0.007994756411678917,-1,30,1.4014589029107296,1619,79,4.313437151626568e-05,1.93601593862824e-06,0.8303764950396767,,PRUNED
76,0.8809570217327746,2025-09-09 21:44:58.311870,2025-09-09 21:45:56.010481,0 days 00:00:57.698611,,0.7788783845011403,0.008249601729993991,-1,58,0.6222201806902873,1423,57,0.08783029799224806,1.628640580912295e-06,0.8325025028006928,,PRUNED
77,0.8646043633995442,2025-09-09 21:45:16.005194,2025-09-09 21:46:06.013451,0 days 00:00:50.008257,,0.7078731550775668,0.002774688435414145,-1,82,1.3830271490695738,1791,53,5.32345691331014e-05,0.009567266156547322,0.7752057263988499,,PRUNED
78,0.8616085965483555,2025-09-09 21:45:19.598057,2025-09-09 21:45:43.493538,0 days 00:00:23.895481,,0.7757721031081377,0.00566672948596488,14,30,2.757387056407433,1404,95,0.1559790123999308,1.500703636783476e-06,0.7740301748041233,,PRUNED
79,0.8604037772712472,2025-09-09 21:45:30.198894,2025-09-09 21:45:54.112435,0 days 00:00:23.913541,,0.6366218402263591,0.0060366052440878,14,80,2.707232545072458,1432,112,0.006025109657201711,8.623992474652294e-06,0.7774259833740977,,PRUNED
80,0.8830360913491213,2025-09-09 21:45:38.310205,2025-09-09 21:47:02.614231,0 days 00:01:24.304026,balanced,0.6347975199307321,0.005418757987783186,14,59,0.26083889950666866,1824,151,0.006695939442571263,8.289380944476088e-06,0.8624624718671456,,PRUNED
81,0.8731032237056334,2025-09-09 21:45:44.093077,2025-09-09 21:46:12.404298,0 days 00:00:28.311221,balanced,0.7067586006774232,0.011353808041205228,10,81,0.32418516839106676,1825,110,0.004399080654895079,5.855481088118856e-06,0.8562697217672935,,PRUNED
82,0.882938634960855,2025-09-09 21:45:54.393593,2025-09-09 21:46:50.296189,0 days 00:00:55.902596,balanced,0.7063350437432964,0.011591981996155628,10,60,0.27911933785985493,1808,150,0.00021926859017298652,0.008871739995761763,0.8604024218496285,,PRUNED
83,0.8726473461413222,2025-09-09 21:45:56.413417,2025-09-09 21:46:25.515318,0 days 00:00:29.101901,balanced,0.7052264160805553,0.011892705017017537,10,84,0.3036626014602904,2342,152,0.012808409346192515,0.0005954270670132651,0.8045575504411837,,PRUNED
84,0.8756058698004867,2025-09-09 21:46:06.312396,2025-09-09 21:48:05.309431,0 days 00:01:58.997035,balanced,0.6106353054759871,0.011500924808447138,10,62,0.25261479552219807,1536,149,0.003512865757336685,0.0017787036220649763,0.8691733157036801,766.0,COMPLETE
