number,value,datetime_start,datetime_complete,duration,params_class_weight,params_colsample_bytree,params_learning_rate,params_max_depth,params_min_child_samples,params_min_split_gain,params_n_estimators,params_num_leaves,params_reg_alpha,params_reg_lambda,params_subsample,user_attrs_mean_best_iteration,state
171,0.8749688408807644,2025-09-09 15:57:37.156057,2025-09-09 15:57:41.994770,0 days 00:00:04.838713,balanced,0.6148100226606044,0.03428039409634269,-1,42,0.5778876384868623,1474,237,0.26607059153874013,0.0018010085708625727,0.7393466074817495,,PRUNED
172,0.875,2025-09-09 15:57:42.098808,2025-09-09 15:57:50.439169,0 days 00:00:08.340361,balanced,0.6532040486104684,0.01835099510802037,-1,55,0.2087781074986319,1527,249,0.11396692356979099,0.0003795060283546946,0.9721921332802411,,PRUNED
173,0.8857566748754138,2025-09-09 15:57:42.966049,2025-09-09 15:58:28.475751,0 days 00:00:45.509702,balanced,0.6182924811372519,0.022213777202954164,10,55,0.18424520852572068,1553,249,1.086418644681508e-05,0.0003966378972288258,0.6949142277298272,461.4,COMPLETE
174,0.8770718807263035,2025-09-09 15:57:50.520419,2025-09-09 15:58:15.179253,0 days 00:00:24.658834,balanced,0.6207991534220957,0.021842106703839688,16,54,0.3080808948202865,1574,222,0.4202355777051282,6.484671396041012e-05,0.7242129849866029,,PRUNED
175,0.8719983381803075,2025-09-09 15:57:51.038146,2025-09-09 15:57:57.950078,0 days 00:00:06.911932,balanced,0.6199603098421046,0.02508837541040036,16,55,0.16770422125093737,2568,221,9.24605228665681e-06,0.0007789644025154784,0.7245155742538895,,PRUNED
176,0.8729538845035313,2025-09-09 15:57:58.027267,2025-09-09 15:58:09.199591,0 days 00:00:11.172324,balanced,0.611038296374636,0.01450990861933544,-1,50,0.001252873703529958,1578,120,0.41042255043835574,0.001055617586503767,0.9932910841505692,,PRUNED
177,0.8753635230577481,2025-09-09 15:58:04.852000,2025-09-09 15:58:18.479367,0 days 00:00:13.627367,balanced,0.6101265664668286,0.012322644547224273,16,49,0.0002691062649518017,1568,249,0.037228822010058005,2.304556636853147e-05,0.996197923540529,,PRUNED
178,0.8738367262152056,2025-09-09 15:58:08.032682,2025-09-09 15:58:24.250990,0 days 00:00:16.218308,balanced,0.611568424343301,0.01050404031572031,16,49,0.006336288803644813,1528,249,0.4938258587006442,7.569607459616335e-05,0.677852795008544,,PRUNED
179,0.8754985459077691,2025-09-09 15:58:09.261611,2025-09-09 15:58:26.345041,0 days 00:00:17.083430,balanced,0.6102520061921848,0.010613785770161688,10,44,0.2572007549195852,1501,248,0.6127367850438556,5.871182008031918e-05,0.6715666633091275,,PRUNED
180,0.8745326132114666,2025-09-09 15:58:15.264836,2025-09-09 15:58:29.943385,0 days 00:00:14.678549,balanced,0.6087166230273271,0.011681527415152193,16,41,0.16257691080540004,2018,250,1.2349138942889555,2.2571835272833133e-05,0.6586003003436309,,PRUNED
181,0.900112443778111,2025-09-09 15:58:18.522724,2025-09-09 15:59:31.145513,0 days 00:01:12.622789,balanced,0.617927335701325,0.014246120979373632,10,59,0.1789532780189501,2346,61,1.340902369617734,6.314264412011059e-05,0.6732050772175874,,PRUNED
182,0.8724241794765267,2025-09-09 15:58:24.329686,2025-09-09 15:58:36.248503,0 days 00:00:11.918817,balanced,0.6182784536746095,0.01370277446158439,10,39,0.1920851263720189,2355,241,1.250935500648295,0.00036543967018388106,0.6652832755456316,,PRUNED
183,0.8742314083921894,2025-09-09 15:58:26.397169,2025-09-09 15:58:41.170961,0 days 00:00:14.773792,balanced,0.6188886180997286,0.013604706717948943,10,39,0.15597990443162132,2348,240,3.007273113917873,0.00034332771363785724,0.6608948226842529,,PRUNED
184,0.8760490236809306,2025-09-09 15:58:28.552865,2025-09-09 15:58:38.672807,0 days 00:00:10.119942,balanced,0.6201031406785373,0.013690933539263957,10,59,0.14814422995922177,2344,240,2.2560345504280945e-06,0.00018357091517252279,0.6628791788903002,,PRUNED
185,0.8746053178230162,2025-09-09 15:58:30.010581,2025-09-09 15:58:37.221172,0 days 00:00:07.210591,balanced,0.6230576006511973,0.024645308447056386,10,61,0.1637283938669972,1357,241,0.1820905800862615,0.0003448730048247218,0.7041789240852858,,PRUNED
186,0.8749065226422933,2025-09-09 15:58:36.305193,2025-09-09 15:58:43.946358,0 days 00:00:07.641165,balanced,0.6209823776708595,0.02508163685156083,10,59,0.1573062945613627,1364,255,1.5445681891281957e-05,0.00018422323797253473,0.6918062507161572,,PRUNED
187,0.8734108849189863,2025-09-09 15:58:37.277533,2025-09-09 15:58:47.467912,0 days 00:00:10.190379,balanced,0.6202728820678612,0.01855720269352036,10,60,0.2568325856498892,1440,254,3.229479544982515e-06,0.00021520103313348314,0.6944734269099829,,PRUNED
188,0.8766514333194848,2025-09-09 15:58:38.724585,2025-09-09 15:58:51.151254,0 days 00:00:12.426669,balanced,0.6469240632360155,0.017279421856497338,10,66,0.2844460378091641,1422,255,1.4333618841061411e-05,0.001233754099976639,0.6955313785979559,,PRUNED
189,0.8738782717075197,2025-09-09 15:58:41.269977,2025-09-09 15:58:52.271773,0 days 00:00:11.001796,balanced,0.6333929460167552,0.017995299357510847,10,66,0.2751565025108489,1780,110,5.624635363389364e-06,0.0012988534298782395,0.6950978926859541,,PRUNED
190,0.8767345243041131,2025-09-09 15:58:44.018941,2025-09-09 15:58:57.956966,0 days 00:00:13.938025,balanced,0.6007432766656714,0.017087231936167045,10,65,0.27176194175778823,1441,110,2.5142383570740658e-05,0.0012492704304824423,0.6753282525113076,,PRUNED
191,0.875238886580806,2025-09-09 15:58:47.564746,2025-09-09 15:58:59.824161,0 days 00:00:12.259415,balanced,0.6014603568464202,0.017093241137725066,10,65,0.30109187387287506,1725,235,7.512203223974846e-06,0.0005951985184916116,0.8142790260266694,,PRUNED
192,0.8736186123805567,2025-09-09 15:58:51.302877,2025-09-09 15:59:01.064858,0 days 00:00:09.761981,balanced,0.6005377705610654,0.022002391981059025,-1,54,0.10294733342913537,1708,235,2.410848586795962e-05,0.0006309946777539738,0.6760499193449904,,PRUNED
193,0.8697652679684255,2025-09-09 15:58:52.348572,2025-09-09 15:59:01.427917,0 days 00:00:09.079345,balanced,0.6004904914192026,0.02246551822324046,-1,54,0.07503042137025223,1689,235,0.1001888052159553,0.000628585175991731,0.6768505444327146,,PRUNED
194,0.8695783132530122,2025-09-09 15:58:58.048903,2025-09-09 15:59:06.389769,0 days 00:00:08.340866,balanced,0.6608658034871641,0.02149477798442168,-1,54,0.0034352087711484154,2120,246,5.455929096459028e-07,0.0006510779150308607,0.7544578067065147,,PRUNED
195,0.8760074781886166,2025-09-09 15:58:59.893880,2025-09-09 15:59:08.417402,0 days 00:00:08.523522,balanced,0.6107529927774001,0.02224999319469993,-1,55,0.08839332111680538,1646,228,0.10165091897587715,0.0006964560226588854,0.7497079678250567,,PRUNED
196,0.8758828417116744,2025-09-09 15:59:01.127130,2025-09-09 15:59:12.031956,0 days 00:00:10.904826,balanced,0.6095137049010442,0.015262414239328115,-1,70,0.08616288511459332,1634,228,0.10606267554622972,0.0007391187305813546,0.7482965354114598,,PRUNED
197,0.8766825924387203,2025-09-09 15:59:01.501378,2025-09-09 15:59:09.924259,0 days 00:00:08.422881,balanced,0.6088674055550266,0.02018590920282992,-1,45,0.43282210659935316,1920,229,0.23296035928869943,0.0008700696374094102,0.7492539600234552,,PRUNED
198,0.8752181138346489,2025-09-09 15:59:06.429089,2025-09-09 15:59:17.736680,0 days 00:00:11.307591,balanced,0.6103968214479623,0.015286909032856885,-1,73,0.39500306421155496,1621,126,0.21550639047302395,0.0018646461237074939,0.7302011773946435,,PRUNED
199,0.8756335687577899,2025-09-09 15:59:08.495846,2025-09-09 15:59:19.677708,0 days 00:00:11.181862,balanced,0.6296443601296912,0.014633431265753328,-1,70,0.36421616160912257,1627,228,0.1883347549317438,0.002142862985737907,0.7287741727589584,,PRUNED
200,0.8464374740340672,2025-09-09 15:59:09.977040,2025-09-09 15:59:15.010498,0 days 00:00:05.033458,balanced,0.6354856051271272,0.015363497211158749,-1,71,4.232385166097661,1569,62,0.16593738739449476,1.6604798598136428e-07,0.7163409160606532,,PRUNED
201,0.8715724968840881,2025-09-09 15:59:12.090751,2025-09-09 15:59:19.883026,0 days 00:00:07.792275,balanced,0.6353623262931085,0.02749667077256949,4,48,0.400274380338012,1610,244,0.6324520571896093,4.0427385491581436e-07,0.7146810586726986,,PRUNED
202,0.87352513502285,2025-09-09 15:59:15.131326,2025-09-09 15:59:24.466948,0 days 00:00:09.335622,balanced,0.6288730214869797,0.029338403225981042,4,47,0.35950437958294745,2636,244,0.3543073334060201,9.769596678217116e-05,0.7294971434528151,,PRUNED
203,0.8842250310587678,2025-09-09 15:59:17.850807,2025-09-09 15:59:56.200180,0 days 00:00:38.349373,balanced,0.6267742138964333,0.030984063832356704,6,47,0.22047642973376944,1490,177,0.6918578432437175,0.0004318210428596083,0.728331288564346,415.2,COMPLETE
204,0.8753323639385127,2025-09-09 15:59:19.851494,2025-09-09 15:59:40.856680,0 days 00:00:21.005186,balanced,0.6284017230143792,0.012363411763107455,4,48,0.20346007356283785,1749,245,0.6876452977629401,0.0001069666413297244,0.7164264445759596,,PRUNED
205,0.8721022019110926,2025-09-09 15:59:20.093927,2025-09-09 15:59:29.004921,0 days 00:00:08.910994,balanced,0.615040371070101,0.019210333241383878,8,59,0.002252882984957655,2654,141,2.861040192944027e-07,0.0003324422743594374,0.7075519980466705,,PRUNED
206,0.8261113419194018,2025-09-09 15:59:24.549048,2025-09-09 15:59:28.669807,0 days 00:00:04.120759,balanced,0.6156212054245284,0.0010797918562436867,16,58,0.20175022726953454,1225,134,0.32396866072784486,0.0003840453991982163,0.7095226155654893,,PRUNED
207,0.8811948192570381,2025-09-09 15:59:28.862126,2025-09-09 16:00:12.386215,0 days 00:00:43.524089,balanced,0.6064163012847185,0.019004897569769197,8,60,0.09384903367707709,1503,125,4.4132663497751495e-05,0.0010637940893459096,0.7201285054477365,,PRUNED
208,0.8740132945575405,2025-09-09 15:59:29.220900,2025-09-09 15:59:39.908855,0 days 00:00:10.687955,balanced,0.6069361522718607,0.016282166565788465,10,51,0.19129601343533492,1491,117,5.289532679979775e-05,0.0004612534027768457,0.7220332163586095,,PRUNED
209,0.880195319007163,2025-09-09 15:59:31.263080,2025-09-09 16:00:41.951390,0 days 00:01:10.688310,balanced,0.605575715870573,0.01240223735166633,6,51,0.09678972211687552,1483,128,0.789190831040188,0.0004613221692326631,0.7189909135436657,,PRUNED
210,0.9008412460436448,2025-09-09 15:59:40.009570,2025-09-09 16:01:20.894981,0 days 00:01:40.885411,balanced,0.6060430659302413,0.012503457553468269,6,63,0.10958996086848309,1757,125,0.8083132477492593,0.0008632270488789828,0.9796587525100849,,PRUNED
211,0.880976178577378,2025-09-09 15:59:40.961453,2025-09-09 16:00:06.011583,0 days 00:00:25.050130,balanced,0.7890524803431413,0.03435737226160721,12,64,0.10126698261213338,1551,238,0.4486644925885324,0.0010451528288591395,0.6863896510346474,,PRUNED
212,0.9005080792936864,2025-09-09 15:59:56.355335,2025-09-09 16:00:37.268483,0 days 00:00:40.913148,balanced,0.6070609832081331,0.033274373486374846,6,29,0.09183898756953024,1537,237,0.9253922001097659,0.000910388750396334,0.7373511886430408,,PRUNED
213,0.8865934904033927,2025-09-09 16:00:06.185736,2025-09-09 16:00:44.275636,0 days 00:00:38.089900,balanced,0.6490089478147325,0.033601560316812315,6,29,0.2503043872133781,1489,250,0.7174430994562354,0.00021275643275752028,0.9806502908426653,351.2,COMPLETE
214,0.9006121939030486,2025-09-09 16:00:12.512849,2025-09-09 16:00:41.974632,0 days 00:00:29.461783,balanced,0.6008807633272482,0.04207155736421018,6,35,0.29621714264604837,2477,175,0.929231425889929,0.0002324484960833766,0.8548379197673401,,PRUNED
215,0.8758205234732033,2025-09-09 16:00:37.456095,2025-09-09 16:00:47.865305,0 days 00:00:10.409210,balanced,0.6243296213832388,0.025625512225119856,6,42,0.27397805636874584,2468,177,0.5789098652975877,0.0004998790171798414,0.7329065780400982,,PRUNED
216,0.881767449608529,2025-09-09 16:00:42.139392,2025-09-09 16:01:20.437769,0 days 00:00:38.298377,balanced,0.6241923601495636,0.02653907519193067,6,43,0.00526374819738433,1677,250,0.3131777028962713,0.0004977498835099193,0.7334435172165603,,PRUNED
217,0.8737847943498132,2025-09-09 16:00:42.161443,2025-09-09 16:00:51.488573,0 days 00:00:09.327130,balanced,0.6241252600626709,0.031302329794655026,6,43,0.23711534355351677,2206,250,0.30297221827377363,0.0005192900116851721,0.7337343407182475,,PRUNED
218,0.9002582042312177,2025-09-09 16:00:44.362094,2025-09-09 16:01:22.173581,0 days 00:00:37.811487,balanced,0.6439096061931802,0.03151288547740732,6,44,0.24389725042501886,2198,251,1.7441546212770394,0.0002524422756199895,0.9842848253023909,,PRUNED
219,0.8758932280847528,2025-09-09 16:00:48.053536,2025-09-09 16:00:56.215524,0 days 00:00:08.161988,balanced,0.6479385954500758,0.03506307328726886,6,44,0.22205726672685452,1798,251,0.31990728881266944,0.0016025492331163298,0.985825895207048,,PRUNED
220,0.8708869962609056,2025-09-09 16:00:51.603128,2025-09-09 16:01:00.407331,0 days 00:00:08.804203,balanced,0.6489447628248095,0.030699144921826155,6,55,0.18527740331519388,1671,247,5.088048104248245,0.0001662309061062317,0.9835014970558957,,PRUNED
221,0.872309929372663,2025-09-09 16:00:56.331984,2025-09-09 16:01:04.667327,0 days 00:00:08.335343,balanced,0.6704531433460854,0.02701830947201699,6,24,0.3436228135655005,1689,189,1.9294542805843462,0.0002349325675066515,0.9969471449028761,,PRUNED
222,0.872289156626506,2025-09-09 16:01:00.619333,2025-09-09 16:01:07.451270,0 days 00:00:06.831937,balanced,0.6152216405926184,0.027385696063709428,-1,37,0.4937069922760472,1590,241,1.5214471278069301,0.00027470224074890013,0.9793149942563568,,PRUNED
223,0.8764852513502285,2025-09-09 16:01:04.762838,2025-09-09 16:01:10.104818,0 days 00:00:05.341980,balanced,0.6373111923168324,0.03617772548137322,-1,63,0.46348168168122367,1579,242,1.259679209548117,0.00027896580997847106,0.9134079543605013,,PRUNED
224,0.8745741587037805,2025-09-09 16:01:07.538479,2025-09-09 16:01:15.279222,0 days 00:00:07.740743,balanced,0.638927363950164,0.024247549578321998,-1,63,2.34638780770291e-06,1469,153,0.17006944781664077,0.002274322721856618,0.7459735598874613,,PRUNED
225,0.8743144993768177,2025-09-09 16:01:10.196078,2025-09-09 16:01:20.906173,0 days 00:00:10.710095,balanced,0.6156591321812509,0.017189054227858575,16,53,0.007055860197675318,1420,246,0.45135638532341826,0.0007980313836679136,0.7405190783402014,,PRUNED
226,0.885376282742163,2025-09-09 16:01:15.460945,2025-09-09 16:02:12.600632,0 days 00:00:57.139687,balanced,0.6000420012327684,0.017212544786152997,16,52,0.0051862474500873335,1524,232,0.4606094966033345,0.0007900875285865255,0.9997805002132698,460.0,COMPLETE
227,0.8757789779808891,2025-09-09 16:01:20.562597,2025-09-09 16:01:31.991060,0 days 00:00:11.428463,balanced,0.6149288503956708,0.016890515652219718,10,52,0.11073394008253953,1403,234,0.5701689437377236,0.0008675206628156148,0.7062365625967617,,PRUNED
228,0.8739925218113834,2025-09-09 16:01:21.046021,2025-09-09 16:01:31.585397,0 days 00:00:10.539376,balanced,0.6160579159695978,0.020362457867319193,10,56,0.14984796539254885,1551,232,0.581733079810428,0.00013326545343984132,0.7276569455983363,,PRUNED
229,0.8863262645785539,2025-09-09 16:01:21.064071,2025-09-09 16:02:20.279341,0 days 00:00:59.215270,balanced,0.6124512988313893,0.020386236507486784,10,57,0.14757381710155337,1521,233,0.5813896546808356,0.0013475661405553897,0.9993671920343296,515.4,COMPLETE
230,0.8764333194848358,2025-09-09 16:01:22.282207,2025-09-09 16:01:33.535452,0 days 00:00:11.253245,balanced,0.6161931915849304,0.0198632965055125,10,56,0.14242414056922437,1528,232,0.5455016470419153,0.00013685678592472326,0.7004127711835003,,PRUNED
231,0.8643020357291235,2025-09-09 16:01:31.639678,2025-09-09 16:01:39.685287,0 days 00:00:08.045609,balanced,0.6005152137186425,0.015953944966621347,-1,174,1.583359383326877,1522,164,1.1693878365272815e-06,0.0012425023251445072,0.7102497092966195,,PRUNED
232,0.8745118404653095,2025-09-09 16:01:32.133381,2025-09-09 16:01:41.811039,0 days 00:00:09.677658,balanced,0.6281884867539137,0.018804865982598,-1,49,0.16603775811695531,1508,239,3.4943870821516633e-06,0.0018362918774977072,0.9985556023723833,,PRUNED
233,0.8766618196925633,2025-09-09 16:01:33.672101,2025-09-09 16:01:42.684748,0 days 00:00:09.012647,balanced,0.6280473585737871,0.023071657223198174,-1,51,0.32735839228179187,1319,239,0.2044638329298823,0.001618543358546272,0.9505992601982142,,PRUNED
234,0.8436746987951809,2025-09-09 16:01:39.741449,2025-09-09 16:01:44.217908,0 days 00:00:04.476459,balanced,0.6253949865702307,0.023797850148767577,-1,18,3.8201926616583286,1272,238,0.24076748387459895,0.0016645812351727756,0.9509656951447792,,PRUNED
235,0.878727303015159,2025-09-09 16:01:41.889981,2025-09-09 16:02:05.173864,0 days 00:00:23.283883,balanced,0.6084871970885728,0.039384707384065444,-1,58,0.2915045365990885,2552,244,0.00025138732146461783,0.0004602651053176632,0.9549300192998557,,PRUNED
236,0.8761736601578728,2025-09-09 16:01:42.885195,2025-09-09 16:01:49.615530,0 days 00:00:06.730335,balanced,0.6006671751824505,0.038673879264940425,16,58,0.2429993685000764,1616,245,0.0003099217963587752,1.6114081935372515,0.7261366934934369,,PRUNED
237,0.876173660157873,2025-09-09 16:01:44.282704,2025-09-09 16:01:50.819291,0 days 00:00:06.536587,balanced,0.600753892305747,0.0387220351154451,10,59,0.2250668378077913,1464,245,0.12694209662825756,2.488192320791743,0.7258110259528654,,PRUNED
238,0.8764748649771499,2025-09-09 16:01:49.679715,2025-09-09 16:01:56.630430,0 days 00:00:06.950715,balanced,0.6094769960867901,0.04702469305484638,10,110,0.06591193369791529,1718,255,0.0001507532559409885,0.000415702675998691,0.6173566696726968,,PRUNED
239,0.8740548400498547,2025-09-09 16:01:50.938897,2025-09-09 16:01:57.728536,0 days 00:00:06.789639,balanced,0.610865361070094,0.04060777573229477,-1,47,0.08307099198312587,1640,250,9.487730743357653e-05,0.00038925340894653565,0.685514098405142,,PRUNED
240,0.8766929788117989,2025-09-09 16:01:56.682572,2025-09-09 16:02:08.956465,0 days 00:00:12.273893,balanced,0.60992258806209,0.014007515179580377,-1,68,0.10551379499273733,1643,250,0.00021989755491647726,0.000373490043222352,0.647727611009357,,PRUNED
241,0.8770668882426256,2025-09-09 16:01:57.821336,2025-09-09 16:02:10.094395,0 days 00:00:12.273059,balanced,0.6202218583149816,0.01421489970501911,-1,63,0.31870847307003397,1581,243,0.00022594828595503825,0.000651937808127225,0.6536070626863328,,PRUNED
242,0.8756231823847114,2025-09-09 16:02:05.276358,2025-09-09 16:02:18.740485,0 days 00:00:13.464127,balanced,0.8637772266606649,0.014489404373437771,16,69,0.16908239524443275,2290,250,0.3902612274363376,0.0007627416250962965,0.6455415289894744,,PRUNED
243,0.8764333194848358,2025-09-09 16:02:09.042334,2025-09-09 16:02:22.928130,0 days 00:00:13.885796,balanced,0.8616802315914879,0.01603064696467232,12,52,0.002657461385169144,2083,138,0.3393487749201249,0.0006588357027948282,0.6392463696312006,,PRUNED
244,0.8762982966348151,2025-09-09 16:02:10.167910,2025-09-09 16:02:20.830101,0 days 00:00:10.662191,balanced,0.6341692343298279,0.02126987596847291,12,54,0.008455663970537207,2269,255,0.4131347936020766,0.0010540386364749827,0.741252940758345,,PRUNED
245,0.8809657671164417,2025-09-09 16:02:12.726497,2025-09-09 16:02:50.824559,0 days 00:00:38.098062,balanced,0.6005041379695572,0.0163822683241368,16,52,0.18324682554982402,442,236,0.36990358295190245,0.0011075900566436048,0.601492321360644,,PRUNED
246,0.8720191109264644,2025-09-09 16:02:18.801954,2025-09-09 16:02:30.451588,0 days 00:00:11.649634,balanced,0.6005472648107086,0.01661611259138946,16,52,0.002496313694972621,1558,237,0.743738495718253,0.0012038205553588919,0.7426580499146246,,PRUNED
247,0.8751765683423348,2025-09-09 16:02:20.358106,2025-09-09 16:02:32.477341,0 days 00:00:12.119235,balanced,0.6001916609310536,0.018186128517113053,16,55,0.003444788698793444,1466,233,1.100184047340272,0.0013412024311235198,0.999320600790902,,PRUNED
248,0.8731200664727877,2025-09-09 16:02:20.937379,2025-09-09 16:02:33.749133,0 days 00:00:12.811754,balanced,0.6004035423125416,0.017701679676476484,16,51,0.005455538711536562,1475,233,1.0164580659166536,0.002785410406653151,0.9923306271974539,,PRUNED
249,0.9009141262701982,2025-09-09 16:02:23.002561,2025-09-09 16:03:23.621864,0 days 00:01:00.619303,balanced,0.600549892772259,0.01789602912280236,16,61,0.09902850132516222,1477,233,0.8429478463678107,0.003641984104009766,0.9939995395526929,,PRUNED
250,0.8746780224345658,2025-09-09 16:02:30.498922,2025-09-09 16:02:40.154839,0 days 00:00:09.655917,balanced,0.6153765872891028,0.018251084890915665,16,61,0.16297517747979828,1446,232,0.22248073101119156,1.1416526690516482e-08,0.9910627461735456,,PRUNED
251,0.9006121939030486,2025-09-09 16:02:32.562105,2025-09-09 16:03:32.940453,0 days 00:01:00.378348,balanced,0.6146685752731885,0.01955362646710367,10,61,0.1584862724950113,1517,223,0.7458655959153317,0.002383790505737069,0.9904776436963568,,PRUNED
252,0.8764021603656003,2025-09-09 16:02:33.824861,2025-09-09 16:02:43.466073,0 days 00:00:09.641212,balanced,0.619523933323573,0.021372011824971768,10,61,0.16868162795806987,1600,225,8.191810343204487e-08,0.0006325794328340283,0.9918756774389272,,PRUNED
253,0.873483589530536,2025-09-09 16:02:40.227958,2025-09-09 16:02:49.615136,0 days 00:00:09.387178,,0.6118187648774975,0.02098928241279882,10,47,0.12942034050403067,1813,226,0.13532147641601217,0.0005928134104767796,0.9999609704528108,,PRUNED
254,0.8763917739925218,2025-09-09 16:02:43.572538,2025-09-09 16:02:55.148619,0 days 00:00:11.576081,,0.6099097723730023,0.019678004576608447,10,47,0.10217721427835422,1801,240,0.04837732117064326,0.0009274086008774861,0.9998649703652767,,PRUNED
255,0.8847584591238519,2025-09-09 16:02:49.686509,2025-09-09 16:04:04.614166,0 days 00:01:14.927657,balanced,0.6092278082085574,0.015357778839659659,10,56,0.21437157391542064,1516,239,0.6803638850531597,0.0010782706175810023,0.9680697096894196,641.0,COMPLETE
256,0.8719048608226008,2025-09-09 16:02:50.897118,2025-09-09 16:03:01.278571,0 days 00:00:10.381453,balanced,0.6105406400393023,0.018621764797954386,10,31,0.26752644196265457,1526,241,0.6807758862184841,0.00020094221030769624,0.9729357547163535,,PRUNED
