number,value,datetime_start,datetime_complete,duration,params_class_weight,params_colsample_bytree,params_learning_rate,params_max_depth,params_min_child_samples,params_min_split_gain,params_n_estimators,params_num_leaves,params_reg_alpha,params_reg_lambda,params_subsample,user_attrs_mean_best_iteration,state
0,0.8744216445993871,2025-09-09 15:45:42.686876,2025-09-09 15:45:48.892069,0 days 00:00:06.205193,balanced,0.7256570662196111,0.15388079937474838,10,43,0.6612286857617133,955,118,5.92328822793395e-07,0.0026007882478058576,0.9288522077992247,45.6,COMPLETE
1,0.8665563051807429,2025-09-09 15:45:42.688142,2025-09-09 15:45:54.099886,0 days 00:00:11.411744,balanced,0.8435594285167507,0.010029403852546208,6,176,4.741105282922604,2758,44,0.020051509124647995,3.1132429104136744e-05,0.6862751297981875,,PRUNED
2,0.8516679160419789,2025-09-09 15:45:42.720190,2025-09-09 15:45:53.568087,0 days 00:00:10.847897,balanced,0.7813348746579685,0.0051646556487420815,4,163,1.040312101639832,580,118,9.301584869408474,4.903616962226928e-08,0.7261909299180341,,PRUNED
3,0.8625745059197308,2025-09-09 15:45:42.734313,2025-09-09 15:45:50.513262,0 days 00:00:07.778949,balanced,0.756797432551357,0.03365557457938245,-1,37,3.686164274345705,2984,250,3.7989718233694273e-08,0.037345492589777936,0.704466884253308,119.2,COMPLETE
4,0.855208618080518,2025-09-09 15:45:42.743232,2025-09-09 15:45:44.612581,0 days 00:00:01.869349,balanced,0.6798756474708678,0.14164749706864854,10,137,4.184422773875195,1018,99,0.2583828619184328,3.198605584459654e-06,0.8215566856681632,38.6,COMPLETE
5,0.8552010766705,2025-09-09 15:45:44.643721,2025-09-09 15:45:48.131645,0 days 00:00:03.487924,,0.8239059946339308,0.09655334955322188,8,149,4.64571778948525,1480,77,0.0027863386135217666,0.023515344482206664,0.6788417454826241,57.0,COMPLETE
6,0.855707562885224,2025-09-09 15:45:48.169865,2025-09-09 15:45:54.281298,0 days 00:00:06.111433,balanced,0.6924107464346386,0.007633622393410808,14,109,4.698541088771174,1228,175,0.00045819350356818175,0.03838371496085823,0.7739811861527892,,PRUNED
7,0.8530942861902382,2025-09-09 15:45:48.934542,2025-09-09 15:47:18.087904,0 days 00:01:29.153362,,0.7946104821496857,0.0032122997444087352,-1,50,0.8775867572250995,2395,75,0.4627636829104976,0.46246965542916996,0.7192168451370144,,PRUNED
8,0.8582328639896918,2025-09-09 15:45:50.540501,2025-09-09 15:45:53.389855,0 days 00:00:02.849354,balanced,0.9826703854188977,0.06237946010671586,12,159,2.1930225072174006,2077,137,4.515756754571617,4.092782646914781e-05,0.907433773602652,101.0,COMPLETE
9,0.8814356526555999,2025-09-09 15:45:53.418295,2025-09-09 15:46:49.878733,0 days 00:00:56.460438,balanced,0.8443082334538153,0.007675821644356957,-1,81,0.1194349389569771,1785,41,0.5413319644932555,0.06478599881489103,0.751600433805379,1162.0,COMPLETE
10,0.8161975488159535,2025-09-09 15:45:53.591948,2025-09-09 15:45:55.072384,0 days 00:00:01.480436,balanced,0.6866427974220723,0.0010078529028098651,10,85,3.912186166634757,1886,65,2.0035061327921882e-07,0.07418508237948399,0.6436791213419041,,PRUNED
11,0.8402160365600332,2025-09-09 15:45:54.131921,2025-09-09 15:45:54.603014,0 days 00:00:00.471093,balanced,0.7113035623056692,0.13002727083172094,8,138,4.036115218743907,1302,184,0.7139229062209479,0.8480721692741403,0.9018465025965106,,PRUNED
12,0.8549995835415625,2025-09-09 15:45:54.314595,2025-09-09 15:45:57.087852,0 days 00:00:02.773257,balanced,0.9725651809211735,0.04550606576750332,16,6,3.0196280814202128,902,184,1.0857289149679315e-06,3.222756256990097e-05,0.859430985916708,,PRUNED
13,0.8744757691435406,2025-09-09 15:45:54.624543,2025-09-09 15:46:21.292018,0 days 00:00:26.667475,balanced,0.7015225261654019,0.008474535203461926,14,99,1.568184361449202,2767,15,1.0799364510902044e-05,0.007420128648289943,0.660214540621356,907.4,COMPLETE
14,0.8779063982065193,2025-09-09 15:45:55.096675,2025-09-09 15:46:18.075975,0 days 00:00:22.979300,,0.6261208251345146,0.031111855869541842,16,14,0.48944725326031124,607,252,1.8013525405327924e-06,0.00118940577519088,0.9989956134358227,117.4,COMPLETE
15,0.883432871917455,2025-09-09 15:45:57.114101,2025-09-09 15:46:24.623873,0 days 00:00:27.509772,,0.6052990176979756,0.024614460691968855,-1,31,0.35795936978673204,2863,245,1.0701455975101122e-08,0.0015272216299506648,0.9907219017339574,210.8,COMPLETE
16,0.8840295063311718,2025-09-09 15:46:18.105686,2025-09-09 15:46:44.245502,0 days 00:00:26.139816,,0.6026225717842664,0.0215990945392145,16,53,0.055133153477081476,517,247,8.864530798669638e-06,0.0006207888515445481,0.9986773662978782,306.2,COMPLETE
17,0.8781705231721488,2025-09-09 15:46:21.320948,2025-09-09 15:46:40.612528,0 days 00:00:19.291580,,0.6006537501961803,0.0228766668512619,14,200,0.05953132533419897,2385,18,1.6397279768418087e-05,0.0009798008820043579,0.9993925292200639,781.4,COMPLETE
18,0.8802502012046185,2025-09-09 15:46:24.652099,2025-09-09 15:47:52.686626,0 days 00:01:28.034527,,0.6024087577806688,0.018885318247537933,16,9,0.05346253457614619,2218,255,1.0096885483526448e-08,8.355317702250762,0.9771051142473968,419.6,COMPLETE
19,0.8762806096951525,2025-09-09 15:46:40.643416,2025-09-09 15:46:58.628306,0 days 00:00:17.984890,,0.6011070146947249,0.018567525969391235,-1,196,0.1013151603276681,2280,211,4.5091861464645826e-05,5.788587968805048,0.9818140537142692,,PRUNED
20,0.8945006663334999,2025-09-09 15:46:44.277619,2025-09-09 15:48:04.166468,0 days 00:01:19.888849,,0.6411712619486061,0.0032677923993088857,-1,68,1.486899456209151,2257,222,1.364367749687428e-08,2.911894150335682e-07,0.9700515530135742,,PRUNED
21,0.8655463934699318,2025-09-09 15:46:49.905538,2025-09-09 15:46:57.278974,0 days 00:00:07.373436,,0.6416429976075387,0.015640389984753356,16,54,1.5686781412982842,2223,227,7.452295691826112e-05,1.1883219555115328e-07,0.9531061793775408,,PRUNED
22,0.8419505608641462,2025-09-09 15:46:57.315948,2025-09-09 15:47:03.937413,0 days 00:00:06.621465,,0.8998732959363842,0.003264839377804066,4,63,1.3106375554928484,1613,209,2.3039777417380076e-08,8.664643628800558,0.8433646562657279,,PRUNED
23,0.8436019941836311,2025-09-09 15:46:58.658456,2025-09-09 15:47:03.382127,0 days 00:00:04.723671,,0.9063411200767695,0.0028207869455584345,12,61,1.2394110753200187,433,211,1.234937515774715e-08,1.9012761194707932e-06,0.8487074381825941,,PRUNED
24,0.8484316576651434,2025-09-09 15:47:03.409310,2025-09-09 15:47:09.826974,0 days 00:00:06.417664,,0.6524369458053061,0.004329548236109735,4,22,2.3765174150969446,1528,156,4.5533181361140375e-08,0.00014554701960288124,0.9547476455344356,,PRUNED
25,0.8806363785978497,2025-09-09 15:47:03.964580,2025-09-09 15:47:49.506508,0 days 00:00:45.541928,,0.8842083552913211,0.01184008721927211,-1,27,0.5526346871677881,1833,162,0.013355815819503285,0.00020060416485220584,0.764654121816221,372.0,COMPLETE
26,0.8797333712661741,2025-09-09 15:47:09.857270,2025-09-09 15:47:42.141321,0 days 00:00:32.284051,,0.8700304122951503,0.011995794249063956,-1,75,0.767746736549217,1793,231,0.015467885940610706,0.18984039128057667,0.6039447897199766,624.8,COMPLETE
27,0.8823604713707404,2025-09-09 15:47:18.112196,2025-09-09 15:47:52.866656,0 days 00:00:34.754460,,0.8842676531709275,0.011857349093431105,-1,86,0.35879704957266023,1988,236,0.006646358339175177,0.0003819447675789753,0.7534454028606714,701.4,COMPLETE
28,0.877675745460603,2025-09-09 15:47:42.174822,2025-09-09 15:47:51.194887,0 days 00:00:09.020065,,0.9390864980968842,0.06733486163030196,-1,29,0.3439023438246178,2614,232,0.0005696639467372796,0.004605873131766809,0.77183549868505,,PRUNED
29,0.8747084790937866,2025-09-09 15:47:49.547105,2025-09-09 15:48:01.664698,0 days 00:00:12.117593,,0.7507481384784299,0.026844679192332528,6,104,0.03206191526992696,2602,239,0.0005590495094741553,0.005788002988047895,0.7835057588940639,,PRUNED
30,0.8552451184046531,2025-09-09 15:47:51.223823,2025-09-09 15:47:53.210393,0 days 00:00:01.986570,,0.8392331981387422,0.023335636009508692,6,106,1.825339341394255,2041,50,2.1918664491510369e-07,0.0006120192941294271,0.878978498920151,,PRUNED
31,0.8574885749896136,2025-09-09 15:47:52.729385,2025-09-09 15:47:54.600429,0 days 00:00:01.871044,,0.7503111080807745,0.02866323437770253,6,112,1.8009909876192067,748,39,3.569917047415958e-06,0.0005082430075002867,0.8904467561469803,,PRUNED
32,0.8465205650186954,2025-09-09 15:47:52.929020,2025-09-09 15:47:54.109022,0 days 00:00:01.180002,,0.743671260196072,0.031070263083109468,6,113,3.1599481262685516,2584,201,5.375331537001275e-06,4.321866076353494e-06,0.8800089055180884,,PRUNED
33,0.8506855006231824,2025-09-09 15:47:53.253331,2025-09-09 15:47:54.408911,0 days 00:00:01.155580,,0.6561616719436754,0.03707439772212604,16,121,2.9875906801669343,2995,202,8.24302748974979e-06,7.1437942144580615e-06,0.943701302549169,,PRUNED
34,0.8815079909844276,2025-09-09 15:47:54.144976,2025-09-09 15:48:07.218923,0 days 00:00:13.073947,,0.6659155674272174,0.04265355893632062,16,40,0.6199093981611123,2981,235,0.0025634683454477743,0.005425664608985134,0.8020293166337117,141.2,COMPLETE
35,0.8815817643387142,2025-09-09 15:47:54.443112,2025-09-09 15:48:45.505948,0 days 00:00:51.062836,,0.9258339907415066,0.00757300117231992,-1,86,0.420051694999145,1244,240,0.08590784135630303,0.003128286959004238,0.7490116983396153,1085.0,COMPLETE
36,0.8821576711644179,2025-09-09 15:47:54.634610,2025-09-09 15:48:49.171494,0 days 00:00:54.536884,,0.8593133188162012,0.007265149134963727,-1,83,0.43741706331998176,1339,237,0.11183849036414246,0.006918602108206208,0.7368706996121104,1130.8,COMPLETE
37,0.882356954053094,2025-09-09 15:48:01.692692,2025-09-09 15:49:00.622230,0 days 00:00:58.929538,balanced,0.8631902446630396,0.007165765252245725,-1,81,0.4049608738215524,1308,104,0.07967150294442055,0.0026410882157411057,0.7441576897798577,1208.0,COMPLETE
38,0.8805999409933587,2025-09-09 15:48:04.198286,2025-09-09 15:48:58.665030,0 days 00:00:54.466744,balanced,0.8194091162057324,0.00658833248163996,-1,80,0.4177082020922742,1198,104,0.11575779202209942,0.00012275319206360528,0.7433915484948062,1147.8,COMPLETE
39,0.8687266306605733,2025-09-09 15:48:07.249783,2025-09-09 15:48:09.208565,0 days 00:00:01.958782,,0.6678649043730813,0.04821365700661324,16,43,1.006971169847685,2874,242,0.003805151638653118,9.686350195839818e-05,0.8111379329776766,,PRUNED
40,0.8813957178037487,2025-09-09 15:48:09.241221,2025-09-09 15:48:18.282949,0 days 00:00:09.041728,,0.6247408343304331,0.07609683119477399,16,38,0.416043416982258,2702,222,0.0464845544391059,0.002396865026171254,0.9283292271610534,76.2,COMPLETE
41,0.8691732447029498,2025-09-09 15:48:18.320626,2025-09-09 15:48:27.787085,0 days 00:00:09.466459,,0.6229191190470166,0.005830868512287704,10,90,0.708889963143239,1186,241,0.0019351880212882767,0.010953814045123682,0.7438012540885889,,PRUNED
42,0.8670128791026175,2025-09-09 15:48:27.822941,2025-09-09 15:48:32.658961,0 days 00:00:04.836020,,0.7182346601153031,0.014393918304179777,8,49,0.9940114720272479,2501,189,0.1013712586269247,0.0021275081002096255,0.9247218285686962,,PRUNED
43,0.8654237640216036,2025-09-09 15:48:32.691052,2025-09-09 15:48:33.733502,0 days 00:00:01.042450,,0.7771506928090803,0.18954884744057565,16,36,0.34742679991347347,2849,255,0.00014129276435215479,9.883489382473713e-06,0.7197942670253356,,PRUNED
44,0.8711258828417117,2025-09-09 15:48:33.760051,2025-09-09 15:48:35.966003,0 days 00:00:02.205952,,0.8097825355724564,0.04503970320946915,12,72,0.623673898341232,2017,140,0.005072742257237196,0.0003069064189920671,0.6958741102604855,,PRUNED
45,0.8687993352721228,2025-09-09 15:48:35.995322,2025-09-09 15:48:44.716484,0 days 00:00:08.721162,balanced,0.8610092235627232,0.006997403880562492,-1,91,0.39276533693918053,1036,102,1.3356651633982077,0.021721905510103317,0.7457550886508573,,PRUNED
46,0.881633435290387,2025-09-09 15:48:44.748749,2025-09-09 15:49:32.155826,0 days 00:00:47.407077,balanced,0.8388614328896202,0.010276403434877306,-1,79,0.2468376909850919,1401,111,0.05596229211910641,0.07096296792637923,0.8229013795657432,874.2,COMPLETE
47,0.8766137764451108,2025-09-09 15:48:45.546554,2025-09-09 15:49:17.139215,0 days 00:00:31.592661,,0.933408981966254,0.010084971545286302,-1,58,0.808842118078547,1391,241,0.1264270335386919,7.420135135361325e-05,0.7918169065934296,,PRUNED
48,0.867127129206481,2025-09-09 15:48:49.207590,2025-09-09 15:48:55.378178,0 days 00:00:06.170588,,0.9268488458814231,0.009728061763801116,-1,127,1.203313749427469,1308,244,0.11266954674081271,5.152857089020467e-05,0.7878459693771515,,PRUNED
49,0.8529081844619859,2025-09-09 15:48:55.417347,2025-09-09 15:49:09.019242,0 days 00:00:13.601895,,0.9486018085567403,0.001999215515344123,-1,79,0.2540218591654469,1414,219,0.04110319044604542,0.017026654362374178,0.7088768760657403,,PRUNED
50,0.8458454507685917,2025-09-09 15:48:58.698022,2025-09-09 15:49:09.965343,0 days 00:00:11.267321,,0.9129324449796054,0.001951216220233737,-1,98,0.8425686678570647,1387,220,0.051428039758307564,0.014423788231659783,0.8300934327718169,,PRUNED
51,0.8624636476942252,2025-09-09 15:49:00.667249,2025-09-09 15:49:11.997407,0 days 00:00:11.330158,balanced,0.8570903358257743,0.004834907605213232,-1,96,0.8718971733768737,1441,122,1.6877726013237868,0.001498169816146527,0.6760467894299029,,PRUNED
52,0.8628687162442875,2025-09-09 15:49:09.049929,2025-09-09 15:49:21.535769,0 days 00:00:12.485840,balanced,0.8434691164248236,0.0049508683280413595,-1,58,0.9233577726719493,1667,125,2.8817497551905205,0.08035274447989374,0.6872320597850121,,PRUNED
53,0.8636684669713336,2025-09-09 15:49:09.998783,2025-09-09 15:49:16.200146,0 days 00:00:06.201363,balanced,0.8432695926088009,0.010877692308042001,10,55,0.8784136774205993,838,73,2.500228633863431,0.124699370903769,0.6747463972524198,,PRUNED
54,0.8779568549058804,2025-09-09 15:49:12.035563,2025-09-09 15:49:51.456922,0 days 00:00:39.421359,balanced,0.887010476588358,0.009345380890342248,10,56,0.2137825683099254,905,87,0.30180027689618033,0.060211740937305004,0.7316860317302414,,PRUNED
55,0.8826263926269796,2025-09-09 15:49:16.232992,2025-09-09 15:50:06.115181,0 days 00:00:49.882189,balanced,0.8844623012540079,0.008760331395515374,-1,87,0.24207504638179797,1093,247,0.27326031800039347,0.0032572332840178327,0.7314014861197125,1034.4,COMPLETE
56,0.8436123805567095,2025-09-09 15:49:17.177290,2025-09-09 15:49:19.020179,0 days 00:00:01.842889,balanced,0.9635381133838504,0.015838645639601204,-1,69,4.990384955832429,1041,87,0.31354835853720303,0.0006163968928480622,0.7295231632867312,,PRUNED
57,0.8828222736021546,2025-09-09 15:49:19.055601,2025-09-09 15:50:23.344665,0 days 00:01:04.289064,balanced,0.8830144900395109,0.007875953554191318,14,83,0.20309790600686625,1661,249,0.012464417203127229,0.0032412166349090887,0.7281980711044126,1223.8,COMPLETE
58,0.863813876194433,2025-09-09 15:49:21.571883,2025-09-09 15:49:29.667434,0 days 00:00:08.095551,,0.8842282299710584,0.00842406007675629,-1,81,0.2234509176704113,1130,248,7.734663151155795,2.073166462574881e-05,0.7594994518169937,,PRUNED
59,0.8824729302015658,2025-09-09 15:49:29.709899,2025-09-09 15:49:59.306617,0 days 00:00:29.596718,balanced,0.8834392882590195,0.01817557947965754,14,91,0.17335245259622578,696,200,0.012076555800637495,0.044583495851793935,0.7314456629518404,580.2,COMPLETE
60,0.8605837141670127,2025-09-09 15:49:32.202411,2025-09-09 15:49:39.695438,0 days 00:00:07.493027,balanced,0.7903009201974169,0.019420147522926028,14,19,0.15624556010906893,1565,115,0.010735801130988227,1.1430476243298557e-08,0.6500601937295017,,PRUNED
61,0.8707831325301206,2025-09-09 15:49:39.750740,2025-09-09 15:49:48.104759,0 days 00:00:08.354019,balanced,0.8817325152441499,0.012601193070173728,4,66,0.0347185804827182,1947,108,0.0011735667245322773,0.8976075679825591,0.7309856106783693,,PRUNED
62,0.8406626506024095,2025-09-09 15:49:48.138638,2025-09-09 15:49:53.323102,0 days 00:00:05.184464,balanced,0.8145049271944194,0.003873156824863669,12,91,1.1080560437262912,536,88,0.007346670216218882,0.042055184897655425,0.9787467865776334,,PRUNED
63,0.8685708350643954,2025-09-09 15:49:51.496389,2025-09-09 15:49:55.216569,0 days 00:00:03.720180,balanced,0.830162698658776,0.021139145332812238,8,50,1.135409399021889,1714,94,0.006926692644162136,0.00030423621524409657,0.9749765016425724,,PRUNED
64,0.8484628167843787,2025-09-09 15:49:53.358207,2025-09-09 15:49:54.900722,0 days 00:00:01.542515,balanced,0.994313407750094,0.02288638260564692,8,75,4.403941157577904,1719,146,0.02341612122642814,0.2571636581233231,0.9992045664812867,,PRUNED
65,0.8795185740463102,2025-09-09 15:49:54.943004,2025-09-09 15:50:40.524495,0 days 00:00:45.581491,,0.861176569843251,0.00705620916069471,-1,85,0.5871154632118729,1300,230,0.9567796235806189,0.0034714704957366136,0.7550912279947795,,PRUNED
66,0.8725384295803906,2025-09-09 15:49:55.263773,2025-09-09 15:50:07.429830,0 days 00:00:12.166057,,0.8623884010301834,0.005985624473635739,-1,87,0.5203294434596714,1298,129,0.5983537573360954,0.0044058682909304744,0.7711244242119397,,PRUNED
67,0.8835526965432946,2025-09-09 15:49:59.352637,2025-09-09 15:50:32.337888,0 days 00:00:32.985251,balanced,0.8673257709309653,0.0161338263887404,14,86,0.008455923347741895,711,131,2.6572222254099506e-07,1.4439103051560995,0.7083637546465227,649.0,COMPLETE
68,0.8728292480265892,2025-09-09 15:50:06.222479,2025-09-09 15:50:12.262966,0 days 00:00:06.040487,balanced,0.8626541253673825,0.01671162489579636,14,99,0.5837349002875161,732,231,0.5330799752604201,0.0010534531727803447,0.7089179762684433,,PRUNED
69,0.8731616119651018,2025-09-09 15:50:07.473606,2025-09-09 15:50:13.451409,0 days 00:00:05.977803,balanced,0.8984192693408437,0.017322893257104607,14,97,0.5776547539461965,646,227,2.999060135267403e-07,0.0009682760575841923,0.6994820658571891,,PRUNED
70,0.8616535105941006,2025-09-09 15:50:12.305745,2025-09-09 15:50:16.135450,0 days 00:00:03.829705,balanced,0.8984358419599541,0.01323176975875632,14,127,0.04236375752263945,485,195,9.395536496619338e-08,0.008284276901166591,0.7155358622736554,,PRUNED
71,0.8610095554632321,2025-09-09 15:50:13.497098,2025-09-09 15:50:17.352428,0 days 00:00:03.855330,balanced,0.9116951514417372,0.013021722623251429,14,123,0.699857800437864,465,200,6.745233027604291e-08,0.009174940881644705,0.7139086667072366,,PRUNED
72,0.8777278027652841,2025-09-09 15:50:16.174026,2025-09-09 15:50:34.354583,0 days 00:00:18.180557,balanced,0.612259714058978,0.02639437770371767,14,178,0.006535833467980562,785,214,0.025152423825191443,0.025323733101994816,0.7585025364504634,,PRUNED
73,0.8407976734524305,2025-09-09 15:50:17.396329,2025-09-09 15:50:21.512397,0 days 00:00:04.116068,balanced,0.7709696011095504,0.008298601775496765,4,31,3.670479403799356,964,248,8.977568427734917e-07,0.0273034624588827,0.9603988742842012,,PRUNED
74,0.872746157041961,2025-09-09 15:50:21.554037,2025-09-09 15:50:25.624299,0 days 00:00:04.070262,,0.8725515807354266,0.026218321640188922,-1,111,0.2938483429430975,576,174,3.190810547895202e-05,0.0001965294358350009,0.7573872273446237,,PRUNED
75,0.8826863676595437,2025-09-09 15:50:23.390755,2025-09-09 15:50:49.343707,0 days 00:00:25.952952,balanced,0.8739353821508079,0.02558724003417747,14,66,0.2360948956888616,775,216,0.024142282685794766,0.0031612601143924364,0.7587561742925041,336.2,COMPLETE
76,0.8656418778562526,2025-09-09 15:50:25.675800,2025-09-09 15:50:34.600542,0 days 00:00:08.924742,balanced,0.8530984291062064,0.00542995105727745,14,64,0.0014787775365718014,682,213,0.023868864002054624,0.0035032399914259713,0.7372205453187264,,PRUNED
77,0.8786960686323506,2025-09-09 15:50:32.381770,2025-09-09 15:51:03.372703,0 days 00:00:30.990933,balanced,0.8946995454332094,0.015177556625213988,14,71,0.012720580367016898,657,214,0.023996576312625736,1.985468437645596,0.6847263012003334,,PRUNED
78,0.8835059428117267,2025-09-09 15:50:34.399385,2025-09-09 15:50:54.152488,0 days 00:00:19.753103,balanced,0.8738024882947408,0.03758435210277215,14,105,0.20066687578997291,643,252,0.00030391506114221204,1.8103601541215848,0.622627523421756,334.0,COMPLETE
79,0.8978323338330835,2025-09-09 15:50:34.646502,2025-09-09 15:51:22.497291,0 days 00:00:47.850789,balanced,0.9223660645119168,0.014782536407100526,14,73,0.21094025254751242,1098,250,1.4143805238982254e-07,3.048095538494506,0.6891314176435898,,PRUNED
80,0.8664935604486912,2025-09-09 15:50:40.584795,2025-09-09 15:50:44.398355,0 days 00:00:03.813560,balanced,0.9212954972128345,0.014859066522196903,14,105,0.16644005581690235,405,250,2.121624229076134e-06,0.5767187146025542,0.9885566210600488,,PRUNED
81,0.8811948192570381,2025-09-09 15:50:44.472582,2025-09-09 15:51:00.187096,0 days 00:00:15.714514,balanced,0.8734943477558789,0.03417660979703161,14,116,0.31611778155398235,2175,154,4.3643041448866873e-07,2.6187620464275696,0.6210343663400647,,PRUNED
82,0.8711362692147901,2025-09-09 15:50:49.410404,2025-09-09 15:50:51.669204,0 days 00:00:02.258800,balanced,0.8919680957779959,0.03607281636598962,14,73,1.3566258426236897,839,255,0.0012607785167308941,2.323751170368077,0.690418890604628,,PRUNED
83,0.8839732794245447,2025-09-09 15:50:51.742653,2025-09-09 15:51:41.283148,0 days 00:00:49.540495,balanced,0.8736182024317953,0.019384529376377545,14,47,0.14839126756137522,2157,224,0.00010985151571075985,3.6783730057965927,0.6650489634435565,559.6,COMPLETE
84,0.8695056086414625,2025-09-09 15:50:54.223422,2025-09-09 15:50:57.451048,0 days 00:00:03.227626,balanced,0.6350802119733419,0.057370090481005574,14,115,0.16204005849176867,655,163,0.00014732648725814137,3.5339243203292705,0.6254800699735824,,PRUNED
