number,value,datetime_start,datetime_complete,duration,params_class_weight,params_colsample_bytree,params_learning_rate,params_max_depth,params_min_child_samples,params_min_split_gain,params_n_estimators,params_num_leaves,params_reg_alpha,params_reg_lambda,params_subsample,user_attrs_mean_best_iteration,state
84,0.846161240707511,2025-09-12 16:18:17.821572,2025-09-12 16:18:38.791614,0 days 00:00:20.970042,balanced,0.962374218579763,0.013056557811524854,16,47,0.004299768228909873,2077,167,0.5737067024244972,1.9354286398874155e-08,0.8192073351787406,,PRUNED
85,0.8820911304793644,2025-09-12 16:18:18.916153,2025-09-12 16:21:09.508301,0 days 00:02:50.592148,balanced,0.968289957840833,0.009598915833644923,16,45,0.0313598178876264,2161,164,0.7027466961095468,2.2743142748935434e-08,0.8310771086306235,724.2,COMPLETE
86,0.882254550115355,2025-09-12 16:18:22.502457,2025-09-12 16:21:01.192296,0 days 00:02:38.689839,balanced,0.6391513738775292,0.009519612138955344,16,65,0.5558518802839214,2111,178,0.5648146549473195,9.354542917673508e-08,0.7853876245649314,833.8,COMPLETE
87,0.8843597795437066,2025-09-12 16:18:31.097551,2025-09-12 16:22:19.503190,0 days 00:03:48.405639,balanced,0.8987740749647951,0.008976736404637913,16,64,0.007008759446953838,2148,161,0.7817780026873241,1.0604247873570842e-07,0.7898868453258795,930.4,COMPLETE
88,0.8644257882594206,2025-09-12 16:18:39.314452,2025-09-12 16:19:38.415958,0 days 00:00:59.101506,balanced,0.6454911710513953,0.009637007923472482,16,62,0.5548567921593563,2147,180,2.2368017779685,1.0186028907690098e-08,0.7898753657357109,,PRUNED
89,0.8819148936170214,2025-09-12 16:19:38.906666,2025-09-12 16:22:36.813680,0 days 00:02:57.907014,balanced,0.8932737826035059,0.009747277300058572,16,75,0.49651954001220777,2280,155,0.29752078285364697,8.43201289712054e-08,0.8366578743096716,828.0,COMPLETE
90,0.883433734939759,2025-09-12 16:20:22.891356,2025-09-12 16:23:36.212516,0 days 00:03:13.321160,balanced,0.8631998381375003,0.009203399222529902,16,64,0.49858772855359096,2501,152,0.2963844947948357,9.059409796570502e-08,0.8452250861965841,828.0,COMPLETE
91,0.8824436042040503,2025-09-12 16:21:02.093520,2025-09-12 16:23:42.891692,0 days 00:02:40.798172,balanced,0.8653943260877225,0.010766729556205471,16,74,0.4791269517271398,1744,153,0.28013921997748303,7.372440599097688e-08,0.8323788754452699,773.6,COMPLETE
92,0.883545885670341,2025-09-12 16:21:10.506762,2025-09-12 16:23:54.807504,0 days 00:02:44.300742,balanced,0.6011334136411558,0.011129487148234108,16,77,0.4292751865060894,2497,196,0.27924152574921235,7.373855919239269e-08,0.841987837958454,817.4,COMPLETE
93,0.8457927454498847,2025-09-12 16:22:20.503355,2025-09-12 16:22:48.999291,0 days 00:00:28.495936,balanced,0.8641167530577809,0.011184169990432606,16,74,0.5461222256631328,1795,189,3.5181387920389944,4.2770229344556533e-07,0.845457900516406,,PRUNED
94,0.8464175852345552,2025-09-12 16:22:37.599067,2025-09-12 16:23:04.416592,0 days 00:00:26.817525,balanced,0.8658029627887549,0.01126287526030228,16,101,0.4250922014557661,1819,152,5.154877985775907,3.468125802118106e-07,0.8456773332773534,,PRUNED
95,0.8852249423224814,2025-09-12 16:22:49.506432,2025-09-12 16:26:03.804175,0 days 00:03:14.297743,balanced,0.9182847397610038,0.008353488304896302,16,66,0.31623830728827806,2495,151,0.2473753663587848,4.073486032837018e-08,0.7745315452834678,970.6,COMPLETE
96,0.8854812868495259,2025-09-12 16:23:04.715756,2025-09-12 16:26:25.433096,0 days 00:03:20.717340,balanced,0.6001568390813994,0.006605780349230548,16,61,0.11693157214323663,2490,140,0.2724323048418274,3.466667334128094e-08,0.7750510411599278,1189.6,COMPLETE
97,0.8837317354524481,2025-09-12 16:23:37.015151,2025-09-12 16:26:24.859285,0 days 00:02:47.844134,balanced,0.9192974088124334,0.008003421587922652,16,68,0.2912433334934413,2591,140,0.2818589218336357,3.679223551656307e-08,0.7745225133510366,1014.4,COMPLETE
98,0.8666047167392977,2025-09-12 16:23:43.499815,2025-09-12 16:25:30.802945,0 days 00:01:47.303130,balanced,0.9199274076741576,0.006605139400522492,16,81,0.32090945843732077,2596,142,1.6375244720728779,3.795984120971924e-08,0.8590358452883217,,PRUNED
99,0.8683991284286081,2025-09-12 16:23:55.310305,2025-09-12 16:25:31.229606,0 days 00:01:35.919301,balanced,0.9139254616101808,0.006751153990177338,16,68,0.29336740937066774,2606,141,1.4575030633980892,1.468932639829507e-07,0.7774322865116121,,PRUNED
