number,value,datetime_start,datetime_complete,duration,params_class_weight,params_colsample_bytree,params_learning_rate,params_max_depth,params_min_child_samples,params_min_split_gain,params_n_estimators,params_num_leaves,params_reg_alpha,params_reg_lambda,params_subsample,user_attrs_mean_best_iteration,state
0,0.8640476800820303,2025-09-12 15:51:10.864116,2025-09-12 15:52:24.209815,0 days 00:01:13.345699,,0.8216368545526544,0.002874675488715482,14,88,2.29486736746104,1785,59,0.0373379334518055,0.0007419011126774621,0.9415654540678955,1356.6,COMPLETE
1,0.8563076775185848,2025-09-12 15:51:10.868782,2025-09-12 15:51:16.717667,0 days 00:00:05.848885,,0.6181565017459681,0.10259441205908398,14,143,3.6117276585194324,1314,61,2.7117828313819056e-05,0.5939163113225847,0.6058945280208679,56.6,COMPLETE
2,0.8693508074852602,2025-09-12 15:51:10.890199,2025-09-12 15:51:23.293037,0 days 00:00:12.402838,,0.907848114095497,0.02855579328152468,12,132,1.9352895373490275,1276,104,0.04327077603367185,0.056831081460719884,0.9847657162890759,243.6,COMPLETE
3,0.8585651115098691,2025-09-12 15:51:10.904656,2025-09-12 15:51:21.408519,0 days 00:00:10.503863,balanced,0.7683285791664453,0.02040842220598584,-1,151,3.5027534098392294,2074,89,0.16740221641422173,2.9360837180581337e-06,0.6273887697456321,250.4,COMPLETE
4,0.8716739297615996,2025-09-12 15:51:10.918712,2025-09-12 15:54:48.395846,0 days 00:03:37.477134,balanced,0.8600501268784198,0.0017883752921110587,12,32,1.5343876747953644,1831,197,0.0004936052321259438,0.0008980175945841128,0.8968945427741458,1573.8,COMPLETE
5,0.8558190207639067,2025-09-12 15:51:16.910379,2025-09-12 15:51:30.714536,0 days 00:00:13.804157,,0.6611760256090804,0.015416767168610734,10,94,4.0330948516419305,2554,115,1.937446107028706e-08,1.614621094814142e-07,0.7176721160754432,267.4,COMPLETE
6,0.8317899256600872,2025-09-12 15:51:21.595958,2025-09-12 15:51:36.294392,0 days 00:00:14.698434,,0.7195985749191025,0.001991716557998729,12,126,1.8479856792684524,808,239,0.01069619071017143,1.4504463462588921e-05,0.859934957714559,,PRUNED
7,0.8586580364009228,2025-09-12 15:51:23.405219,2025-09-12 15:51:32.605080,0 days 00:00:09.199861,,0.9895121355985785,0.0428180718785241,10,23,3.7518585703894014,2815,179,4.06076899417668e-06,0.0051740689139331076,0.8048808735632166,69.2,COMPLETE
8,0.810200910023071,2025-09-12 15:51:30.914373,2025-09-12 15:51:33.116518,0 days 00:00:02.202145,balanced,0.6599267209912417,0.0017944650078594404,4,44,0.5258260351778316,845,185,0.04246678119869387,2.0682369190805786e-08,0.8488697799617976,,PRUNED
9,0.8649320687003332,2025-09-12 15:51:32.797318,2025-09-12 15:51:43.593982,0 days 00:00:10.796664,,0.9906485508691056,0.047441836558051884,4,171,2.1856750211371567,2181,202,3.8796960524353176e-05,0.01891233154300275,0.6932777393438173,197.4,COMPLETE
10,0.8405216611125352,2025-09-12 15:51:33.290461,2025-09-12 15:51:41.309609,0 days 00:00:08.019148,balanced,0.7763916097184753,0.012528891581167465,6,138,3.6408279096108886,2728,184,0.48581249607858074,0.0001579356259783066,0.9187649111427707,,PRUNED
11,0.8306203537554473,2025-09-12 15:51:36.409208,2025-09-12 15:51:39.103057,0 days 00:00:02.693849,,0.8129848038094196,0.020886990966045446,4,106,4.796195431319479,2381,213,0.029529705618422535,2.2718375249640722e-08,0.6262285764780482,,PRUNED
12,0.8786817482696744,2025-09-12 15:51:39.223425,2025-09-12 15:53:48.199823,0 days 00:02:08.976398,,0.8534378875824882,0.005614260944182384,8,69,0.36116014544232744,2677,143,0.01082217088048266,0.0013881286082139,0.8335615599282598,1440.0,COMPLETE
13,0.8253973340169187,2025-09-12 15:51:41.407898,2025-09-12 15:51:45.105746,0 days 00:00:03.697848,balanced,0.9415429082871756,0.016427169066893652,8,29,3.890906564388729,2038,187,0.1690160360256418,8.636335889609493e-05,0.9443078213122235,,PRUNED
14,0.8111141374006665,2025-09-12 15:51:43.793516,2025-09-12 15:51:47.595862,0 days 00:00:03.802346,balanced,0.8844852589509045,0.005031971909185437,8,197,0.9155981934177535,1480,26,8.978866585839924,9.709098174049464,0.9809429495802132,,PRUNED
15,0.8366284286080492,2025-09-12 15:51:45.213463,2025-09-12 15:51:46.814204,0 days 00:00:01.600741,,0.8861655279106138,0.15199991202679777,12,184,1.8846504206438308,1441,22,0.0007795224031762963,0.08665532183260412,0.7204887899881675,,PRUNED
16,0.8195334529607795,2025-09-12 15:51:46.997679,2025-09-12 15:51:48.603810,0 days 00:00:01.606131,,0.8809676595409677,0.05395949049774547,16,184,2.3877000911659185,1773,135,8.846084823413797,4.9668313010554614,0.7104547543167039,,PRUNED
17,0.8634548833632401,2025-09-12 15:51:47.716848,2025-09-12 15:51:57.307460,0 days 00:00:09.590612,,0.9934731154162428,0.052352785405616824,16,171,2.5088706594620707,400,138,0.0003810129509242928,0.006404243129788632,0.6894263031757236,124.4,COMPLETE
18,0.8736766213791336,2025-09-12 15:51:48.713613,2025-09-12 15:52:01.797276,0 days 00:00:13.083663,,0.9935256082066243,0.05387997124392489,12,73,1.4112500237467098,567,253,0.00018937975252737385,0.005375771403378073,0.7678403509877963,115.4,COMPLETE
19,0.8382946680338376,2025-09-12 15:51:57.501959,2025-09-12 15:52:08.003057,0 days 00:00:10.501098,,0.9281022218392272,0.006239612452566251,4,81,1.284808849390365,1081,84,7.914899702448369e-07,0.007579675360576877,0.7792517169638286,,PRUNED
20,0.8770411432965906,2025-09-12 15:52:01.993330,2025-09-12 15:53:12.198581,0 days 00:01:10.205251,,0.938638666013085,0.008311539508490635,12,62,1.1977147100837118,980,243,6.112814875389526e-07,0.001434248652603569,0.7864839976297764,663.8,COMPLETE
21,0.8399448859266854,2025-09-12 15:52:08.114621,2025-09-12 15:52:11.395290,0 days 00:00:03.280669,,0.8370621511374691,0.10396498375673714,12,45,0.2425175630167855,551,251,0.0033293971468673646,0.213480469457315,0.7850494107373973,,PRUNED
22,0.8351544475775441,2025-09-12 15:52:11.505171,2025-09-12 15:52:19.607511,0 days 00:00:08.102340,,0.9417316160763235,0.006998574061549286,12,71,2.9068263185526573,1069,147,7.760105775181038e-05,0.0008907772834942525,0.8853548448260778,,PRUNED
23,0.8771308638810561,2025-09-12 15:52:19.791937,2025-09-12 15:52:56.816195,0 days 00:00:37.024258,,0.8485326362063386,0.029750158702364138,12,116,1.09546574539721,658,50,6.636165976711992e-07,0.001090568333184033,0.9914620385167563,281.2,COMPLETE
24,0.873939374519354,2025-09-12 15:52:24.403260,2025-09-12 15:52:49.699705,0 days 00:00:25.296445,,0.9137785717356282,0.028775350677883938,12,63,1.5569903236870246,721,159,5.559907816332667e-07,1.4792283989395087,0.9980516341955215,196.6,COMPLETE
25,0.8763714432196872,2025-09-12 15:52:49.913272,2025-09-12 15:53:14.215725,0 days 00:00:24.302453,,0.9191084963245829,0.03174354947314751,12,64,1.2818948748111996,790,110,7.227838625664193e-08,0.7888710348870754,0.9975939340599443,190.0,COMPLETE
26,0.874288643937452,2025-09-12 15:52:57.091860,2025-09-12 15:53:11.502921,0 days 00:00:14.411061,,0.8513079455599614,0.0835150351897696,12,62,1.3140631778901268,787,158,6.779158087191004e-08,0.7078553085470144,0.9970794758068909,62.6,COMPLETE
27,0.8791495770315304,2025-09-12 15:53:11.893699,2025-09-12 15:53:29.691876,0 days 00:00:17.798177,,0.851342626356092,0.08901136372931757,12,57,0.8136105703225351,820,153,3.73010452478555e-08,1.4779387956996244,0.9921647079779734,76.8,COMPLETE
28,0.8760029479620609,2025-09-12 15:53:12.613118,2025-09-12 15:54:33.795987,0 days 00:01:21.182869,,0.8541272413058115,0.010697955086555966,6,110,0.8449650714128505,1016,227,1.6167955523502987e-08,5.710470425363537e-06,0.8176074590397926,999.8,COMPLETE
29,0.8738528582414766,2025-09-12 15:53:14.504361,2025-09-12 15:54:35.800471,0 days 00:01:21.296110,,0.9632761778742337,0.008066046657609103,6,105,0.8139334189456007,1035,45,2.0637771416837265e-07,1.1107730177236942e-05,0.8260434855351791,1016.4,COMPLETE
30,0.8385510125608817,2025-09-12 15:53:29.913799,2025-09-12 15:53:48.799206,0 days 00:00:18.885407,balanced,0.7724981976096676,0.011341219064829067,-1,7,0.7044342512409484,1041,225,4.664300897786474e-06,2.308905146121192e-05,0.9092379167454254,,PRUNED
31,0.8548609330940784,2025-09-12 15:53:48.413980,2025-09-12 15:57:30.701406,0 days 00:03:42.287426,balanced,0.7831415480822946,0.0011194948458841765,8,6,0.03614511443995905,2983,121,1.199056216430183e-08,8.177049076913052e-06,0.9110899501347898,,PRUNED
32,0.8740419123301718,2025-09-12 15:53:49.103553,2025-09-12 15:54:08.104073,0 days 00:00:19.000520,,0.8538057314634059,0.19306824421560412,8,108,0.12729987069688187,1580,47,1.0780285368993571e-08,2.8230149938086585e-06,0.9519748263207227,53.0,COMPLETE
33,0.8741604716739297,2025-09-12 15:54:08.398972,2025-09-12 15:57:08.605922,0 days 00:03:00.206950,,0.8128376460101716,0.0034798004233530804,6,116,0.0036513998811942283,2944,77,4.970275951590471e-06,0.0328624175662163,0.8400431893611519,2391.8,COMPLETE
34,0.8813124839784671,2025-09-12 15:54:34.006927,2025-09-12 15:58:15.103634,0 days 00:03:41.096707,,0.8074867853080494,0.003600994973731546,14,91,0.010345569069830807,2970,123,8.11731802808961e-06,4.428455825784363e-07,0.9545296410172244,2127.8,COMPLETE
35,0.8834817995385797,2025-09-12 15:54:36.015551,2025-09-12 15:58:04.515722,0 days 00:03:28.500171,,0.8024676168360607,0.004089352048600774,14,52,0.3843355892052591,2997,78,9.530663558544868e-06,0.0009159704389647938,0.7508538964209508,1561.2,COMPLETE
36,0.828177069982056,2025-09-12 15:54:48.690936,2025-09-12 15:54:56.715629,0 days 00:00:08.024693,,0.8092725221980317,0.0037254578194725048,14,92,0.3654661246050025,402,78,3.370292557801475e-06,0.0003914275672539296,0.8647934132048856,,PRUNED
37,0.8775089720584466,2025-09-12 15:54:56.993073,2025-09-12 15:58:33.909876,0 days 00:03:36.916803,,0.7370875529127464,0.0028337814380939956,8,52,1.0409301341990136,2996,124,9.763547251298392e-07,5.5106663129377294e-05,0.9649579429206546,2195.8,COMPLETE
38,0.8427166111253525,2025-09-12 15:57:08.916285,2025-09-12 15:57:12.894916,0 days 00:00:03.978631,,0.7461030879673283,0.08328695367029547,8,51,1.064195130356382,1268,126,2.5280061563417986e-07,0.0018594065107293241,0.9604050276800864,,PRUNED
39,0.8267912073827223,2025-09-12 15:57:13.109431,2025-09-12 15:57:29.507728,0 days 00:00:16.398297,,0.8869144942811447,0.0024055792878861105,14,84,0.5740291771993974,1246,167,6.008942633526361e-08,6.480145901453792e-05,0.7483554886916426,,PRUNED
40,0.8773551653422199,2025-09-12 15:57:29.801554,2025-09-12 15:58:41.015809,0 days 00:01:11.214255,,0.7853176906214344,0.009650082377261608,-1,49,1.0360452820473007,601,95,1.827349659711403e-05,1.053093456903554e-06,0.9369233337840932,517.8,COMPLETE
41,0.8413387592924891,2025-09-12 15:57:30.915089,2025-09-12 15:57:48.494700,0 days 00:00:17.579611,,0.835428934098497,0.0050985201449794924,-1,50,1.0697333844038937,664,99,1.5054522940565601e-05,4.042812915455051e-07,0.9702215216188392,,PRUNED
42,0.8557421174057933,2025-09-12 15:57:48.793434,2025-09-12 15:58:05.191632,0 days 00:00:16.398198,,0.7437301604093193,0.021172482062947032,10,124,1.7264825980513858,1914,66,1.2288463087283122e-06,0.0020372337919642935,0.9347246225965573,,PRUNED
43,0.8515204434760317,2025-09-12 15:58:04.901629,2025-09-12 15:58:54.401205,0 days 00:00:49.499576,,0.7531006926809658,0.0029334547343111517,14,18,0.48081395397436655,2536,62,0.004009739102633961,0.0004037344194628935,0.7496770150923975,,PRUNED
44,0.8429088695206357,2025-09-12 15:58:05.596281,2025-09-12 15:58:39.296959,0 days 00:00:33.700678,,0.7967317368224256,0.0034456883717392684,14,36,0.5086242928380331,2550,39,0.0030899141891599885,0.14373830210398034,0.6610760591823783,,PRUNED
45,0.8795020507562162,2025-09-12 15:58:15.494119,2025-09-12 16:02:44.798165,0 days 00:04:29.304046,,0.7945970982149294,0.0031960938874556347,14,96,0.39905038445167756,2588,95,0.0018070423647081266,8.41087518216992e-07,0.8801654946454063,2189.2,COMPLETE
46,0.841514996154832,2025-09-12 15:58:34.209529,2025-09-12 15:59:49.108079,0 days 00:01:14.898550,,0.6947634456753291,0.0013480490968400345,14,37,0.41191358653137994,2640,148,1.2898631249932633e-05,8.272031877376218e-07,0.9303849353811172,,PRUNED
47,0.8261503460651114,2025-09-12 15:58:39.596750,2025-09-12 15:59:05.200846,0 days 00:00:25.604096,,0.7179443322190824,0.001265592041917882,14,20,0.40002568795598825,2783,97,1.9963697046977804e-05,7.010530316645379e-07,0.8886133182205247,,PRUNED
48,0.825060881825173,2025-09-12 15:58:41.391015,2025-09-12 15:58:55.522695,0 days 00:00:14.131680,,0.7027759107317685,0.0011476280185253036,14,17,0.36151376320220197,2795,142,7.63193089227273e-05,6.147315554834658e-08,0.9678631820380981,,PRUNED
49,0.842508331197129,2025-09-12 15:58:54.610438,2025-09-12 15:59:59.398908,0 days 00:01:04.788470,,0.6881774448037664,0.0014930856090629168,14,96,0.30095848110310286,2768,148,9.757466639665503e-05,5.219232155001811e-05,0.8811663949756279,,PRUNED
50,0.8806844398872083,2025-09-12 15:58:55.909903,2025-09-12 16:02:18.799245,0 days 00:03:22.889342,balanced,0.715164415366333,0.004757393108854508,8,38,0.7417250468482877,2700,112,1.988072867483472e-06,2.7890077025393214e-05,0.8711162289494212,1485.8,COMPLETE
51,0.8783228659318123,2025-09-12 15:59:05.691981,2025-09-12 16:03:24.604747,0 days 00:04:18.912766,balanced,0.6577082095467016,0.004582890998004437,8,77,0.6729790963435425,2670,125,1.9691225214066095e-06,3.976375543318428e-05,0.8757527626242883,1769.0,COMPLETE
52,0.8429569341194567,2025-09-12 15:59:49.494908,2025-09-12 16:00:36.106741,0 days 00:00:46.611833,balanced,0.652062997920092,0.0022321105267084545,8,96,0.6867131000224675,2385,126,2.027313713598165e-06,4.4444340455024046e-05,0.8671158955233401,,PRUNED
53,0.8812163547808254,2025-09-12 15:59:59.706664,2025-09-12 16:04:23.193031,0 days 00:04:23.486367,balanced,0.6154672739049698,0.004595620475058718,8,72,0.7072726787062906,2364,127,0.0011090300903111062,0.00017801252742218515,0.7433658715570274,2154.0,COMPLETE
54,0.831197128941297,2025-09-12 16:00:36.404375,2025-09-12 16:01:01.414540,0 days 00:00:25.010165,balanced,0.8285092679166508,0.002834385871811998,8,76,4.467436251715535,2905,171,0.0012800024330049033,0.00016395819965132392,0.9779903245776164,,PRUNED
55,0.8791463727249423,2025-09-12 16:01:01.799169,2025-09-12 16:03:45.510447,0 days 00:02:43.711278,,0.7908361923709688,0.005254551041557815,-1,54,0.9072379725755703,2895,115,4.9293068667916775e-05,2.163012556559052e-06,0.9471547610941579,1028.2,COMPLETE
56,0.882363496539349,2025-09-12 16:02:19.113823,2025-09-12 16:08:12.918308,0 days 00:05:53.804485,balanced,0.7247015129643017,0.004531724701139716,8,58,0.19336575892532465,2642,122,2.295689227105795e-07,1.2401518513470894e-07,0.8014570897054052,2265.2,COMPLETE
57,0.8814278390156369,2025-09-12 16:02:45.302845,2025-09-12 16:07:57.914026,0 days 00:05:12.611181,balanced,0.871707933463647,0.005074614568810756,16,83,0.1479874413745107,2376,107,0.015788348719428982,5.4611917479319404e-08,0.8381090280112075,1577.0,COMPLETE
58,0.8828601640604974,2025-09-12 16:03:25.101998,2025-09-12 16:08:39.294041,0 days 00:05:14.192043,balanced,0.8766439994011423,0.005803052276526032,16,88,0.14907922694020928,2383,108,0.0362308730701126,2.4086502584164975e-07,0.804462965541493,1744.8,COMPLETE
59,0.8407780056395796,2025-09-12 16:03:45.904803,2025-09-12 16:04:14.396825,0 days 00:00:28.492022,balanced,0.7628582744885621,0.004169423624127812,-1,145,2.82982392078706,2433,73,6.857469583188271e-06,8.952734233286324e-08,0.9012467355489728,,PRUNED
60,0.8433254293770829,2025-09-12 16:04:14.914321,2025-09-12 16:04:45.213715,0 days 00:00:30.299394,balanced,0.8719870047534167,0.006225622195506608,16,28,0.1469010918659937,2883,108,0.00031175796874747554,2.7994429405100203e-06,0.9200646001328725,,PRUNED
61,0.8401371443219686,2025-09-12 16:04:23.514361,2025-09-12 16:06:49.516468,0 days 00:02:26.002107,balanced,0.625724168516593,0.0017560110683467731,16,90,0.12367461396331109,2175,88,0.0002049498701256658,1.964441438605917e-07,0.7447171494360487,,PRUNED
62,0.8277845424250192,2025-09-12 16:04:45.604081,2025-09-12 16:05:19.503567,0 days 00:00:33.899486,balanced,0.6104143845756819,0.0015583240892001913,14,86,1.5181053689787691,2226,90,0.016069392397940366,2.1952007319108973e-07,0.7383506404360011,,PRUNED
63,0.8328473468341451,2025-09-12 16:05:19.999689,2025-09-12 16:06:31.703677,0 days 00:01:11.703988,balanced,0.7267998932772028,0.002051312508531508,10,38,3.3059143315068127,2089,133,0.0012083354497395688,0.00019586223744430485,0.8080231141842633,,PRUNED
64,0.8404095103819533,2025-09-12 16:06:32.190907,2025-09-12 16:06:51.603109,0 days 00:00:19.412202,balanced,0.6286413783190445,0.0162177486309431,4,57,2.061315671636347,2235,105,0.00021902580018367913,1.3059788097204217e-08,0.7704795085604311,,PRUNED
65,0.8231222763394003,2025-09-12 16:06:50.099214,2025-09-12 16:07:12.797308,0 days 00:00:22.698094,balanced,0.7955285394806693,0.004231688321674697,4,58,0.8469202308517804,2883,115,3.158674164981254e-05,1.3215145111485719e-06,0.7672118600706469,,PRUNED
66,0.8811554729556523,2025-09-12 16:06:51.897410,2025-09-12 16:11:15.502866,0 days 00:04:23.605456,balanced,0.7967888788180272,0.0041305507355619865,-1,57,0.8846438457537443,2860,115,4.611102136749878e-05,1.4505717245510547e-06,0.9503347391260082,1491.4,COMPLETE
67,0.8821391950781852,2025-09-12 16:07:13.314718,2025-09-12 16:10:54.308043,0 days 00:03:40.993325,balanced,0.8210906640748353,0.005670058515034669,-1,68,0.6801439258386784,2483,134,9.360984782975947e-05,4.2688478766409114e-08,0.9510791603367766,1185.4,COMPLETE
68,0.884725070494745,2025-09-12 16:07:58.516079,2025-09-12 16:11:23.999253,0 days 00:03:25.483174,balanced,0.8188492575417785,0.007694389997620338,16,68,0.2456699569135195,2467,133,0.006769939971174429,4.0439819037196183e-08,0.8434954869852562,1080.8,COMPLETE
69,0.8844815431940528,2025-09-12 16:08:13.399131,2025-09-12 16:11:55.119775,0 days 00:03:41.720644,balanced,0.6724086166838898,0.0077114310490875165,16,68,0.21881741516700065,2469,134,0.24044250195271316,3.673521486522758e-08,0.8502768040782773,1084.0,COMPLETE
70,0.8849750064086133,2025-09-12 16:08:39.894413,2025-09-12 16:12:33.112602,0 days 00:03:53.218189,balanced,0.6419406898363377,0.006491601948250656,16,66,0.20395791333104546,2413,133,0.08026412113882636,5.6562704704528164e-08,0.7929134533969706,1219.0,COMPLETE
71,0.8850070494744937,2025-09-12 16:10:54.707431,2025-09-12 16:14:37.202052,0 days 00:03:42.494621,balanced,0.8942986029666932,0.007055651631765681,16,69,0.19178316161863262,2313,132,0.046415056873373335,2.686380508947221e-08,0.7937788545669487,1188.0,COMPLETE
72,0.8844495001281721,2025-09-12 16:11:16.096701,2025-09-12 16:14:42.408082,0 days 00:03:26.311381,balanced,0.868944260777563,0.006849525815300283,16,66,0.1794590385250971,2458,136,0.12924123563584464,2.7809213793099672e-08,0.7984089139978642,1189.2,COMPLETE
73,0.88219687259677,2025-09-12 16:11:24.510611,2025-09-12 16:14:55.505608,0 days 00:03:30.994997,balanced,0.8992427267705195,0.007106245782729349,16,78,0.2129400587418438,2464,135,0.17269135530816268,3.726363621407766e-08,0.797166803329578,1213.8,COMPLETE
74,0.8845872853114587,2025-09-12 16:11:55.815034,2025-09-12 16:15:07.500602,0 days 00:03:11.685568,balanced,0.9017070934920519,0.007459422516835121,16,65,0.22645941723961405,2465,137,0.19069509557391331,4.1195018945512186e-08,0.8505605580282148,1052.4,COMPLETE
75,0.8837413483722123,2025-09-12 16:12:33.612506,2025-09-12 16:16:19.298666,0 days 00:03:45.686160,balanced,0.6762091510763454,0.007336467230000355,16,80,0.2209830146408872,2319,135,0.09402665435139242,3.607925005662885e-08,0.8528046659731313,1322.0,COMPLETE
76,0.884600102537811,2025-09-12 16:14:37.811992,2025-09-12 16:18:11.010533,0 days 00:03:33.198541,balanced,0.8966983886503155,0.007530107719510119,16,67,0.2142617098757418,2436,159,0.20058564256712644,2.86510328021828e-08,0.8002557538788511,1079.8,COMPLETE
77,0.8842219943604203,2025-09-12 16:14:43.097367,2025-09-12 16:18:03.391578,0 days 00:03:20.294211,balanced,0.9018937363845471,0.0078917310219379,16,68,0.28972998403218975,2311,139,0.13540508635828372,2.3040075183622473e-08,0.7947980953433409,972.8,COMPLETE
78,0.8849814150217892,2025-09-12 16:14:56.006502,2025-09-12 16:18:17.207513,0 days 00:03:21.201011,balanced,0.635262150483352,0.008669648802727768,16,68,0.22649797604118102,1979,159,1.155344672980739,1.0103090094762168e-08,0.8543961563106834,1096.6,COMPLETE
79,0.8658837477569854,2025-09-12 16:15:08.197282,2025-09-12 16:16:10.394128,0 days 00:01:02.196846,balanced,0.9310017984683725,0.008000162797969593,16,66,0.5570269020259286,2287,157,1.2332291943640359,1.32690215431037e-08,0.8517357721407524,,PRUNED
80,0.8830972827480134,2025-09-12 16:16:10.994335,2025-09-12 16:18:18.212555,0 days 00:02:07.218220,balanced,0.9075878160079439,0.013606195411487996,16,71,0.22629084092459525,2061,143,0.07983946668301611,1.9109745144414388e-08,0.8104057638358022,573.2,COMPLETE
81,0.8834978210715201,2025-09-12 16:16:19.996969,2025-09-12 16:18:30.404927,0 days 00:02:10.407958,balanced,0.6775373140785877,0.013501206787356026,16,70,0.2904795318350193,2035,169,0.07328309252651116,1.7866464286501604e-08,0.8234152159443137,597.4,COMPLETE
82,0.8473948987439117,2025-09-12 16:18:04.098600,2025-09-12 16:18:22.102154,0 days 00:00:18.003554,balanced,0.9622606329733165,0.013466407193860771,16,45,0.2538519334141627,1945,167,0.08829113238561137,2.2002047954101812e-08,0.822209902607933,,PRUNED
83,0.8833600358882338,2025-09-12 16:18:11.700699,2025-09-12 16:20:22.020829,0 days 00:02:10.320130,balanced,0.8980480847782744,0.013321512881791127,16,43,0.037823891272994264,2005,165,0.8631020250506873,2.3857206784793114e-08,0.8215061409594037,546.2,COMPLETE
