number,value,datetime_start,datetime_complete,duration,params_class_weight,params_colsample_bytree,params_learning_rate,params_max_depth,params_min_child_samples,params_min_split_gain,params_n_estimators,params_num_leaves,params_reg_alpha,params_reg_lambda,params_subsample,user_attrs_mean_best_iteration,state
171,0.8243799666752115,2025-09-18 18:29:22.767141,2025-09-18 18:29:23.050242,0 days 00:00:00.283101,balanced,0.6293843951782887,0.11758787397930748,16,59,0.28390963928784796,1914,29,0.06047254992882231,3.524867503252873e-05,0.9045020339795036,,PRUNED
172,0.8805947193027428,2025-09-18 18:29:23.071283,2025-09-18 18:29:31.289327,0 days 00:00:08.218044,balanced,0.6000242718589657,0.09207301760568522,12,66,0.15734671237919062,655,94,0.0324500035744693,2.6500683618737824e-05,0.9314798397547182,97.0,COMPLETE
173,0.8817931299666751,2025-09-18 18:29:31.317638,2025-09-18 18:29:39.812181,0 days 00:00:08.494543,balanced,0.603850723505971,0.08641845224724545,16,71,0.11472719610838614,2146,94,0.08251058575356705,2.6527042960906126e-05,0.9298467005507877,99.8,COMPLETE
174,0.8489489874391182,2025-09-18 18:29:39.839146,2025-09-18 18:29:40.530703,0 days 00:00:00.691557,balanced,0.6185905057131561,0.08957359095721946,16,76,0.3651121373546249,2110,90,0.08778168006560547,1.1366384414557279e-05,0.9286237697782815,,PRUNED
175,0.8194693668290182,2025-09-18 18:29:40.552025,2025-09-18 18:29:40.850091,0 days 00:00:00.298066,balanced,0.6019354669694799,0.07587492525190544,16,53,0.007213731819781632,686,93,0.16030700328148817,1.7944729689217364e-05,0.9322193630941947,,PRUNED
176,0.8282331453473468,2025-09-18 18:29:40.871592,2025-09-18 18:29:41.185341,0 days 00:00:00.313749,balanced,0.6212398520956688,0.08454713809523365,16,64,0.6044660604849149,2030,87,0.04244812310485001,5.736384604077074e-06,0.9257055137102356,,PRUNED
177,0.8165694693668291,2025-09-18 18:29:41.206299,2025-09-18 18:29:41.484320,0 days 00:00:00.278021,balanced,0.608843127104885,0.06431155941629894,16,91,0.17697891250568448,2479,79,0.07679481252457179,2.5880034408403592e-05,0.916722351713776,,PRUNED
178,0.8141101640604973,2025-09-18 18:29:41.504816,2025-09-18 18:29:41.750896,0 days 00:00:00.246080,balanced,0.6012038400841465,0.09542911852627249,16,81,0.47230202591409176,2160,99,0.02803337449221745,1.8579217919947627e-05,0.9411443590267718,,PRUNED
179,0.7988336324019483,2025-09-18 18:29:41.772408,2025-09-18 18:29:41.978715,0 days 00:00:00.206307,balanced,0.6096901518403481,0.07632331282299426,16,69,0.12217567478303823,2662,111,0.14650109257760593,4.6237090449279674e-06,0.9005794462020265,,PRUNED
180,0.8101208023583697,2025-09-18 18:29:41.999224,2025-09-18 18:29:42.249526,0 days 00:00:00.250302,balanced,0.6240888737704053,0.05742992258058816,14,59,0.2446832927076466,2770,94,0.296992093713766,0.002530212376829834,0.883351176837142,,PRUNED
181,0.8005879902589079,2025-09-18 18:29:42.270218,2025-09-18 18:29:42.474992,0 days 00:00:00.204774,balanced,0.6382053097736787,0.10340461006363168,12,71,0.081614880693368,1520,72,0.05286117978924258,1.5489939243454866e-05,0.9364683875178003,,PRUNED
182,0.817098179953858,2025-09-18 18:29:42.495593,2025-09-18 18:29:42.768450,0 days 00:00:00.272857,balanced,0.6136365369410277,0.09162306853834717,12,74,0.00481906003627732,626,22,0.10210775704643053,5.4274288371907004e-05,0.9546147907983936,,PRUNED
183,0.879537298128685,2025-09-18 18:29:42.788840,2025-09-18 18:29:49.348820,0 days 00:00:06.559980,balanced,0.6330774534834476,0.1092597856539239,12,67,0.1498273423551326,1827,125,0.00016412487440148959,5.384110498229055e-05,0.7053374071701075,87.0,COMPLETE
184,0.8155681235580621,2025-09-18 18:29:49.376652,2025-09-18 18:29:49.634223,0 days 00:00:00.257571,balanced,0.6049231557589245,0.10555611508228777,12,67,2.004229699474852,1725,105,9.37713009320027e-05,4.4433946006859206e-05,0.7158036429679424,,PRUNED
185,0.7923048577287874,2025-09-18 18:29:49.655777,2025-09-18 18:29:49.911058,0 days 00:00:00.255281,balanced,0.6281097541346823,0.08252711899409251,4,63,0.3178291845709934,1857,85,9.01228166377353,1.0211493644052385e-05,0.6223045200985657,,PRUNED
186,0.8055786977698026,2025-09-18 18:29:49.931733,2025-09-18 18:29:50.144618,0 days 00:00:00.212885,balanced,0.6523667125489895,0.06810901970814362,12,77,0.195922535480884,871,51,0.00020194674430956536,0.00012953975958350107,0.6534821207488647,,PRUNED
187,0.8111461804665471,2025-09-18 18:29:50.165950,2025-09-18 18:29:50.407570,0 days 00:00:00.241620,balanced,0.611026978271362,0.13512662737895748,6,54,0.4094105074237725,2250,44,0.03366488603095701,2.5571850045039447e-05,0.7543024864293579,,PRUNED
188,0.8457927454498847,2025-09-18 18:29:50.428195,2025-09-18 18:29:51.015592,0 days 00:00:00.587397,balanced,0.6657816135214307,0.09234263117020015,14,67,0.154426980266558,1813,126,1.4571673599055232e-08,0.0007876265654212086,0.6730701211136778,,PRUNED
189,0.8245642143040246,2025-09-18 18:29:51.037194,2025-09-18 18:29:51.373862,0 days 00:00:00.336668,,0.600114260104216,0.08106881433715603,12,85,0.5552914008755435,1777,81,0.020392018752173908,5.4554239112200146e-05,0.921693440596205,,PRUNED
190,0.8349461676493207,2025-09-18 18:29:51.395352,2025-09-18 18:29:51.809281,0 days 00:00:00.413929,balanced,0.6311907999639725,0.10437777131991315,12,41,0.30530015121496135,2623,66,3.712050558802823e-05,2.1129620481220527e-06,0.8900529904114215,,PRUNED
191,0.83962445526788,2025-09-18 18:29:51.829972,2025-09-18 18:29:52.268600,0 days 00:00:00.438628,balanced,0.6428814765015455,0.12282861762097631,12,72,0.1414430835500078,1598,34,0.0004374879117137401,8.101215314456135e-05,0.9465047067871721,,PRUNED
192,0.8473147910792105,2025-09-18 18:29:52.289733,2025-09-18 18:29:52.891346,0 days 00:00:00.601613,balanced,0.6355646877172122,0.11211806965082721,12,71,0.07701772740342712,1969,20,0.00015720431883084658,3.2140825532788085e-05,0.9108716467693493,,PRUNED
193,0.8276323378620867,2025-09-18 18:29:52.913203,2025-09-18 18:29:53.243846,0 days 00:00:00.330643,balanced,0.6207092881738826,0.09484157264697468,12,62,0.08741306735232504,1444,26,0.0003181083648360622,0.0003385677013209813,0.7090463483445425,,PRUNED
194,0.8772237887721097,2025-09-18 18:29:53.265483,2025-09-18 18:29:59.907871,0 days 00:00:06.642388,balanced,0.6573524997748738,0.15522165655281683,12,76,0.00020036727902909834,1717,115,0.001288709241642841,5.29752842607597e-05,0.6466980853731338,62.6,COMPLETE
195,0.8294427710843374,2025-09-18 18:29:59.934587,2025-09-18 18:30:00.285244,0 days 00:00:00.350657,balanced,0.6781945435646449,0.0733029061548862,14,66,0.23132970366469996,753,39,0.06580867950539614,8.875688343676272e-05,0.9655499570989359,,PRUNED
196,0.8051461163804153,2025-09-18 18:30:00.306710,2025-09-18 18:30:00.522960,0 days 00:00:00.216250,balanced,0.64638632025612,0.1170527439555412,12,50,0.19219472720550312,1669,18,0.0002394590584076489,0.008017110373404697,0.7864075161506957,,PRUNED
197,0.8506152268649064,2025-09-18 18:30:00.544097,2025-09-18 18:30:01.246787,0 days 00:00:00.702690,balanced,0.6870167685142333,0.1352072750828529,10,57,0.37847992224780347,2953,47,0.00013993372955229663,0.003338428787767596,0.9573752173276315,,PRUNED
198,0.850887592924891,2025-09-18 18:30:01.269325,2025-09-18 18:30:01.958435,0 days 00:00:00.689110,balanced,0.6181336240697418,0.08526291893787462,14,71,0.10674058637431605,2995,31,0.0023040610995930157,0.0015554208882657891,0.9750573319300819,,PRUNED
199,0.8309728274801333,2025-09-18 18:30:01.980614,2025-09-18 18:30:02.387548,0 days 00:00:00.406934,balanced,0.6608914792860977,0.09913272328807787,12,116,0.27258259845503563,2880,60,4.7399487612555325e-05,0.0048886367992985735,0.9413621941550242,,PRUNED
