number,value,datetime_start,datetime_complete,duration,params_class_weight,params_colsample_bytree,params_learning_rate,params_max_depth,params_min_child_samples,params_min_split_gain,params_n_estimators,params_num_leaves,params_reg_alpha,params_reg_lambda,params_subsample,user_attrs_mean_best_iteration,state
85,0.8809183542681364,2025-09-18 17:15:19.628984,2025-09-18 17:15:27.749722,0 days 00:00:08.120738,balanced,0.6965760879740216,0.08112424718696894,-1,68,0.5774678133034663,940,46,0.04155354749638799,0.001821903979031964,0.9874525838412576,108.0,COMPLETE
86,0.7928255575493464,2025-09-18 17:15:27.777601,2025-09-18 17:15:27.972526,0 days 00:00:00.194925,,0.6938391770268939,0.012381349589234616,4,59,0.5453361219266343,870,44,0.036195457924248546,0.0016247624835028995,0.6014394323797213,,PRUNED
87,0.8831805947193028,2025-09-18 17:15:27.993300,2025-09-18 17:15:31.466073,0 days 00:00:03.472773,balanced,0.6809841168628368,0.10884397385225275,14,68,0.10904525945910928,513,62,0.00794874991288032,0.004875524602138521,0.987674203169191,78.8,COMPLETE
88,0.8778550371699565,2025-09-18 17:15:31.493425,2025-09-18 17:15:36.385766,0 days 00:00:04.892341,balanced,0.7073456068995081,0.11540670891400014,-1,66,0.23785793680692807,465,205,0.01597868435051252,0.004220504599553871,0.9867920016756613,68.8,COMPLETE
89,0.826294539861574,2025-09-18 17:15:36.412998,2025-09-18 17:15:36.722880,0 days 00:00:00.309882,balanced,0.6502987837353481,0.17063520862732764,6,52,0.09555024668528811,690,65,0.006652894258096214,0.006802099805571923,0.975410453922156,,PRUNED
90,0.8534029735965137,2025-09-18 17:15:36.743697,2025-09-18 17:15:37.987003,0 days 00:00:01.243306,balanced,0.7265304060606751,0.0793164694329447,12,62,0.2170056294847421,619,91,0.008367517108376639,0.04283792085023256,0.999746833479282,,PRUNED
91,0.8575525506280441,2025-09-18 17:15:38.008969,2025-09-18 17:15:39.429210,0 days 00:00:01.420241,balanced,0.6653235098406299,0.10185393554276581,14,70,0.3868481450513739,1002,54,0.07321252529646499,0.0011066771682704504,0.7831970695167572,,PRUNED
92,0.8202704434760318,2025-09-18 17:15:39.450318,2025-09-18 17:15:39.727240,0 days 00:00:00.276922,balanced,0.6776575161771904,0.08621752015825877,14,75,0.009746381678207669,1245,21,0.12689069480405477,0.0026291611302097805,0.6144730244764338,,PRUNED
93,0.8264066905921559,2025-09-18 17:15:39.749089,2025-09-18 17:15:40.091416,0 days 00:00:00.342327,balanced,0.684623428818336,0.07184284350100176,14,81,0.609452373779829,548,108,0.03073878599320523,0.0005274118440299525,0.9885660379414314,,PRUNED
94,0.8771372724942322,2025-09-18 17:15:40.112830,2025-09-18 17:15:42.603365,0 days 00:00:02.490535,balanced,0.6973973697973359,0.11006459096173407,14,49,0.44562827113500303,1826,38,0.0029726483780198702,0.012024287378826062,0.9760984776067494,66.8,COMPLETE
95,0.819044796206101,2025-09-18 17:15:42.630604,2025-09-18 17:15:42.975466,0 days 00:00:00.344862,balanced,0.7464847908234176,0.09735472374877746,-1,68,0.13600873417400774,922,31,0.0015964997294315296,0.004850522368480179,0.9582486171109043,,PRUNED
96,0.822577544219431,2025-09-18 17:15:42.996166,2025-09-18 17:15:43.279216,0 days 00:00:00.283050,balanced,0.659457085762041,0.12869322397476018,10,62,0.34790679525594126,1730,61,0.049103377950324725,0.021296690611552427,0.967592696733928,,PRUNED
97,0.8183799025890798,2025-09-18 17:15:43.300155,2025-09-18 17:15:43.616217,0 days 00:00:00.316062,balanced,0.6813660920327808,0.057533872372999416,14,44,0.7745548415379109,772,46,0.015737777343146138,0.0026260450170734724,0.6799357541767163,,PRUNED
98,0.8120994616764932,2025-09-18 17:15:43.636979,2025-09-18 17:15:43.886190,0 days 00:00:00.249211,balanced,0.6118170762402526,0.008787130182938538,8,56,0.22390120768095045,1503,138,0.19545712254101516,0.010136340559938211,0.9905010775927106,,PRUNED
99,0.8235067931299667,2025-09-18 17:15:43.907315,2025-09-18 17:15:44.247161,0 days 00:00:00.339846,,0.6694657404689416,0.04008403470085246,12,84,1.0509398343766843,1934,72,0.004279947924480966,0.00032340669755060055,0.947777173993117,,PRUNED
100,0.8382466034350167,2025-09-18 18:28:07.309203,2025-09-18 18:28:07.770531,0 days 00:00:00.461328,balanced,0.6258660595116023,0.08554925110643077,-1,73,0.09623943470795591,423,26,0.0005986599274160349,0.0007799870696295251,0.9835898581887986,,PRUNED
101,0.8165454370674186,2025-09-18 18:28:07.801518,2025-09-18 18:28:08.098995,0 days 00:00:00.297477,balanced,0.64466801236215,0.06670646965883663,-1,89,0.5091848595552664,2905,52,0.00013395601349471518,0.0013061690349766694,0.9311254908858789,,PRUNED
102,0.8098804793642655,2025-09-18 18:28:08.124659,2025-09-18 18:28:08.387026,0 days 00:00:00.262367,balanced,0.639445920591654,0.07748776477992923,-1,97,1.8507277059143705,2848,36,0.0010650165212988177,0.0022936716631076367,0.9497822715164889,,PRUNED
103,0.8088631120225583,2025-09-18 18:28:08.408876,2025-09-18 18:28:08.646678,0 days 00:00:00.237802,balanced,0.661902733145426,0.0518456354408615,-1,79,1.1967067187268097,2939,47,0.00030190088312744223,8.463044887350257e-05,0.9664425211920225,,PRUNED
104,0.8417873622148168,2025-09-18 18:28:08.667331,2025-09-18 18:28:09.236431,0 days 00:00:00.569100,balanced,0.6184278351568061,0.15118525364968802,-1,66,0.6701319288675754,2753,19,0.0019994161963047615,0.00027059206749225517,0.7674585244578961,,PRUNED
105,0.8488368367085363,2025-09-18 18:28:09.257573,2025-09-18 18:28:10.112523,0 days 00:00:00.854950,balanced,0.6543094433661236,0.1045221012284879,12,87,1.692430264560104,1090,56,0.008601547468695767,0.005657190034309329,0.9787976524784292,,PRUNED
106,0.7992421814919252,2025-09-18 18:28:10.133952,2025-09-18 18:28:10.340129,0 days 00:00:00.206177,balanced,0.6903803521347349,0.08630673777247498,16,102,0.9124660216834888,788,66,0.02286752188263308,0.0008505084867759647,0.9195075790195315,,PRUNED
107,0.8376057421174058,2025-09-18 18:28:10.360348,2025-09-18 18:28:10.832562,0 days 00:00:00.472214,balanced,0.6079407060833394,0.13154632684118084,14,110,0.40061317417035724,2657,30,0.29761947617503376,0.0018170258759568926,0.9575797961848046,,PRUNED
108,0.8036801461163804,2025-09-18 18:28:10.853043,2025-09-18 18:28:11.053884,0 days 00:00:00.200841,balanced,0.6257739131436151,0.06240774190084821,-1,94,0.25411913663747054,1376,42,0.00026067653290490716,0.0033698615052740505,0.9414916746744996,,PRUNED
109,0.8278726608561907,2025-09-18 18:28:11.073982,2025-09-18 18:28:11.398836,0 days 00:00:00.324854,balanced,0.7233643077719145,0.07170932577532213,12,76,0.10357157129403048,2996,23,0.0006322080448746245,0.00872487347457007,0.6278824037519756,,PRUNED
110,0.7980005126890541,2025-09-18 18:28:11.420875,2025-09-18 18:28:11.636994,0 days 00:00:00.216119,balanced,0.6347411743825515,0.022331029461418798,4,70,0.6070052241577579,2454,51,0.09012723129019214,3.785321414268364e-05,0.8173007788303002,,PRUNED
111,0.8777332735196104,2025-09-18 18:28:11.657502,2025-09-18 18:28:17.720489,0 days 00:00:06.062987,balanced,0.7044702216605556,0.09567558471477842,12,58,0.050915804086522076,2824,39,5.752032348692411e-05,0.00048045451068473187,0.907441943837034,80.8,COMPLETE
112,0.8125801076647013,2025-09-18 18:28:17.748174,2025-09-18 18:28:17.996766,0 days 00:00:00.248592,balanced,0.6764623556674897,0.07787999795824148,12,83,0.00029114215392343355,2898,58,9.816108235262542e-05,0.014609208796494457,0.8960905090184774,,PRUNED
113,0.8190928608049218,2025-09-18 18:28:18.017274,2025-09-18 18:28:18.291855,0 days 00:00:00.274581,balanced,0.6978716659030678,0.06499228532485694,12,63,0.17875925900025652,2931,27,0.00046720224541934067,0.027177658017862833,0.9321542362868644,,PRUNED
114,0.7999631504742374,2025-09-18 18:28:18.312209,2025-09-18 18:28:18.517999,0 days 00:00:00.205790,balanced,0.6820644719258894,0.033837909211002735,12,68,0.3189477138005634,2589,35,2.4447522189716342e-05,0.0017218278657949518,0.9945250629194068,,PRUNED
115,0.7979764803896436,2025-09-18 18:28:18.538137,2025-09-18 18:28:18.751721,0 days 00:00:00.213584,balanced,0.7146906292407296,0.05600380207034302,6,54,0.4481330743953248,2756,19,0.04370727496122379,0.0040162818450844885,0.7269729951800271,,PRUNED
116,0.8188124839784671,2025-09-18 18:28:18.771788,2025-09-18 18:28:19.048429,0 days 00:00:00.276641,balanced,0.6469294128681088,0.11393426998317205,-1,49,0.29939156504074027,2871,44,4.431286837981907e-05,0.00012187589212023379,0.8813653885468123,,PRUNED
117,0.813741668802871,2025-09-18 18:28:19.069472,2025-09-18 18:28:19.315450,0 days 00:00:00.245978,,0.6608306443839949,0.04668495019105623,14,72,0.7316032640104769,2782,15,0.0001345517466495037,0.007158061772828804,0.8642691347184142,,PRUNED
118,0.8189486670084594,2025-09-18 18:28:19.335933,2025-09-18 18:28:19.592961,0 days 00:00:00.257028,balanced,0.6701982766895569,0.09118985828714629,12,77,0.1513545597251377,2940,34,0.0013405140783039236,0.07013924561925362,0.9716286908163141,,PRUNED
119,0.8203665726736734,2025-09-18 18:28:19.613409,2025-09-18 18:28:19.914286,0 days 00:00:00.300877,balanced,0.8272482892819247,0.07994857033254853,10,61,1.344652620788518,1544,48,1.4401059666999252e-05,0.001232455409886985,0.9531523463569098,,PRUNED
120,0.8037762753140221,2025-09-18 18:28:19.934721,2025-09-18 18:28:20.187048,0 days 00:00:00.252327,balanced,0.6904014646449387,0.01747931934144632,12,106,2.1545118377298573,2209,29,0.0055021241877565965,0.0006165551812844117,0.9160082008440449,,PRUNED
121,0.8520731863624712,2025-09-18 18:28:20.207399,2025-09-18 18:28:21.134550,0 days 00:00:00.927151,balanced,0.7002964953979682,0.1172421375570671,-1,67,0.2359997483697109,539,160,0.017415933526189798,0.005100247527239093,0.987878240310974,,PRUNED
122,0.8604684696231736,2025-09-18 18:28:21.155625,2025-09-18 18:28:23.057950,0 days 00:00:01.902325,balanced,0.7063214252096341,0.10323887626302737,-1,65,0.2157527015088915,403,244,0.012182413719601059,0.0034065195113162465,0.9861920546490353,,PRUNED
123,0.811554729556524,2025-09-18 18:28:23.080945,2025-09-18 18:28:23.317499,0 days 00:00:00.236554,balanced,0.7076667708807671,0.07114799741175921,-1,58,0.000518864402056396,508,208,0.00287827052150222,0.002458022203369885,0.9788756729440796,,PRUNED
124,0.8804569341194565,2025-09-18 18:28:23.338137,2025-09-18 18:28:27.954880,0 days 00:00:04.616743,balanced,0.7449457586978736,0.111143285254623,-1,51,0.517258694488469,667,77,0.06753799610524139,0.01039453551629608,0.9675813474221706,70.4,COMPLETE
125,0.8515604973083825,2025-09-18 18:28:27.982686,2025-09-18 18:28:28.804019,0 days 00:00:00.821333,balanced,0.7716802094783232,0.1620185341951455,-1,51,0.5232297748255246,665,86,0.6404700763033381,0.01033504743326778,0.9618305110493989,,PRUNED
126,0.8793290182004615,2025-09-18 18:28:28.826127,2025-09-18 18:28:31.573468,0 days 00:00:02.747341,balanced,0.7485095351742207,0.09471307917605618,14,41,0.3613895051805428,2689,80,0.06518886728725834,0.021189719877203927,0.9675378934860429,68.2,COMPLETE
127,0.8524256600871571,2025-09-18 18:28:31.601174,2025-09-18 18:28:32.561888,0 days 00:00:00.960714,balanced,0.7449729231002258,0.13601686055285095,14,29,0.4214470371895971,823,98,0.06713435632258913,0.02158499728427489,0.9713582472092478,,PRUNED
128,0.8535311458600359,2025-09-18 18:28:32.584152,2025-09-18 18:28:33.575899,0 days 00:00:00.991747,balanced,0.622395877873851,0.09670826953199814,14,21,0.6291051979303783,619,68,0.16255000803878628,0.04559199712695744,0.9652723213035511,,PRUNED
129,0.8159926941809792,2025-09-18 18:28:33.598043,2025-09-18 18:28:33.869573,0 days 00:00:00.271530,balanced,0.7638464243500335,0.08628751373584083,14,39,0.8399522020808481,2677,76,1.262885620831238,0.0010514216472911472,0.9982084924732676,,PRUNED
130,0.8742501922583953,2025-09-18 18:28:33.889815,2025-09-18 18:28:38.058582,0 days 00:00:04.168767,balanced,0.8057241195762914,0.12447162456021732,14,45,0.34538339459063705,723,84,0.09917695786314597,0.01217681772202856,0.9462934467445766,50.6,COMPLETE
131,0.8242117405793387,2025-09-18 18:28:38.085915,2025-09-18 18:28:38.394508,0 days 00:00:00.308593,balanced,0.7557376604409445,0.10282581338202297,-1,35,0.147545356150286,2835,78,0.032137358796064226,0.007281310273601384,0.976680726229179,,PRUNED
132,0.8194613560625481,2025-09-18 18:28:38.416044,2025-09-18 18:28:38.728219,0 days 00:00:00.312175,balanced,0.7437089629451338,0.06701224289657433,12,40,0.3809292923305303,2723,90,0.00021261005530109352,0.001956153477330282,0.9590012323900792,,PRUNED
133,0.846049089976929,2025-09-18 18:28:38.749259,2025-09-18 18:28:39.421605,0 days 00:00:00.672346,balanced,0.7376033339889753,0.0800286469913539,14,55,0.09582995717151124,2969,63,0.055306774387011766,0.03164281990311524,0.8454271987230686,,PRUNED
134,0.8114185465265317,2025-09-18 18:28:39.443024,2025-09-18 18:28:39.687392,0 days 00:00:00.244368,balanced,0.7270806887279562,0.06051465547015841,-1,46,0.26068363865053823,2625,74,0.21376234059741048,0.004965078562731633,0.9395129019426532,,PRUNED
135,0.7995786336836709,2025-09-18 18:28:39.707872,2025-09-18 18:28:39.918158,0 days 00:00:00.210286,balanced,0.6534672494840309,0.08696420299728104,8,81,0.5771353408730391,2045,25,0.022419221191990957,0.01613439423233137,0.8985269903129336,,PRUNED
136,0.8572641630351192,2025-09-18 18:28:39.938586,2025-09-18 18:28:41.421121,0 days 00:00:01.482535,balanced,0.79583500621462,0.10650149395661183,16,60,0.5038367274253226,2818,103,0.12672729639712005,0.0031290769369889415,0.6947806576381081,,PRUNED
137,0.8143024224557806,2025-09-18 18:28:41.444013,2025-09-18 18:28:41.686326,0 days 00:00:00.242313,,0.7196517052863063,0.07486058054143523,12,72,0.10290444192663888,2548,60,0.0008204383344007485,0.008453537794912452,0.9281373596742295,,PRUNED
138,0.8182517303255575,2025-09-18 18:28:41.708038,2025-09-18 18:28:41.994804,0 days 00:00:00.286766,balanced,0.6391086569095459,0.09422023971384223,14,52,0.34423958294781454,2879,37,0.37948752462191265,0.0014030174510560093,0.9683457636548624,,PRUNED
139,0.8318379902589079,2025-09-18 18:28:42.015362,2025-09-18 18:28:42.511947,0 days 00:00:00.496585,balanced,0.6757514940360809,0.1125521968431228,4,147,0.7593617854926125,1185,42,8.179480466501662e-05,0.00039183153450543024,0.6388236927359625,,PRUNED
140,0.8232184055370417,2025-09-18 18:28:42.532987,2025-09-18 18:28:42.847266,0 days 00:00:00.314279,balanced,0.6871983820916795,0.1424002427674242,-1,86,4.456130183620466,604,53,0.08607709320604606,0.0007574824296300311,0.9820101989941431,,PRUNED
141,0.8520892078954114,2025-09-18 18:28:42.868570,2025-09-18 18:28:44.009504,0 days 00:00:01.140934,balanced,0.7126053460646466,0.1287335300086331,-1,65,0.22320683346042988,467,183,0.010592508135519913,0.004068635547798909,0.9913155331980843,,PRUNED
142,0.7928335683158164,2025-09-18 18:28:44.031073,2025-09-18 18:28:44.226974,0 days 00:00:00.195901,balanced,0.7305762302702349,0.11179266138252736,-1,75,0.06741106360469958,508,204,0.032159210050175184,0.005542486593718263,0.9832575361636358,,PRUNED
143,0.8254854524480902,2025-09-18 18:28:44.247588,2025-09-18 18:28:44.577803,0 days 00:00:00.330215,balanced,0.6666918099030171,0.0852710938692822,-1,69,0.23886726899009686,563,221,0.014801509706568088,0.002333398984454144,0.9512983999622167,,PRUNED
144,0.8267912073827224,2025-09-18 18:28:44.598666,2025-09-18 18:28:44.919076,0 days 00:00:00.320410,balanced,0.6954674021677689,0.07014891733489836,-1,57,0.007589804075703174,448,22,0.045108728251053457,0.019674723538876806,0.9929075611609633,,PRUNED
145,0.8119552678800308,2025-09-18 18:28:44.939585,2025-09-18 18:28:45.168226,0 days 00:00:00.228641,balanced,0.6831692942046993,0.0979132015964764,12,92,0.4167565983261914,966,120,0.02250692700350073,0.003586865238825788,0.6633975113166178,,PRUNED
146,0.8026227249423225,2025-09-18 18:28:45.188824,2025-09-18 18:28:45.408765,0 days 00:00:00.219941,balanced,0.6075337270564221,0.052061221797846925,6,62,3.4079773551816124,1485,32,0.0047370531559714855,0.011882768893613276,0.9754188750257133,,PRUNED
147,0.8817835170469112,2025-09-18 18:28:45.429392,2025-09-18 18:28:50.958926,0 days 00:00:05.529534,balanced,0.6477520033749954,0.12017061366995582,14,79,0.17712795965645317,2941,20,0.008016571770291202,0.0017901930317873753,0.8736371641923792,90.6,COMPLETE
148,0.8769578313253013,2025-09-18 18:28:50.986051,2025-09-18 18:28:55.678803,0 days 00:00:04.692752,balanced,0.6321331848955674,0.1546680900993267,14,79,0.15518779910644923,2912,21,0.00035664786826855165,0.0002057468709754887,0.8779158863300144,79.4,COMPLETE
149,0.8032555754934633,2025-09-18 18:28:55.706193,2025-09-18 18:28:55.958792,0 days 00:00:00.252599,balanced,0.6558354469170047,0.0018278554742706188,14,83,0.4928742312479784,2992,16,0.0024963772813747067,0.0017187966668689534,0.8872832039548105,,PRUNED
150,0.807549346321456,2025-09-18 18:28:55.979151,2025-09-18 18:28:56.214761,0 days 00:00:00.235610,balanced,0.6487496872253375,0.07881695483651524,14,73,0.6835429345589024,2797,27,0.001635844706517879,0.0010397123857227794,0.9071530655364816,,PRUNED
151,0.8614778261984106,2025-09-18 18:28:56.235191,2025-09-18 18:28:57.964497,0 days 00:00:01.729306,balanced,0.6732236410767994,0.1253750306586649,14,68,0.2730903141141187,1632,254,0.009025239649982596,0.006407237498737758,0.9580746041035483,,PRUNED
152,0.7996427198154319,2025-09-18 18:28:57.985683,2025-09-18 18:28:58.181086,0 days 00:00:00.195403,balanced,0.6641368595676421,0.0053927651505599914,12,75,0.14915717629193548,2948,38,5.58335410362366e-07,0.0033405416213683537,0.8675516995934163,,PRUNED
153,0.8506152268649064,2025-09-18 18:28:58.201090,2025-09-18 18:28:58.978515,0 days 00:00:00.777425,balanced,0.7642308328449974,0.11826906794902965,-1,65,0.3626675331263842,2859,46,0.06421542144606314,0.0016121962690846864,0.9999147917839033,,PRUNED
154,0.8249567418610613,2025-09-18 18:28:58.999311,2025-09-18 18:28:59.298873,0 days 00:00:00.299562,balanced,0.6159247537906719,0.09152238049153101,14,70,0.012094824677892524,1360,31,0.00602896160256115,0.0026376342898478513,0.6104580458890045,,PRUNED
155,0.8473147910792105,2025-09-18 18:28:59.319711,2025-09-18 18:28:59.956953,0 days 00:00:00.637242,balanced,0.6430708720031604,0.10855440767769449,-1,79,0.2761900292385412,2693,20,0.0001551128854536721,0.005208263734672189,0.851041879162279,,PRUNED
156,0.8261022814662907,2025-09-18 18:28:59.978998,2025-09-18 18:29:00.315440,0 days 00:00:00.336442,balanced,0.6935612136666477,0.06213614217571921,12,99,0.20636780808053595,2936,133,0.0035547710911470586,0.0005803299764577246,0.9667402360899587,,PRUNED
157,0.8551653422199436,2025-09-18 18:29:00.337171,2025-09-18 18:29:01.508463,0 days 00:00:01.171292,balanced,0.6812875335096255,0.178184687852262,14,48,0.5471407610478592,2881,81,0.014901105664508451,0.010417664712925009,0.9839004273144165,,PRUNED
158,0.8176669443732376,2025-09-18 18:29:01.529299,2025-09-18 18:29:01.810449,0 days 00:00:00.281150,balanced,0.7094343924699333,0.10043864658280446,10,88,0.10203046609808927,2356,24,0.039065281545018635,0.0009264558899575448,0.8938374968349877,,PRUNED
159,0.8604043834914125,2025-09-18 18:29:01.831100,2025-09-18 18:29:03.493218,0 days 00:00:01.662118,,0.6594494085528385,0.07317513357882165,8,56,0.450970053428167,2995,69,0.022434654349508455,0.007632299084460155,0.9443853884856682,,PRUNED
160,0.8289861573955396,2025-09-18 18:29:03.513956,2025-09-18 18:29:03.851857,0 days 00:00:00.337901,balanced,0.737949416834411,0.13936858997897858,-1,61,0.33391883644198483,2740,42,0.12057612959362975,0.004324563774231186,0.8742504894633742,,PRUNED
161,0.8595552422455781,2025-09-18 18:29:03.873578,2025-09-18 18:29:05.468422,0 days 00:00:01.594844,balanced,0.6343066889678924,0.12644768189376313,12,77,0.28291786900974625,1458,27,0.0005452729440849352,0.002035538832232836,0.9368138579493858,,PRUNED
162,0.8289621250961292,2025-09-18 18:29:05.488982,2025-09-18 18:29:05.809439,0 days 00:00:00.320457,balanced,0.6255288413043723,0.08991315733340667,12,74,0.1953515262480221,1315,144,0.0006855826747324924,0.00021060209143875766,0.9732392417189062,,PRUNED
163,0.8790438349141245,2025-09-18 18:29:05.830236,2025-09-18 18:29:13.199725,0 days 00:00:07.369489,balanced,0.6390222619742812,0.11577655035427147,12,71,0.09488804892393303,1542,31,0.00029333064181448807,7.13831491654138e-05,0.9526412547304892,78.4,COMPLETE
164,0.8159686618815688,2025-09-18 18:29:13.226587,2025-09-18 18:29:13.473556,0 days 00:00:00.246969,balanced,0.6481751126406293,0.111808384528258,12,66,0.06120768392082833,1635,36,0.0001206502138661991,8.553015089201238e-05,0.9620702339127623,,PRUNED
165,0.8207991540630607,2025-09-18 18:29:13.494345,2025-09-18 18:29:13.763831,0 days 00:00:00.269486,balanced,0.6721103338498714,0.07997452632353597,12,69,0.11800535865736904,1766,49,0.0010580994268873196,0.0013517595144445,0.9506704154912802,,PRUNED
166,0.828008843886183,2025-09-18 18:29:13.784695,2025-09-18 18:29:14.120153,0 days 00:00:00.335458,balanced,0.6993875030049107,0.09647637607008408,12,84,0.018892202321085086,1582,15,0.00022811820565146672,2.804948956542989e-05,0.9134298782272495,,PRUNED
167,0.8389996154832094,2025-09-18 18:29:14.141136,2025-09-18 18:29:14.581768,0 days 00:00:00.440632,balanced,0.6416865346642324,0.08408330442556516,14,63,0.41430717332331624,2907,32,6.457741832945338e-05,0.016662995937991996,0.823401942971115,,PRUNED
168,0.8133651627787747,2025-09-18 18:29:14.605502,2025-09-18 18:29:14.877031,0 days 00:00:00.271529,balanced,0.7534858114483501,0.06829017592024161,-1,80,2.9102434847171037,2823,56,0.0003643117037040834,0.0001447804987031555,0.9883077501079478,,PRUNED
169,0.8805658805434504,2025-09-18 18:29:14.898605,2025-09-18 18:29:22.210528,0 days 00:00:07.311923,balanced,0.6192510827755161,0.10633638265812369,16,71,0.18129107792973567,1708,40,0.0644641964459475,6.108236096719507e-05,0.9239239062834552,81.0,COMPLETE
170,0.8438701614970521,2025-09-18 18:29:22.238057,2025-09-18 18:29:22.746411,0 days 00:00:00.508354,balanced,0.6145876300814235,0.10200304378692869,16,72,0.17702966409222992,1087,40,0.22964827534781412,6.62457524582912e-05,0.9211597920209723,,PRUNED
