number,value,datetime_start,datetime_complete,duration,params_class_weight,params_colsample_bytree,params_learning_rate,params_max_depth,params_min_child_samples,params_min_split_gain,params_n_estimators,params_num_leaves,params_reg_alpha,params_reg_lambda,params_subsample,user_attrs_mean_best_iteration,state
170,0.9064865856036425,2025-09-18 18:33:14.923035,2025-09-18 18:33:20.647673,0 days 00:00:05.724638,balanced,0.6619674861582705,0.1367670063417473,14,54,0.3038838412784386,2772,191,4.460526966654859e-05,0.5238980699675674,0.7774924115984775,53.4,COMPLETE
171,0.9097270872049981,2025-09-18 18:33:20.673567,2025-09-18 18:33:24.766542,0 days 00:00:04.092975,balanced,0.6762030138668795,0.11087596039685267,14,47,0.3793336981387838,2681,189,0.0006155512167579515,2.6259105387706523,0.7755705221136527,69.8,COMPLETE
172,0.9083415943833387,2025-09-18 18:33:24.793232,2025-09-18 18:33:32.606854,0 days 00:00:07.813622,balanced,0.6816644837216048,0.11826809430684042,14,47,0.10155020240139918,2833,255,0.0010665071542840419,2.304718295864267,0.782968618038325,74.8,COMPLETE
173,0.8963529794855096,2025-09-18 18:33:32.634385,2025-09-18 18:33:33.051494,0 days 00:00:00.417109,balanced,0.674228521536477,0.15110396522391087,14,59,0.19070387671500438,2728,237,0.00052541696982186,4.936718248755744,0.7707665355888349,,PRUNED
174,0.8951644415499838,2025-09-18 18:33:33.073175,2025-09-18 18:33:33.470759,0 days 00:00:00.397584,balanced,0.6927688180285828,0.09853926851168239,14,52,0.5057317636838192,2702,230,0.0007513331608085284,0.9758127078769224,0.7538487788545013,,PRUNED
175,0.8918267665255617,2025-09-18 18:33:33.491904,2025-09-18 18:33:33.829925,0 days 00:00:00.338021,balanced,0.667535394309807,0.12665170873343679,14,56,0.2850220826638795,2912,196,0.00023700102749441536,1.8844440979174097,0.7926827947171113,,PRUNED
176,0.8584255942689678,2025-09-18 18:33:33.850746,2025-09-18 18:33:34.052656,0 days 00:00:00.201910,balanced,0.6535635949967924,0.08674143143951243,14,61,0.08616427436517206,571,220,0.00038129490696734347,3.5807070128455294,0.7781479445121935,,PRUNED
177,0.8667942038423966,2025-09-18 18:33:34.073082,2025-09-18 18:33:34.299610,0 days 00:00:00.226528,balanced,0.6401950990114987,0.16977476601251398,4,34,0.3829216760804748,2592,180,0.00012448112894847087,0.6571754091476235,0.7396556494678836,,PRUNED
178,0.9090687862801715,2025-09-18 18:33:34.320295,2025-09-18 18:33:41.750217,0 days 00:00:07.429922,balanced,0.7085455506535232,0.11417524515114046,8,49,0.16785815525581566,2766,204,7.350562363228616e-05,1.4825456338556973,0.808830128855864,70.4,COMPLETE
179,0.9086803119784944,2025-09-18 18:33:41.776793,2025-09-18 18:33:50.191297,0 days 00:00:08.414504,balanced,0.6842571506779002,0.073529097660645,14,29,0.006693892021719647,2866,191,0.0012586751275334477,7.72363148588129e-08,0.7975967649696916,70.0,COMPLETE
180,0.8594268967762944,2025-09-18 18:33:50.217714,2025-09-18 18:33:50.423293,0 days 00:00:00.205579,balanced,0.659832174513064,0.09595366136459742,14,39,0.2752693995933111,1059,184,2.0538914287923083e-05,6.990219619947463,0.7608616766656016,,PRUNED
181,0.9102353571247722,2025-09-18 18:33:50.444503,2025-09-18 18:33:59.322993,0 days 00:00:08.878490,balanced,0.6987780907272592,0.10920633974450598,8,48,0.1647680017615023,2777,204,8.464768491256407e-05,2.5062074716491605,0.8057798427638656,93.6,COMPLETE
182,0.9080903572515513,2025-09-18 18:33:59.350423,2025-09-18 18:34:03.252467,0 days 00:00:03.902044,balanced,0.7012550030730109,0.13452566126378532,14,43,0.15633577082705225,2813,201,0.0001617054639139566,2.6918906825988205,0.788063298430904,58.8,COMPLETE
183,0.8734939759036144,2025-09-18 18:34:03.279866,2025-09-18 18:34:03.514772,0 days 00:00:00.234906,balanced,0.6777438728584586,0.10564734230276424,8,54,0.07886823066982157,2693,242,8.207904319163787e-05,4.24083846170535,0.8189812401574381,,PRUNED
184,0.8640182351025725,2025-09-18 18:34:03.535938,2025-09-18 18:34:03.745722,0 days 00:00:00.209784,balanced,0.6915718756198632,0.0894495227945281,8,46,0.25534575674426363,2929,250,0.00024021709243257725,2.217369166560394,0.7690734708415135,,PRUNED
185,0.9047053077173559,2025-09-18 18:34:03.767070,2025-09-18 18:34:05.483994,0 days 00:00:01.716924,balanced,0.7151009665565741,0.1049472315726667,8,51,0.48258080541902343,2770,212,0.0004084518475090103,0.9524729599262738,0.7822295984884549,,PRUNED
186,0.8870074894171279,2025-09-18 18:34:05.504655,2025-09-18 18:34:05.825868,0 days 00:00:00.321213,balanced,0.668086974987303,0.11963415513825666,14,67,0.3541234111924091,2640,196,5.482807375226374e-05,1.3836864136676275,0.8007787484869793,,PRUNED
187,0.8620888961250407,2025-09-18 18:34:05.848456,2025-09-18 18:34:06.053337,0 days 00:00:00.204881,balanced,0.6509258488667558,0.08301690457159988,14,58,0.197917250996553,2988,226,0.0007937102707804359,2.9667288343750897,0.7739185610355545,,PRUNED
188,0.9025236079452947,2025-09-18 18:34:06.073986,2025-09-18 18:34:06.788223,0 days 00:00:00.714237,balanced,0.6873441362361359,0.10906548481535183,14,64,0.07807354995442886,2849,188,0.00010282994562522236,5.311782560222012,0.7940960540245875,,PRUNED
189,0.8601758384890915,2025-09-18 18:34:06.809725,2025-09-18 18:34:07.012053,0 days 00:00:00.202328,balanced,0.6746605258802286,0.09504152632338592,14,49,0.5975863704934167,2902,176,0.000175363299481935,0.3222795478464064,0.8090087879895953,,PRUNED
190,0.9046034361199398,2025-09-18 18:34:07.032580,2025-09-18 18:34:11.074844,0 days 00:00:04.042264,balanced,0.870738247562153,0.143409268247586,14,56,2.3421518696052526,2715,234,0.0005640503775879576,2.1233733044645664,0.7857668700934813,34.4,COMPLETE
191,0.9097391892299151,2025-09-18 18:34:11.101362,2025-09-18 18:34:18.943846,0 days 00:00:07.842484,balanced,0.7067744253418573,0.1180413076119681,8,49,0.18620351406257563,2764,204,2.829066479317249e-05,1.4387521211977752,0.8101692793721407,71.8,COMPLETE
192,0.8995766851188538,2025-09-18 18:34:18.970395,2025-09-18 18:34:19.515354,0 days 00:00:00.544959,balanced,0.6951587709136834,0.12593294138797267,8,45,0.1540437169828897,2773,216,2.7097749224794718e-05,1.1319339957047603,0.8148223704608446,,PRUNED
193,0.9086541117281797,2025-09-18 18:34:19.536429,2025-09-18 18:34:28.464311,0 days 00:00:08.927882,balanced,0.7045004876539963,0.10979301488477748,8,52,0.012103921193515105,2833,203,4.1453061257029076e-05,3.4334426870303996,0.7775408173380083,95.6,COMPLETE
194,0.856227613155324,2025-09-18 18:34:28.491250,2025-09-18 18:34:28.682435,0 days 00:00:00.191185,balanced,0.6617965830169679,0.09557517008615476,8,60,0.3023376235500431,2739,195,0.00031724348088241715,0.6890306330673313,0.7667420787957737,,PRUNED
195,0.9021537861806841,2025-09-18 18:34:28.703072,2025-09-18 18:34:32.226117,0 days 00:00:03.523045,balanced,0.6783719448678724,0.1578767530921688,8,55,0.21759674333013512,2886,207,0.00010336308436659432,1.9230521992699638,0.7915102431232098,,PRUNED
196,0.7832953435363074,2025-09-18 18:34:32.250836,2025-09-18 18:34:32.451551,0 days 00:00:00.200715,balanced,0.6696846794403578,0.07750440540192,14,186,0.1013071731344834,2666,190,6.344481006129397e-05,6.445274819951647,0.803327791377751,,PRUNED
197,0.90677518112338,2025-09-18 18:34:32.472682,2025-09-18 18:34:35.623952,0 days 00:00:03.151270,balanced,0.7221597222142679,0.12817715957365894,14,40,0.40571258845840424,2799,212,0.00019089501717492878,1.3640923023701594,0.8268606362480009,48.8,COMPLETE
198,0.861502767828069,2025-09-18 18:34:35.650456,2025-09-18 18:34:35.869697,0 days 00:00:00.219241,balanced,0.6844718347949924,0.06678123509427002,14,48,0.2082653590071658,2952,131,0.0003047536542610169,3.0471142165969827,0.7498447344359802,,PRUNED
199,0.8901986323673071,2025-09-18 18:34:35.891165,2025-09-18 18:34:36.250858,0 days 00:00:00.359693,balanced,0.6293449095475031,0.08833690578669197,14,62,0.01153274948164483,1609,183,0.0005024141574519603,0.4247124635437,0.7752561118640996,,PRUNED
